#
# There is insufficient memory for the Java Runtime Environment to continue.
# Native memory allocation (malloc) failed to allocate 1422624 bytes. Error detail: Chunk::new
# Possible reasons:
#   The system is out of physical RAM or swap space
#   This process is running with CompressedOops enabled, and the Java Heap may be blocking the growth of the native heap
# Possible solutions:
#   Reduce memory load on the system
#   Increase physical memory or swap space
#   Check if swap backing store is full
#   Decrease Java heap size (-Xmx/-Xms)
#   Decrease number of Java threads
#   Decrease Java thread stack sizes (-Xss)
#   Set larger code cache with -XX:ReservedCodeCacheSize=
#   JVM is running with Zero Based Compressed Oops mode in which the Java heap is
#     placed in the first 32GB address space. The Java Heap base address is the
#     maximum limit for the native heap growth. Please use -XX:HeapBaseMinAddress
#     to set the Java Heap base and to place the Java Heap above 32GB virtual address.
# This output file may be truncated or incomplete.
#
#  Out of Memory Error (arena.cpp:168), pid=25952, tid=5548
#
# JRE version: OpenJDK Runtime Environment (21.0.8) (build 21.0.8+-14196175-b1038.72)
# Java VM: OpenJDK 64-Bit Server VM (21.0.8+-14196175-b1038.72, mixed mode, tiered, compressed oops, compressed class ptrs, g1 gc, windows-amd64)
# No core dump will be written. Minidumps are not enabled by default on client versions of Windows
#

---------------  S U M M A R Y ------------

Command Line: org.jetbrains.kotlin.cli.jvm.K2JVMCompiler @C:\Users\Abhinandan\AppData\Local\Pub\Cache\hosted\pub.dev\video_player_android-2.9.1\android\build\20260206_13996602040096132379.compiler.options

Host: Intel(R) Core(TM) i5-10400 CPU @ 2.90GHz, 12 cores, 15G,  Windows 10 , 64 bit Build 19041 (10.0.19041.5915)
Time: Fri Feb  6 19:08:20 2026 India Standard Time elapsed time: 8.450074 seconds (0d 0h 0m 8s)

---------------  T H R E A D  ---------------

Current thread (0x000001b5959f19b0):  JavaThread "C2 CompilerThread1" daemon [_thread_in_native, id=5548, stack(0x000000aa96400000,0x000000aa96500000) (1024K)]


Current CompileTask:
C2:8450 3429   !   4       org.jetbrains.kotlin.metadata.ProtoBuf$Function::<init> (1811 bytes)

Stack: [0x000000aa96400000,0x000000aa96500000]
Native frames: (J=compiled Java code, j=interpreted, Vv=VM code, C=native code)
V  [jvm.dll+0x6d68d9]
V  [jvm.dll+0x866693]
V  [jvm.dll+0x868c4e]
V  [jvm.dll+0x869333]
V  [jvm.dll+0x280566]
V  [jvm.dll+0xc07cd]
V  [jvm.dll+0xc0d03]
V  [jvm.dll+0x3b961b]
V  [jvm.dll+0x1dfd12]
V  [jvm.dll+0x2493a4]
V  [jvm.dll+0x248821]
V  [jvm.dll+0x1c73a4]
V  [jvm.dll+0x257f9e]
V  [jvm.dll+0x2564e6]
V  [jvm.dll+0x3f4696]
V  [jvm.dll+0x80eac8]
V  [jvm.dll+0x6d512d]
C  [ucrtbase.dll+0x21bb2]
C  [KERNEL32.DLL+0x17374]
C  [ntdll.dll+0x4cc91]


---------------  P R O C E S S  ---------------

Threads class SMR info:
_java_thread_list=0x000001b597278030, length=12, elements={
0x000001b5f31e5470, 0x000001b58f9f0110, 0x000001b58fa07780, 0x000001b58fa081e0,
0x000001b58fa1b600, 0x000001b58fa1c060, 0x000001b58fa1cac0, 0x000001b58fa25940,
0x000001b58fa296f0, 0x000001b58fa2a190, 0x000001b58fbc4460, 0x000001b5959f19b0
}

Java Threads: ( => current thread )
  0x000001b5f31e5470 JavaThread "main"                              [_thread_in_native, id=12664, stack(0x000000aa94800000,0x000000aa94900000) (1024K)]
  0x000001b58f9f0110 JavaThread "Common-Cleaner"             daemon [_thread_blocked, id=24108, stack(0x000000aa95000000,0x000000aa95100000) (1024K)]
  0x000001b58fa07780 JavaThread "Reference Handler"          daemon [_thread_blocked, id=20824, stack(0x000000aa95100000,0x000000aa95200000) (1024K)]
  0x000001b58fa081e0 JavaThread "Finalizer"                  daemon [_thread_blocked, id=26256, stack(0x000000aa95200000,0x000000aa95300000) (1024K)]
  0x000001b58fa1b600 JavaThread "Signal Dispatcher"          daemon [_thread_blocked, id=11360, stack(0x000000aa95300000,0x000000aa95400000) (1024K)]
  0x000001b58fa1c060 JavaThread "Attach Listener"            daemon [_thread_blocked, id=11916, stack(0x000000aa95400000,0x000000aa95500000) (1024K)]
  0x000001b58fa1cac0 JavaThread "Service Thread"             daemon [_thread_blocked, id=17152, stack(0x000000aa95500000,0x000000aa95600000) (1024K)]
  0x000001b58fa25940 JavaThread "Monitor Deflation Thread"   daemon [_thread_blocked, id=4480, stack(0x000000aa95600000,0x000000aa95700000) (1024K)]
  0x000001b58fa296f0 JavaThread "C2 CompilerThread0"         daemon [_thread_in_native, id=18480, stack(0x000000aa95700000,0x000000aa95800000) (1024K)]
  0x000001b58fa2a190 JavaThread "C1 CompilerThread0"         daemon [_thread_blocked, id=18352, stack(0x000000aa95800000,0x000000aa95900000) (1024K)]
  0x000001b58fbc4460 JavaThread "Notification Thread"        daemon [_thread_blocked, id=7412, stack(0x000000aa95900000,0x000000aa95a00000) (1024K)]
=>0x000001b5959f19b0 JavaThread "C2 CompilerThread1"         daemon [_thread_in_native, id=5548, stack(0x000000aa96400000,0x000000aa96500000) (1024K)]
Total: 12

Other Threads:
  0x000001b5f31ce450 VMThread "VM Thread"                           [id=3420, stack(0x000000aa94f00000,0x000000aa95000000) (1024K)]
  0x000001b58f7dab10 WatcherThread "VM Periodic Task Thread"        [id=13936, stack(0x000000aa94e00000,0x000000aa94f00000) (1024K)]
  0x000001b5f31ceb90 WorkerThread "GC Thread#0"                     [id=7844, stack(0x000000aa94900000,0x000000aa94a00000) (1024K)]
  0x000001b5f31ce7f0 WorkerThread "GC Thread#1"                     [id=21452, stack(0x000000aa95a00000,0x000000aa95b00000) (1024K)]
  0x000001b5944f85b0 WorkerThread "GC Thread#2"                     [id=19744, stack(0x000000aa95b00000,0x000000aa95c00000) (1024K)]
  0x000001b5944fa2b0 WorkerThread "GC Thread#3"                     [id=19548, stack(0x000000aa95c00000,0x000000aa95d00000) (1024K)]
  0x000001b5944f9430 WorkerThread "GC Thread#4"                     [id=25968, stack(0x000000aa95d00000,0x000000aa95e00000) (1024K)]
  0x000001b5944fa650 WorkerThread "GC Thread#5"                     [id=19204, stack(0x000000aa95e00000,0x000000aa95f00000) (1024K)]
  0x000001b5944f7ad0 WorkerThread "GC Thread#6"                     [id=8040, stack(0x000000aa95f00000,0x000000aa96000000) (1024K)]
  0x000001b5944f9090 WorkerThread "GC Thread#7"                     [id=25136, stack(0x000000aa96000000,0x000000aa96100000) (1024K)]
  0x000001b5944f7e70 WorkerThread "GC Thread#8"                     [id=17800, stack(0x000000aa96100000,0x000000aa96200000) (1024K)]
  0x000001b594ee6060 WorkerThread "GC Thread#9"                     [id=18452, stack(0x000000aa96500000,0x000000aa96600000) (1024K)]
  0x000001b5f55da0b0 ConcurrentGCThread "G1 Main Marker"            [id=23668, stack(0x000000aa94a00000,0x000000aa94b00000) (1024K)]
  0x000001b5f31cd970 WorkerThread "G1 Conc#0"                       [id=24760, stack(0x000000aa94b00000,0x000000aa94c00000) (1024K)]
  0x000001b5944f97d0 WorkerThread "G1 Conc#1"                       [id=8844, stack(0x000000aa96200000,0x000000aa96300000) (1024K)]
  0x000001b5944f9b70 WorkerThread "G1 Conc#2"                       [id=25384, stack(0x000000aa96300000,0x000000aa96400000) (1024K)]
  0x000001b58f6ac940 ConcurrentGCThread "G1 Refine#0"               [id=25732, stack(0x000000aa94c00000,0x000000aa94d00000) (1024K)]
  0x000001b58f6ad2c0 ConcurrentGCThread "G1 Service"                [id=18804, stack(0x000000aa94d00000,0x000000aa94e00000) (1024K)]
Total: 18

Threads with active compile tasks:
C2 CompilerThread0  8535 3729       4       sun.nio.fs.WindowsPath::elementAsString (62 bytes)
C2 CompilerThread1  8535 3429   !   4       org.jetbrains.kotlin.metadata.ProtoBuf$Function::<init> (1811 bytes)
Total: 2

VM state: not at safepoint (normal execution)

VM Mutex/Monitor currently owned by a thread: None

Heap address: 0x0000000702a00000, size: 4054 MB, Compressed Oops mode: Zero based, Oop shift amount: 3

CDS archive(s) not mapped
Compressed class space mapped at: 0x0000000800000000-0x0000000840000000, reserved size: 1073741824
Narrow klass base: 0x0000000800000000, Narrow klass shift: 0, Narrow klass range: 0x40000000

GC Precious Log:
 CardTable entry size: 512
 Card Set container configuration: InlinePtr #cards 4 size 8 Array Of Cards #cards 16 size 48 Howl #buckets 8 coarsen threshold 3686 Howl Bitmap #cards 512 size 80 coarsen threshold 460 Card regions per heap region 1 cards per card region 4096
 CPUs: 12 total, 12 available
 Memory: 16213M
 Large Page Support: Disabled
 NUMA Support: Disabled
 Compressed Oops: Enabled (Zero based)
 Heap Region Size: 2M
 Heap Min Capacity: 8M
 Heap Initial Capacity: 254M
 Heap Max Capacity: 4054M
 Pre-touch: Disabled
 Parallel Workers: 10
 Concurrent Workers: 3
 Concurrent Refinement Workers: 10
 Periodic GC: Disabled

Heap:
 garbage-first heap   total 151552K, used 49648K [0x0000000702a00000, 0x0000000800000000)
  region size 2048K, 15 young (30720K), 6 survivors (12288K)
 Metaspace       used 55881K, committed 56128K, reserved 1114112K
  class space    used 6641K, committed 6784K, reserved 1048576K

Heap Regions: E=young(eden), S=young(survivor), O=old, HS=humongous(starts), HC=humongous(continues), CS=collection set, F=free, TAMS=top-at-mark-start, PB=parsable bottom
|   0|0x0000000702a00000, 0x0000000702c00000, 0x0000000702c00000|100%|HS|  |TAMS 0x0000000702a00000| PB 0x0000000702a00000| Complete 
|   1|0x0000000702c00000, 0x0000000702e00000, 0x0000000702e00000|100%|HC|  |TAMS 0x0000000702c00000| PB 0x0000000702c00000| Complete 
|   2|0x0000000702e00000, 0x0000000703000000, 0x0000000703000000|100%| O|  |TAMS 0x0000000702e00000| PB 0x0000000702e00000| Untracked 
|   3|0x0000000703000000, 0x0000000703200000, 0x0000000703200000|100%| O|  |TAMS 0x0000000703000000| PB 0x0000000703000000| Untracked 
|   4|0x0000000703200000, 0x0000000703400000, 0x0000000703400000|100%| O|  |TAMS 0x0000000703200000| PB 0x0000000703200000| Untracked 
|   5|0x0000000703400000, 0x0000000703600000, 0x0000000703600000|100%| O|  |TAMS 0x0000000703400000| PB 0x0000000703400000| Untracked 
|   6|0x0000000703600000, 0x0000000703800000, 0x0000000703800000|100%| O|  |TAMS 0x0000000703600000| PB 0x0000000703600000| Untracked 
|   7|0x0000000703800000, 0x0000000703a00000, 0x0000000703a00000|100%| O|  |TAMS 0x0000000703800000| PB 0x0000000703800000| Untracked 
|   8|0x0000000703a00000, 0x0000000703c00000, 0x0000000703c00000|100%| O|  |TAMS 0x0000000703a00000| PB 0x0000000703a00000| Untracked 
|   9|0x0000000703c00000, 0x0000000703c00000, 0x0000000703e00000|  0%| F|  |TAMS 0x0000000703c00000| PB 0x0000000703c00000| Untracked 
|  10|0x0000000703e00000, 0x0000000704000000, 0x0000000704000000|100%| O|  |TAMS 0x0000000703e00000| PB 0x0000000703e00000| Untracked 
|  11|0x0000000704000000, 0x000000070407c290, 0x0000000704200000| 24%| O|  |TAMS 0x0000000704000000| PB 0x0000000704000000| Untracked 
|  12|0x0000000704200000, 0x0000000704200000, 0x0000000704400000|  0%| F|  |TAMS 0x0000000704200000| PB 0x0000000704200000| Untracked 
|  13|0x0000000704400000, 0x0000000704400000, 0x0000000704600000|  0%| F|  |TAMS 0x0000000704400000| PB 0x0000000704400000| Untracked 
|  14|0x0000000704600000, 0x0000000704600000, 0x0000000704800000|  0%| F|  |TAMS 0x0000000704600000| PB 0x0000000704600000| Untracked 
|  15|0x0000000704800000, 0x0000000704800000, 0x0000000704a00000|  0%| F|  |TAMS 0x0000000704800000| PB 0x0000000704800000| Untracked 
|  16|0x0000000704a00000, 0x0000000704a00000, 0x0000000704c00000|  0%| F|  |TAMS 0x0000000704a00000| PB 0x0000000704a00000| Untracked 
|  17|0x0000000704c00000, 0x0000000704c00000, 0x0000000704e00000|  0%| F|  |TAMS 0x0000000704c00000| PB 0x0000000704c00000| Untracked 
|  18|0x0000000704e00000, 0x0000000704e00000, 0x0000000705000000|  0%| F|  |TAMS 0x0000000704e00000| PB 0x0000000704e00000| Untracked 
|  19|0x0000000705000000, 0x0000000705000000, 0x0000000705200000|  0%| F|  |TAMS 0x0000000705000000| PB 0x0000000705000000| Untracked 
|  20|0x0000000705200000, 0x0000000705200000, 0x0000000705400000|  0%| F|  |TAMS 0x0000000705200000| PB 0x0000000705200000| Untracked 
|  21|0x0000000705400000, 0x0000000705400000, 0x0000000705600000|  0%| F|  |TAMS 0x0000000705400000| PB 0x0000000705400000| Untracked 
|  22|0x0000000705600000, 0x0000000705600000, 0x0000000705800000|  0%| F|  |TAMS 0x0000000705600000| PB 0x0000000705600000| Untracked 
|  23|0x0000000705800000, 0x0000000705800000, 0x0000000705a00000|  0%| F|  |TAMS 0x0000000705800000| PB 0x0000000705800000| Untracked 
|  24|0x0000000705a00000, 0x0000000705a00000, 0x0000000705c00000|  0%| F|  |TAMS 0x0000000705a00000| PB 0x0000000705a00000| Untracked 
|  25|0x0000000705c00000, 0x0000000705e00000, 0x0000000705e00000|100%| S|CS|TAMS 0x0000000705c00000| PB 0x0000000705c00000| Complete 
|  26|0x0000000705e00000, 0x0000000706000000, 0x0000000706000000|100%| S|CS|TAMS 0x0000000705e00000| PB 0x0000000705e00000| Complete 
|  27|0x0000000706000000, 0x0000000706200000, 0x0000000706200000|100%| S|CS|TAMS 0x0000000706000000| PB 0x0000000706000000| Complete 
|  28|0x0000000706200000, 0x0000000706400000, 0x0000000706400000|100%| S|CS|TAMS 0x0000000706200000| PB 0x0000000706200000| Complete 
|  29|0x0000000706400000, 0x0000000706600000, 0x0000000706600000|100%| S|CS|TAMS 0x0000000706400000| PB 0x0000000706400000| Complete 
|  30|0x0000000706600000, 0x0000000706800000, 0x0000000706800000|100%| S|CS|TAMS 0x0000000706600000| PB 0x0000000706600000| Complete 
|  31|0x0000000706800000, 0x0000000706800000, 0x0000000706a00000|  0%| F|  |TAMS 0x0000000706800000| PB 0x0000000706800000| Untracked 
|  32|0x0000000706a00000, 0x0000000706a00000, 0x0000000706c00000|  0%| F|  |TAMS 0x0000000706a00000| PB 0x0000000706a00000| Untracked 
|  33|0x0000000706c00000, 0x0000000706c00000, 0x0000000706e00000|  0%| F|  |TAMS 0x0000000706c00000| PB 0x0000000706c00000| Untracked 
|  34|0x0000000706e00000, 0x0000000706e00000, 0x0000000707000000|  0%| F|  |TAMS 0x0000000706e00000| PB 0x0000000706e00000| Untracked 
|  35|0x0000000707000000, 0x0000000707000000, 0x0000000707200000|  0%| F|  |TAMS 0x0000000707000000| PB 0x0000000707000000| Untracked 
|  36|0x0000000707200000, 0x0000000707200000, 0x0000000707400000|  0%| F|  |TAMS 0x0000000707200000| PB 0x0000000707200000| Untracked 
|  37|0x0000000707400000, 0x0000000707400000, 0x0000000707600000|  0%| F|  |TAMS 0x0000000707400000| PB 0x0000000707400000| Untracked 
|  38|0x0000000707600000, 0x0000000707600000, 0x0000000707800000|  0%| F|  |TAMS 0x0000000707600000| PB 0x0000000707600000| Untracked 
|  39|0x0000000707800000, 0x0000000707800000, 0x0000000707a00000|  0%| F|  |TAMS 0x0000000707800000| PB 0x0000000707800000| Untracked 
|  40|0x0000000707a00000, 0x0000000707a00000, 0x0000000707c00000|  0%| F|  |TAMS 0x0000000707a00000| PB 0x0000000707a00000| Untracked 
|  41|0x0000000707c00000, 0x0000000707c00000, 0x0000000707e00000|  0%| F|  |TAMS 0x0000000707c00000| PB 0x0000000707c00000| Untracked 
|  42|0x0000000707e00000, 0x0000000707e00000, 0x0000000708000000|  0%| F|  |TAMS 0x0000000707e00000| PB 0x0000000707e00000| Untracked 
|  43|0x0000000708000000, 0x0000000708000000, 0x0000000708200000|  0%| F|  |TAMS 0x0000000708000000| PB 0x0000000708000000| Untracked 
|  44|0x0000000708200000, 0x0000000708200000, 0x0000000708400000|  0%| F|  |TAMS 0x0000000708200000| PB 0x0000000708200000| Untracked 
|  45|0x0000000708400000, 0x0000000708400000, 0x0000000708600000|  0%| F|  |TAMS 0x0000000708400000| PB 0x0000000708400000| Untracked 
|  46|0x0000000708600000, 0x0000000708600000, 0x0000000708800000|  0%| F|  |TAMS 0x0000000708600000| PB 0x0000000708600000| Untracked 
|  47|0x0000000708800000, 0x0000000708800000, 0x0000000708a00000|  0%| F|  |TAMS 0x0000000708800000| PB 0x0000000708800000| Untracked 
|  48|0x0000000708a00000, 0x0000000708a00000, 0x0000000708c00000|  0%| F|  |TAMS 0x0000000708a00000| PB 0x0000000708a00000| Untracked 
|  49|0x0000000708c00000, 0x0000000708c00000, 0x0000000708e00000|  0%| F|  |TAMS 0x0000000708c00000| PB 0x0000000708c00000| Untracked 
|  50|0x0000000708e00000, 0x0000000708e00000, 0x0000000709000000|  0%| F|  |TAMS 0x0000000708e00000| PB 0x0000000708e00000| Untracked 
|  51|0x0000000709000000, 0x0000000709000000, 0x0000000709200000|  0%| F|  |TAMS 0x0000000709000000| PB 0x0000000709000000| Untracked 
|  52|0x0000000709200000, 0x0000000709200000, 0x0000000709400000|  0%| F|  |TAMS 0x0000000709200000| PB 0x0000000709200000| Untracked 
|  53|0x0000000709400000, 0x0000000709400000, 0x0000000709600000|  0%| F|  |TAMS 0x0000000709400000| PB 0x0000000709400000| Untracked 
|  54|0x0000000709600000, 0x0000000709600000, 0x0000000709800000|  0%| F|  |TAMS 0x0000000709600000| PB 0x0000000709600000| Untracked 
|  55|0x0000000709800000, 0x0000000709800000, 0x0000000709a00000|  0%| F|  |TAMS 0x0000000709800000| PB 0x0000000709800000| Untracked 
|  56|0x0000000709a00000, 0x0000000709a00000, 0x0000000709c00000|  0%| F|  |TAMS 0x0000000709a00000| PB 0x0000000709a00000| Untracked 
|  57|0x0000000709c00000, 0x0000000709c00000, 0x0000000709e00000|  0%| F|  |TAMS 0x0000000709c00000| PB 0x0000000709c00000| Untracked 
|  58|0x0000000709e00000, 0x0000000709e00000, 0x000000070a000000|  0%| F|  |TAMS 0x0000000709e00000| PB 0x0000000709e00000| Untracked 
|  59|0x000000070a000000, 0x000000070a000000, 0x000000070a200000|  0%| F|  |TAMS 0x000000070a000000| PB 0x000000070a000000| Untracked 
|  60|0x000000070a200000, 0x000000070a200000, 0x000000070a400000|  0%| F|  |TAMS 0x000000070a200000| PB 0x000000070a200000| Untracked 
|  61|0x000000070a400000, 0x000000070a400000, 0x000000070a600000|  0%| F|  |TAMS 0x000000070a400000| PB 0x000000070a400000| Untracked 
|  62|0x000000070a600000, 0x000000070a600000, 0x000000070a800000|  0%| F|  |TAMS 0x000000070a600000| PB 0x000000070a600000| Untracked 
|  63|0x000000070a800000, 0x000000070a800000, 0x000000070aa00000|  0%| F|  |TAMS 0x000000070a800000| PB 0x000000070a800000| Untracked 
|  64|0x000000070aa00000, 0x000000070aa00000, 0x000000070ac00000|  0%| F|  |TAMS 0x000000070aa00000| PB 0x000000070aa00000| Untracked 
|  65|0x000000070ac00000, 0x000000070ae00000, 0x000000070ae00000|100%| E|  |TAMS 0x000000070ac00000| PB 0x000000070ac00000| Complete 
|  66|0x000000070ae00000, 0x000000070b000000, 0x000000070b000000|100%| E|CS|TAMS 0x000000070ae00000| PB 0x000000070ae00000| Complete 
|  67|0x000000070b000000, 0x000000070b200000, 0x000000070b200000|100%| E|CS|TAMS 0x000000070b000000| PB 0x000000070b000000| Complete 
|  68|0x000000070b200000, 0x000000070b400000, 0x000000070b400000|100%| E|CS|TAMS 0x000000070b200000| PB 0x000000070b200000| Complete 
|  69|0x000000070b400000, 0x000000070b600000, 0x000000070b600000|100%| E|CS|TAMS 0x000000070b400000| PB 0x000000070b400000| Complete 
| 107|0x0000000710000000, 0x0000000710200000, 0x0000000710200000|100%| E|CS|TAMS 0x0000000710000000| PB 0x0000000710000000| Complete 
| 108|0x0000000710200000, 0x0000000710400000, 0x0000000710400000|100%| E|CS|TAMS 0x0000000710200000| PB 0x0000000710200000| Complete 
| 109|0x0000000710400000, 0x0000000710600000, 0x0000000710600000|100%| E|CS|TAMS 0x0000000710400000| PB 0x0000000710400000| Complete 
| 126|0x0000000712600000, 0x0000000712800000, 0x0000000712800000|100%| E|CS|TAMS 0x0000000712600000| PB 0x0000000712600000| Complete 

Card table byte_map: [0x000001b5f9410000,0x000001b5f9c00000] _byte_map_base: 0x000001b5f5bfb000

Marking Bits: (CMBitMap*) 0x000001b5f55c9a80
 Bits: [0x000001b5f9c00000, 0x000001b5fdb58000)

Polling page: 0x000001b5f33b0000

Metaspace:

Usage:
  Non-class:     48.09 MB used.
      Class:      6.49 MB used.
       Both:     54.57 MB used.

Virtual space:
  Non-class space:       64.00 MB reserved,      48.19 MB ( 75%) committed,  1 nodes.
      Class space:        1.00 GB reserved,       6.62 MB ( <1%) committed,  1 nodes.
             Both:        1.06 GB reserved,      54.81 MB (  5%) committed. 

Chunk freelists:
   Non-Class:  15.75 MB
       Class:  9.44 MB
        Both:  25.19 MB

MaxMetaspaceSize: unlimited
CompressedClassSpaceSize: 1.00 GB
Initial GC threshold: 21.00 MB
Current GC threshold: 58.88 MB
CDS: off
 - commit_granule_bytes: 65536.
 - commit_granule_words: 8192.
 - virtual_space_node_default_size: 8388608.
 - enlarge_chunks_in_place: 1.
 - use_allocation_guard: 0.


Internal statistics:

num_allocs_failed_limit: 6.
num_arena_births: 234.
num_arena_deaths: 0.
num_vsnodes_births: 2.
num_vsnodes_deaths: 0.
num_space_committed: 877.
num_space_uncommitted: 0.
num_chunks_returned_to_freelist: 6.
num_chunks_taken_from_freelist: 1819.
num_chunk_merges: 6.
num_chunk_splits: 1563.
num_chunks_enlarged: 1433.
num_inconsistent_stats: 0.

CodeHeap 'non-profiled nmethods': size=120000Kb used=2000Kb max_used=2000Kb free=117999Kb
 bounds [0x000001b587ad0000, 0x000001b587d40000, 0x000001b58f000000]
CodeHeap 'profiled nmethods': size=120000Kb used=6975Kb max_used=6975Kb free=113024Kb
 bounds [0x000001b580000000, 0x000001b5806d0000, 0x000001b587530000]
CodeHeap 'non-nmethods': size=5760Kb used=1595Kb max_used=1668Kb free=4165Kb
 bounds [0x000001b587530000, 0x000001b5877a0000, 0x000001b587ad0000]
CodeCache: size=245760Kb, used=10570Kb, max_used=10643Kb, free=235188Kb
 total_blobs=4253, nmethods=3595, adapters=562, full_count=0
Compilation: enabled, stopped_count=0, restarted_count=0

Compilation events (20 events):
Event: 7.920 Thread 0x000001b58fa296f0 3428       4       org.jetbrains.kotlin.protobuf.CodedInputStream::readRawVarint64SlowPath (48 bytes)
Event: 7.922 Thread 0x000001b58fa296f0 nmethod 3428 0x000001b587cb9e90 code [0x000001b587cba020, 0x000001b587cba1d0]
Event: 7.922 Thread 0x000001b58fa296f0 3319       4       org.jetbrains.kotlin.protobuf.CodedInputStream::readRawByte (33 bytes)
Event: 7.924 Thread 0x000001b58fa296f0 nmethod 3319 0x000001b587cba310 code [0x000001b587cba4a0, 0x000001b587cba5d0]
Event: 7.924 Thread 0x000001b58fa296f0 3676       4       java.lang.Boolean::valueOf (14 bytes)
Event: 7.925 Thread 0x000001b58fa296f0 nmethod 3676 0x000001b587cba710 code [0x000001b587cba8a0, 0x000001b587cba920]
Event: 7.925 Thread 0x000001b58fa296f0 3681       4       java.lang.ThreadLocal::set (18 bytes)
Event: 7.938 Thread 0x000001b58fa296f0 nmethod 3681 0x000001b587cbaa10 code [0x000001b587cbac00, 0x000001b587cbb458]
Event: 7.938 Thread 0x000001b58fa296f0 3587       4       java.lang.Character::valueOf (21 bytes)
Event: 7.939 Thread 0x000001b58fa296f0 nmethod 3587 0x000001b587cbb810 code [0x000001b587cbb9a0, 0x000001b587cbba58]
Event: 7.939 Thread 0x000001b58fa296f0 3362       4       org.jetbrains.kotlin.metadata.ProtoBuf$Type$Argument$1::parsePartialFrom (7 bytes)
Event: 7.940 Thread 0x000001b58fa296f0 nmethod 3362 0x000001b587cbbb10 code [0x000001b587cbbca0, 0x000001b587cbbdd8]
Event: 7.940 Thread 0x000001b58fa296f0 3409       4       org.jetbrains.kotlin.metadata.ProtoBuf$Type$Argument$1::parsePartialFrom (11 bytes)
Event: 7.941 Thread 0x000001b58fa296f0 nmethod 3409 0x000001b587cbbf10 code [0x000001b587cbc0a0, 0x000001b587cbc1d8]
Event: 7.941 Thread 0x000001b58fa296f0 3322       4       org.jetbrains.kotlin.protobuf.GeneratedMessageLite$Builder::setUnknownFields (7 bytes)
Event: 7.942 Thread 0x000001b58fa296f0 nmethod 3322 0x000001b587cbc310 code [0x000001b587cbc4a0, 0x000001b587cbc620]
Event: 7.942 Thread 0x000001b58fa296f0 3410       4       org.jetbrains.kotlin.metadata.ProtoBuf$Type$Argument$Projection::valueOf (50 bytes)
Event: 7.942 Thread 0x000001b58fa296f0 nmethod 3410 0x000001b587cbc690 code [0x000001b587cbc820, 0x000001b587cbc8d0]
Event: 7.942 Thread 0x000001b58fa296f0 3370       4       org.jetbrains.org.objectweb.asm.ClassReader::readUtfNonAscii (191 bytes)
Event: 7.955 Thread 0x000001b58fa296f0 nmethod 3370 0x000001b587cbc990 code [0x000001b587cbcb80, 0x000001b587cbd480]

GC Heap History (16 events):
Event: 1.113 GC heap before
{Heap before GC invocations=0 (full 0):
 garbage-first heap   total 260096K, used 24576K [0x0000000702a00000, 0x0000000800000000)
  region size 2048K, 11 young (22528K), 0 survivors (0K)
 Metaspace       used 13635K, committed 13760K, reserved 1114112K
  class space    used 1290K, committed 1344K, reserved 1048576K
}
Event: 1.121 GC heap after
{Heap after GC invocations=1 (full 0):
 garbage-first heap   total 260096K, used 7080K [0x0000000702a00000, 0x0000000800000000)
  region size 2048K, 2 young (4096K), 2 survivors (4096K)
 Metaspace       used 13635K, committed 13760K, reserved 1114112K
  class space    used 1290K, committed 1344K, reserved 1048576K
}
Event: 1.935 GC heap before
{Heap before GC invocations=1 (full 0):
 garbage-first heap   total 260096K, used 33704K [0x0000000702a00000, 0x0000000800000000)
  region size 2048K, 17 young (34816K), 2 survivors (4096K)
 Metaspace       used 21328K, committed 21504K, reserved 1114112K
  class space    used 2336K, committed 2432K, reserved 1048576K
}
Event: 1.941 GC heap after
{Heap after GC invocations=2 (full 0):
 garbage-first heap   total 260096K, used 9918K [0x0000000702a00000, 0x0000000800000000)
  region size 2048K, 3 young (6144K), 3 survivors (6144K)
 Metaspace       used 21328K, committed 21504K, reserved 1114112K
  class space    used 2336K, committed 2432K, reserved 1048576K
}
Event: 2.791 GC heap before
{Heap before GC invocations=3 (full 0):
 garbage-first heap   total 34816K, used 34494K [0x0000000702a00000, 0x0000000800000000)
  region size 2048K, 15 young (30720K), 3 survivors (6144K)
 Metaspace       used 30424K, committed 30592K, reserved 1114112K
  class space    used 3926K, committed 3968K, reserved 1048576K
}
Event: 2.808 GC heap after
{Heap after GC invocations=4 (full 0):
 garbage-first heap   total 43008K, used 11429K [0x0000000702a00000, 0x0000000800000000)
  region size 2048K, 4 young (8192K), 4 survivors (8192K)
 Metaspace       used 30424K, committed 30592K, reserved 1114112K
  class space    used 3926K, committed 3968K, reserved 1048576K
}
Event: 3.201 GC heap before
{Heap before GC invocations=4 (full 0):
 garbage-first heap   total 43008K, used 27813K [0x0000000702a00000, 0x0000000800000000)
  region size 2048K, 12 young (24576K), 4 survivors (8192K)
 Metaspace       used 32108K, committed 32384K, reserved 1114112K
  class space    used 4147K, committed 4288K, reserved 1048576K
}
Event: 3.221 GC heap after
{Heap after GC invocations=5 (full 0):
 garbage-first heap   total 43008K, used 15077K [0x0000000702a00000, 0x0000000800000000)
  region size 2048K, 2 young (4096K), 2 survivors (4096K)
 Metaspace       used 32108K, committed 32384K, reserved 1114112K
  class space    used 4147K, committed 4288K, reserved 1048576K
}
Event: 3.641 GC heap before
{Heap before GC invocations=5 (full 0):
 garbage-first heap   total 43008K, used 29413K [0x0000000702a00000, 0x0000000800000000)
  region size 2048K, 10 young (20480K), 2 survivors (4096K)
 Metaspace       used 35537K, committed 35776K, reserved 1114112K
  class space    used 4534K, committed 4672K, reserved 1048576K
}
Event: 3.656 GC heap after
{Heap after GC invocations=6 (full 0):
 garbage-first heap   total 43008K, used 18956K [0x0000000702a00000, 0x0000000800000000)
  region size 2048K, 2 young (4096K), 2 survivors (4096K)
 Metaspace       used 35537K, committed 35776K, reserved 1114112K
  class space    used 4534K, committed 4672K, reserved 1048576K
}
Event: 3.680 GC heap before
{Heap before GC invocations=6 (full 0):
 garbage-first heap   total 43008K, used 18956K [0x0000000702a00000, 0x0000000800000000)
  region size 2048K, 3 young (6144K), 2 survivors (4096K)
 Metaspace       used 35785K, committed 35968K, reserved 1114112K
  class space    used 4558K, committed 4672K, reserved 1048576K
}
Event: 3.686 GC heap after
{Heap after GC invocations=7 (full 0):
 garbage-first heap   total 43008K, used 19872K [0x0000000702a00000, 0x0000000800000000)
  region size 2048K, 1 young (2048K), 1 survivors (2048K)
 Metaspace       used 35785K, committed 35968K, reserved 1114112K
  class space    used 4558K, committed 4672K, reserved 1048576K
}
Event: 4.070 GC heap before
{Heap before GC invocations=8 (full 0):
 garbage-first heap   total 43008K, used 34208K [0x0000000702a00000, 0x0000000800000000)
  region size 2048K, 8 young (16384K), 1 survivors (2048K)
 Metaspace       used 38697K, committed 38912K, reserved 1114112K
  class space    used 4901K, committed 4992K, reserved 1048576K
}
Event: 4.080 GC heap after
{Heap after GC invocations=9 (full 0):
 garbage-first heap   total 151552K, used 21045K [0x0000000702a00000, 0x0000000800000000)
  region size 2048K, 1 young (2048K), 1 survivors (2048K)
 Metaspace       used 38697K, committed 38912K, reserved 1114112K
  class space    used 4901K, committed 4992K, reserved 1048576K
}
Event: 7.378 GC heap before
{Heap before GC invocations=9 (full 0):
 garbage-first heap   total 151552K, used 107061K [0x0000000702a00000, 0x0000000800000000)
  region size 2048K, 44 young (90112K), 1 survivors (2048K)
 Metaspace       used 55143K, committed 55424K, reserved 1114112K
  class space    used 6590K, committed 6720K, reserved 1048576K
}
Event: 7.416 GC heap after
{Heap after GC invocations=10 (full 0):
 garbage-first heap   total 151552K, used 33264K [0x0000000702a00000, 0x0000000800000000)
  region size 2048K, 6 young (12288K), 6 survivors (12288K)
 Metaspace       used 55143K, committed 55424K, reserved 1114112K
  class space    used 6590K, committed 6720K, reserved 1048576K
}

Dll operation events (3 events):
Event: 0.014 Loaded shared library C:\Program Files\Android\Android Studio\jbr\bin\java.dll
Event: 0.025 Loaded shared library C:\Program Files\Android\Android Studio\jbr\bin\zip.dll
Event: 3.451 Loaded shared library C:\Program Files\Android\Android Studio\jbr\bin\verify.dll

Deoptimization events (20 events):
Event: 6.546 Thread 0x000001b5f31e5470 DEOPT PACKING pc=0x000001b587bc0224 sp=0x000000aa948fc5a0
Event: 6.546 Thread 0x000001b5f31e5470 DEOPT UNPACKING pc=0x000001b5875846a2 sp=0x000000aa948fc478 mode 2
Event: 7.221 Thread 0x000001b5f31e5470 DEOPT PACKING pc=0x000001b5805a2784 sp=0x000000aa948fc090
Event: 7.221 Thread 0x000001b5f31e5470 DEOPT UNPACKING pc=0x000001b587584e42 sp=0x000000aa948fb660 mode 0
Event: 7.417 Thread 0x000001b58f9f0110 Uncommon trap: trap_request=0xffffff45 fr.pc=0x000001b587b35f44 relative=0x00000000000000a4
Event: 7.417 Thread 0x000001b58f9f0110 Uncommon trap: reason=unstable_if action=reinterpret pc=0x000001b587b35f44 method=java.lang.ref.ReferenceQueue.poll()Ljava/lang/ref/Reference; @ 4 c2
Event: 7.417 Thread 0x000001b58f9f0110 DEOPT PACKING pc=0x000001b587b35f44 sp=0x000000aa950ff020
Event: 7.417 Thread 0x000001b58f9f0110 DEOPT UNPACKING pc=0x000001b5875846a2 sp=0x000000aa950fef10 mode 2
Event: 7.417 Thread 0x000001b58f9f0110 Uncommon trap: trap_request=0xffffff45 fr.pc=0x000001b587b29a14 relative=0x0000000000000074
Event: 7.417 Thread 0x000001b58f9f0110 Uncommon trap: reason=unstable_if action=reinterpret pc=0x000001b587b29a14 method=java.lang.ref.ReferenceQueue.poll()Ljava/lang/ref/Reference; @ 4 c2
Event: 7.417 Thread 0x000001b58f9f0110 DEOPT PACKING pc=0x000001b587b29a14 sp=0x000000aa950fef80
Event: 7.417 Thread 0x000001b58f9f0110 DEOPT UNPACKING pc=0x000001b5875846a2 sp=0x000000aa950fef10 mode 2
Event: 7.526 Thread 0x000001b5f31e5470 Uncommon trap: trap_request=0xffffff45 fr.pc=0x000001b587b4c424 relative=0x0000000000000344
Event: 7.526 Thread 0x000001b5f31e5470 Uncommon trap: reason=unstable_if action=reinterpret pc=0x000001b587b4c424 method=java.util.HashMap.hash(Ljava/lang/Object;)I @ 1 c2
Event: 7.526 Thread 0x000001b5f31e5470 DEOPT PACKING pc=0x000001b587b4c424 sp=0x000000aa948fba90
Event: 7.526 Thread 0x000001b5f31e5470 DEOPT UNPACKING pc=0x000001b5875846a2 sp=0x000000aa948fb938 mode 2
Event: 7.711 Thread 0x000001b5f31e5470 Uncommon trap: trap_request=0xffffff45 fr.pc=0x000001b587b97578 relative=0x00000000000000d8
Event: 7.711 Thread 0x000001b5f31e5470 Uncommon trap: reason=unstable_if action=reinterpret pc=0x000001b587b97578 method=java.lang.Integer.valueOf(I)Ljava/lang/Integer; @ 3 c2
Event: 7.712 Thread 0x000001b5f31e5470 DEOPT PACKING pc=0x000001b587b97578 sp=0x000000aa948fb600
Event: 7.712 Thread 0x000001b5f31e5470 DEOPT UNPACKING pc=0x000001b5875846a2 sp=0x000000aa948fb598 mode 2

Classes loaded (20 events):
Event: 6.053 Loading class java/security/CodeSigner
Event: 6.053 Loading class java/security/CodeSigner done
Event: 6.132 Loading class java/util/PriorityQueue
Event: 6.133 Loading class java/util/PriorityQueue done
Event: 6.480 Loading class java/security/AccessControlException
Event: 6.480 Loading class java/security/AccessControlException done
Event: 6.501 Loading class java/lang/Override
Event: 6.501 Loading class java/lang/Override done
Event: 6.843 Loading class java/util/concurrent/atomic/AtomicIntegerArray
Event: 6.843 Loading class java/util/concurrent/atomic/AtomicIntegerArray done
Event: 6.843 Loading class java/util/concurrent/atomic/AtomicLongArray
Event: 6.843 Loading class java/util/concurrent/atomic/AtomicLongArray done
Event: 7.019 Loading class java/text/StringCharacterIterator
Event: 7.020 Loading class java/text/CharacterIterator
Event: 7.020 Loading class java/text/CharacterIterator done
Event: 7.020 Loading class java/text/StringCharacterIterator done
Event: 7.243 Loading class java/util/AbstractList$ListItr
Event: 7.243 Loading class java/util/AbstractList$ListItr done
Event: 7.904 Loading class java/lang/Byte$ByteCache
Event: 7.905 Loading class java/lang/Byte$ByteCache done

Classes unloaded (0 events):
No events

Classes redefined (0 events):
No events

Internal exceptions (20 events):
Event: 2.156 Thread 0x000001b5f31e5470 Exception <a 'java/lang/NoSuchMethodError'{0x0000000703c324e0}: 'int java.lang.invoke.DirectMethodHandle$Holder.invokeStatic(java.lang.Object)'> (0x0000000703c324e0) 
thrown [s\src\hotspot\share\interpreter\linkResolver.cpp, line 784]
Event: 2.156 Thread 0x000001b5f31e5470 Exception <a 'java/lang/NoSuchMethodError'{0x0000000703c35928}: 'int java.lang.invoke.DirectMethodHandle$Holder.invokeStaticInit(java.lang.Object)'> (0x0000000703c35928) 
thrown [s\src\hotspot\share\interpreter\linkResolver.cpp, line 784]
Event: 2.164 Thread 0x000001b5f31e5470 Exception <a 'java/lang/NoSuchMethodError'{0x0000000703c634f0}: 'java.lang.Object java.lang.invoke.DirectMethodHandle$Holder.newInvokeSpecial(java.lang.Object, java.lang.Object, int)'> (0x0000000703c634f0) 
thrown [s\src\hotspot\share\interpreter\linkResolver.cpp, line 784]
Event: 2.916 Thread 0x000001b5f31e5470 Exception <a 'java/lang/NoSuchMethodError'{0x000000071026d2d8}: 'void java.lang.invoke.Invokers$Holder.invokeExact_MT(java.lang.Object, int, java.lang.Object)'> (0x000000071026d2d8) 
thrown [s\src\hotspot\share\interpreter\linkResolver.cpp, line 784]
Event: 2.984 Thread 0x000001b5f31e5470 Exception <a 'java/lang/NoSuchMethodError'{0x00000007100283e0}: 'java.lang.Object java.lang.invoke.DirectMethodHandle$Holder.invokeStatic(java.lang.Object, java.lang.Object, long, long)'> (0x00000007100283e0) 
thrown [s\src\hotspot\share\interpreter\linkResolver.cpp, line 784]
Event: 2.999 Thread 0x000001b5f31e5470 Exception <a 'java/lang/NoSuchMethodError'{0x0000000710052f50}: 'long java.lang.invoke.DirectMethodHandle$Holder.invokeStatic(java.lang.Object, java.lang.Object, int)'> (0x0000000710052f50) 
thrown [s\src\hotspot\share\interpreter\linkResolver.cpp, line 784]
Event: 3.007 Thread 0x000001b5f31e5470 Exception <a 'java/lang/NoSuchMethodError'{0x000000071005e1e8}: 'java.lang.Object java.lang.invoke.DelegatingMethodHandle$Holder.reinvoke_L(java.lang.Object, int, long, java.lang.Object, java.lang.Object, int, java.lang.Object)'> (0x000000071005e1e8) 
thrown [s\src\hotspot\share\interpreter\linkResolver.cpp, line 784]
Event: 3.016 Thread 0x000001b5f31e5470 Exception <a 'java/lang/NoSuchMethodError'{0x000000071009a448}: 'java.lang.Object java.lang.invoke.DirectMethodHandle$Holder.newInvokeSpecial(java.lang.Object, java.lang.Object, java.lang.Object, long)'> (0x000000071009a448) 
thrown [s\src\hotspot\share\interpreter\linkResolver.cpp, line 784]
Event: 3.017 Thread 0x000001b5f31e5470 Exception <a 'java/lang/NoSuchMethodError'{0x000000071009dff8}: 'java.lang.Object java.lang.invoke.Invokers$Holder.linkToTargetMethod(java.lang.Object, java.lang.Object, long, java.lang.Object)'> (0x000000071009dff8) 
thrown [s\src\hotspot\share\interpreter\linkResolver.cpp, line 784]
Event: 3.223 Thread 0x000001b5f31e5470 Implicit null exception at 0x000001b587b78732 to 0x000001b587b795b0
Event: 3.547 Thread 0x000001b5f31e5470 Exception <a 'java/lang/NoSuchMethodError'{0x0000000704681b30}: 'java.lang.Object java.lang.invoke.DirectMethodHandle$Holder.newInvokeSpecial(java.lang.Object, java.lang.Object, java.lang.Object, java.lang.Object, java.lang.Object, java.lang.Object, java.lang.Object)'> (0x0000000704681b30) 
thrown [s\src\hotspot\share\interpreter\linkResolver.cpp, line 784]
Event: 3.548 Thread 0x000001b5f31e5470 Exception <a 'java/lang/NoSuchMethodError'{0x000000070468caa8}: 'java.lang.Object java.lang.invoke.DirectMethodHandle$Holder.newInvokeSpecial(java.lang.Object, java.lang.Object, java.lang.Object, java.lang.Object, java.lang.Object, java.lang.Object, java.lang.Object, java.lang.Object)'> (0x000000070468caa8) 
thrown [s\src\hotspot\share\interpreter\linkResolver.cpp, line 784]
Event: 3.550 Thread 0x000001b5f31e5470 Exception <a 'java/lang/NoSuchMethodError'{0x000000070469f258}: 'java.lang.Object java.lang.invoke.DirectMethodHandle$Holder.newInvokeSpecial(java.lang.Object, java.lang.Object, java.lang.Object, java.lang.Object, java.lang.Object, java.lang.Object, java.lang.Object, java.lang.Object, java.lang.Object)'> (0x000000070469f258) 
thrown [s\src\hotspot\share\interpreter\linkResolver.cpp, line 784]
Event: 4.186 Thread 0x000001b5f31e5470 Exception <a 'java/lang/NoSuchMethodError'{0x0000000710000918}: 'java.lang.Object java.lang.invoke.DirectMethodHandle$Holder.newInvokeSpecial(java.lang.Object, java.lang.Object, int, int)'> (0x0000000710000918) 
thrown [s\src\hotspot\share\interpreter\linkResolver.cpp, line 784]
Event: 4.186 Thread 0x000001b5f31e5470 Exception <a 'java/lang/NoSuchMethodError'{0x0000000710004968}: 'java.lang.Object java.lang.invoke.DirectMethodHandle$Holder.invokeSpecial(java.lang.Object, java.lang.Object, java.lang.Object, int, int)'> (0x0000000710004968) 
thrown [s\src\hotspot\share\interpreter\linkResolver.cpp, line 784]
Event: 6.423 Thread 0x000001b5f31e5470 Exception <a 'java/lang/NoSuchMethodError'{0x000000070852ec88}: 'java.lang.Object java.lang.invoke.DirectMethodHandle$Holder.newInvokeSpecial(java.lang.Object, java.lang.Object, java.lang.Object, int, java.lang.Object)'> (0x000000070852ec88) 
thrown [s\src\hotspot\share\interpreter\linkResolver.cpp, line 784]
Event: 6.832 Thread 0x000001b5f31e5470 Exception <a 'java/lang/NoSuchMethodError'{0x0000000707caaba0}: 'java.lang.Object java.lang.invoke.DirectMethodHandle$Holder.newInvokeSpecial(java.lang.Object, java.lang.Object, java.lang.Object, java.lang.Object, int)'> (0x0000000707caaba0) 
thrown [s\src\hotspot\share\interpreter\linkResolver.cpp, line 784]
Event: 6.833 Thread 0x000001b5f31e5470 Exception <a 'java/lang/NoSuchMethodError'{0x0000000707caefe8}: 'java.lang.Object java.lang.invoke.DirectMethodHandle$Holder.invokeSpecial(java.lang.Object, java.lang.Object, java.lang.Object, java.lang.Object, java.lang.Object, int)'> (0x0000000707caefe8) 
thrown [s\src\hotspot\share\interpreter\linkResolver.cpp, line 784]
Event: 6.833 Thread 0x000001b5f31e5470 Exception <a 'java/lang/NoSuchMethodError'{0x0000000707cb2d28}: 'java.lang.Object java.lang.invoke.Invokers$Holder.linkToTargetMethod(java.lang.Object, java.lang.Object, java.lang.Object, int, java.lang.Object)'> (0x0000000707cb2d28) 
thrown [s\src\hotspot\share\interpreter\linkResolver.cpp, line 784]
Event: 7.526 Thread 0x000001b5f31e5470 Implicit null exception at 0x000001b587b4c147 to 0x000001b587b4c408

ZGC Phase Switch (0 events):
No events

VM Operations (20 events):
Event: 5.338 Executing VM operation: HandshakeAllThreads (Deoptimize) done
Event: 6.255 Executing VM operation: HandshakeAllThreads (Deoptimize)
Event: 6.255 Executing VM operation: HandshakeAllThreads (Deoptimize) done
Event: 6.255 Executing VM operation: Cleanup
Event: 6.255 Executing VM operation: Cleanup done
Event: 6.914 Executing VM operation: HandshakeAllThreads (Deoptimize)
Event: 6.914 Executing VM operation: HandshakeAllThreads (Deoptimize) done
Event: 6.951 Executing VM operation: HandshakeAllThreads (Deoptimize)
Event: 6.951 Executing VM operation: HandshakeAllThreads (Deoptimize) done
Event: 6.970 Executing VM operation: HandshakeAllThreads (Deoptimize)
Event: 6.970 Executing VM operation: HandshakeAllThreads (Deoptimize) done
Event: 7.221 Executing VM operation: HandshakeAllThreads (Deoptimize)
Event: 7.221 Executing VM operation: HandshakeAllThreads (Deoptimize) done
Event: 7.232 Executing VM operation: HandshakeAllThreads (Deoptimize)
Event: 7.232 Executing VM operation: HandshakeAllThreads (Deoptimize) done
Event: 7.245 Executing VM operation: HandshakeAllThreads (Deoptimize)
Event: 7.245 Executing VM operation: HandshakeAllThreads (Deoptimize) done
Event: 7.378 Executing VM operation: G1CollectForAllocation (G1 Evacuation Pause)
Event: 7.416 Executing VM operation: G1CollectForAllocation (G1 Evacuation Pause) done
Event: 8.429 Executing VM operation: Cleanup

Memory protections (0 events):
No events

Nmethod flushes (20 events):
Event: 3.701 Thread 0x000001b5f31ce450 flushing  nmethod 0x000001b580075190
Event: 3.701 Thread 0x000001b5f31ce450 flushing  nmethod 0x000001b580075a90
Event: 3.701 Thread 0x000001b5f31ce450 flushing  nmethod 0x000001b580076290
Event: 3.701 Thread 0x000001b5f31ce450 flushing  nmethod 0x000001b5800a7210
Event: 3.701 Thread 0x000001b5f31ce450 flushing  nmethod 0x000001b5800ad910
Event: 3.701 Thread 0x000001b5f31ce450 flushing  nmethod 0x000001b5800b1f90
Event: 3.701 Thread 0x000001b5f31ce450 flushing  nmethod 0x000001b5800cab90
Event: 3.701 Thread 0x000001b5f31ce450 flushing  nmethod 0x000001b5800db790
Event: 3.701 Thread 0x000001b5f31ce450 flushing  nmethod 0x000001b5800f7890
Event: 3.701 Thread 0x000001b5f31ce450 flushing  nmethod 0x000001b5800fae90
Event: 3.701 Thread 0x000001b5f31ce450 flushing  nmethod 0x000001b580114b10
Event: 3.701 Thread 0x000001b5f31ce450 flushing  nmethod 0x000001b580115890
Event: 3.701 Thread 0x000001b5f31ce450 flushing  nmethod 0x000001b580115c90
Event: 3.701 Thread 0x000001b5f31ce450 flushing  nmethod 0x000001b58011af90
Event: 3.701 Thread 0x000001b5f31ce450 flushing  nmethod 0x000001b580141690
Event: 3.701 Thread 0x000001b5f31ce450 flushing  nmethod 0x000001b580175110
Event: 3.701 Thread 0x000001b5f31ce450 flushing  nmethod 0x000001b580175b10
Event: 3.701 Thread 0x000001b5f31ce450 flushing  nmethod 0x000001b58017fa90
Event: 3.701 Thread 0x000001b5f31ce450 flushing  nmethod 0x000001b580180f10
Event: 3.701 Thread 0x000001b5f31ce450 flushing  nmethod 0x000001b5801cd810

Events (20 events):
Event: 0.160 Thread 0x000001b5f31e5470 Thread added: 0x000001b58fbc4460
Event: 0.181 Loaded shared library C:\Program Files\Android\Android Studio\jbr\bin\net.dll
Event: 0.183 Loaded shared library C:\Program Files\Android\Android Studio\jbr\bin\nio.dll
Event: 0.202 Thread 0x000001b58fa296f0 Thread added: 0x000001b58fc4bbe0
Event: 0.221 Loaded shared library C:\Program Files\Android\Android Studio\jbr\bin\zip.dll
Event: 0.297 Loaded shared library C:\Program Files\Android\Android Studio\jbr\bin\jimage.dll
Event: 0.902 Thread 0x000001b58fc4bbe0 Thread exited: 0x000001b58fc4bbe0
Event: 1.474 Loaded shared library C:\Program Files\Android\Android Studio\jbr\bin\management.dll
Event: 1.491 Loaded shared library C:\Program Files\Android\Android Studio\jbr\bin\management_ext.dll
Event: 2.651 Thread 0x000001b58fa2a190 Thread added: 0x000001b5954bece0
Event: 3.030 Thread 0x000001b58fa2a190 Thread added: 0x000001b59861ffa0
Event: 3.656 Thread 0x000001b5954bece0 Thread exited: 0x000001b5954bece0
Event: 3.656 Thread 0x000001b59861ffa0 Thread exited: 0x000001b59861ffa0
Event: 4.147 Thread 0x000001b58fa296f0 Thread added: 0x000001b596765b00
Event: 4.448 Thread 0x000001b596765b00 Thread exited: 0x000001b596765b00
Event: 4.890 Thread 0x000001b58fa296f0 Thread added: 0x000001b598d5b9a0
Event: 5.040 Thread 0x000001b58fa2a190 Thread added: 0x000001b595246db0
Event: 6.504 Thread 0x000001b595246db0 Thread exited: 0x000001b595246db0
Event: 6.990 Thread 0x000001b598d5b9a0 Thread exited: 0x000001b598d5b9a0
Event: 7.312 Thread 0x000001b58fa2a190 Thread added: 0x000001b5959f19b0


Dynamic libraries:
0x00007ff798390000 - 0x00007ff79839a000 	C:\Program Files\Android\Android Studio\jbr\bin\java.exe
0x00007ff8e0d50000 - 0x00007ff8e0f48000 	C:\Windows\SYSTEM32\ntdll.dll
0x00007ff8df640000 - 0x00007ff8df702000 	C:\Windows\System32\KERNEL32.DLL
0x00007ff8de5f0000 - 0x00007ff8de8e6000 	C:\Windows\System32\KERNELBASE.dll
0x00007ff8de4f0000 - 0x00007ff8de5f0000 	C:\Windows\System32\ucrtbase.dll
0x00007ff877cd0000 - 0x00007ff877ceb000 	C:\Program Files\Android\Android Studio\jbr\bin\VCRUNTIME140.dll
0x00007ff8d72e0000 - 0x00007ff8d72f8000 	C:\Program Files\Android\Android Studio\jbr\bin\jli.dll
0x00007ff8e03d0000 - 0x00007ff8e0571000 	C:\Windows\System32\USER32.dll
0x00007ff8d3810000 - 0x00007ff8d3aab000 	C:\Windows\WinSxS\amd64_microsoft.windows.common-controls_6595b64144ccf1df_6.0.19041.6456_none_60b8a6cb71f64256\COMCTL32.dll
0x00007ff8de3e0000 - 0x00007ff8de402000 	C:\Windows\System32\win32u.dll
0x00007ff8e0300000 - 0x00007ff8e032b000 	C:\Windows\System32\GDI32.dll
0x00007ff8df960000 - 0x00007ff8df9fe000 	C:\Windows\System32\msvcrt.dll
0x00007ff8debd0000 - 0x00007ff8dece9000 	C:\Windows\System32\gdi32full.dll
0x00007ff8de9a0000 - 0x00007ff8dea3d000 	C:\Windows\System32\msvcp_win.dll
0x00007ff8e0a90000 - 0x00007ff8e0abf000 	C:\Windows\System32\IMM32.DLL
0x00007ff8adda0000 - 0x00007ff8addac000 	C:\Program Files\Android\Android Studio\jbr\bin\vcruntime140_1.dll
0x00007ff8441b0000 - 0x00007ff84423d000 	C:\Program Files\Android\Android Studio\jbr\bin\msvcp140.dll
0x00007ff84aef0000 - 0x00007ff84bb86000 	C:\Program Files\Android\Android Studio\jbr\bin\server\jvm.dll
0x00007ff8e0ac0000 - 0x00007ff8e0b71000 	C:\Windows\System32\ADVAPI32.dll
0x00007ff8e0330000 - 0x00007ff8e03cf000 	C:\Windows\System32\sechost.dll
0x00007ff8df840000 - 0x00007ff8df960000 	C:\Windows\System32\RPCRT4.dll
0x00007ff8dea40000 - 0x00007ff8dea67000 	C:\Windows\System32\bcrypt.dll
0x00007ff8e0ca0000 - 0x00007ff8e0d0b000 	C:\Windows\System32\WS2_32.dll
0x00007ff8dde60000 - 0x00007ff8ddeab000 	C:\Windows\SYSTEM32\POWRPROF.dll
0x00007ff8d8a00000 - 0x00007ff8d8a0a000 	C:\Windows\SYSTEM32\VERSION.dll
0x00007ff8d3f10000 - 0x00007ff8d3f37000 	C:\Windows\SYSTEM32\WINMM.dll
0x00007ff8dde40000 - 0x00007ff8dde52000 	C:\Windows\SYSTEM32\UMPDC.dll
0x00007ff8dc270000 - 0x00007ff8dc282000 	C:\Windows\SYSTEM32\kernel.appcore.dll
0x00007ff8adbe0000 - 0x00007ff8adbea000 	C:\Program Files\Android\Android Studio\jbr\bin\jimage.dll
0x00007ff8d3d00000 - 0x00007ff8d3f01000 	C:\Windows\SYSTEM32\DBGHELP.DLL
0x00007ff8d45a0000 - 0x00007ff8d45d4000 	C:\Windows\SYSTEM32\dbgcore.DLL
0x00007ff8de460000 - 0x00007ff8de4e2000 	C:\Windows\System32\bcryptPrimitives.dll
0x00007ff877cb0000 - 0x00007ff877cd0000 	C:\Program Files\Android\Android Studio\jbr\bin\java.dll
0x00007ff876280000 - 0x00007ff876298000 	C:\Program Files\Android\Android Studio\jbr\bin\zip.dll
0x00007ff8ded70000 - 0x00007ff8df4e0000 	C:\Windows\System32\SHELL32.dll
0x00007ff8dc450000 - 0x00007ff8dcbf5000 	C:\Windows\SYSTEM32\windows.storage.dll
0x00007ff8e0580000 - 0x00007ff8e08d4000 	C:\Windows\System32\combase.dll
0x00007ff8ddda0000 - 0x00007ff8dddcb000 	C:\Windows\SYSTEM32\Wldp.dll
0x00007ff8df570000 - 0x00007ff8df63d000 	C:\Windows\System32\OLEAUT32.dll
0x00007ff8df770000 - 0x00007ff8df81d000 	C:\Windows\System32\SHCORE.dll
0x00007ff8dff50000 - 0x00007ff8dffab000 	C:\Windows\System32\shlwapi.dll
0x00007ff8de310000 - 0x00007ff8de334000 	C:\Windows\SYSTEM32\profapi.dll
0x00007ff8adb20000 - 0x00007ff8adb30000 	C:\Program Files\Android\Android Studio\jbr\bin\net.dll
0x00007ff8d9830000 - 0x00007ff8d993a000 	C:\Windows\SYSTEM32\WINHTTP.dll
0x00007ff8dda90000 - 0x00007ff8ddafa000 	C:\Windows\system32\mswsock.dll
0x00007ff875d20000 - 0x00007ff875d36000 	C:\Program Files\Android\Android Studio\jbr\bin\nio.dll
0x00007ff8a2c30000 - 0x00007ff8a2c39000 	C:\Program Files\Android\Android Studio\jbr\bin\management.dll
0x00007ff8a1980000 - 0x00007ff8a198b000 	C:\Program Files\Android\Android Studio\jbr\bin\management_ext.dll
0x00007ff8dfee0000 - 0x00007ff8dfee8000 	C:\Windows\System32\PSAPI.DLL
0x00007ff8d7080000 - 0x00007ff8d7090000 	C:\Program Files\Android\Android Studio\jbr\bin\verify.dll

JVMTI agents: none

dbghelp: loaded successfully - version: 4.0.5 - missing functions: none
symbol engine: initialized successfully - sym options: 0x614 - pdb path: .;C:\Program Files\Android\Android Studio\jbr\bin;C:\Windows\SYSTEM32;C:\Windows\WinSxS\amd64_microsoft.windows.common-controls_6595b64144ccf1df_6.0.19041.6456_none_60b8a6cb71f64256;C:\Program Files\Android\Android Studio\jbr\bin\server

VM Arguments:
java_command: org.jetbrains.kotlin.cli.jvm.K2JVMCompiler @C:\Users\Abhinandan\AppData\Local\Pub\Cache\hosted\pub.dev\video_player_android-2.9.1\android\build\20260206_13996602040096132379.compiler.options
java_class_path (initial): C:\Users\Abhinandan\.gradle\caches\modules-2\files-2.1\org.jetbrains.kotlin\kotlin-compiler-embeddable\2.2.20\bb8331b7585e36ea311825b01a1c06860c055fd1\kotlin-compiler-embeddable-2.2.20.jar;C:\Users\Abhinandan\.gradle\caches\modules-2\files-2.1\org.jetbrains.kotlin\kotlin-stdlib\2.2.20\5380b19fa1924399b62ce3a1faffebb2b4f82272\kotlin-stdlib-2.2.20.jar;C:\Users\Abhinandan\.gradle\caches\modules-2\files-2.1\org.jetbrains.kotlin\kotlin-script-runtime\2.2.20\4c679cbeac0bb583b75c3a080013da8eaf240807\kotlin-script-runtime-2.2.20.jar;C:\Users\Abhinandan\.gradle\caches\modules-2\files-2.1\org.jetbrains.kotlin\kotlin-reflect\1.6.10\1cbe9c92c12a94eea200d23c2bbaedaf3daf5132\kotlin-reflect-1.6.10.jar;C:\Users\Abhinandan\.gradle\caches\modules-2\files-2.1\org.jetbrains.kotlin\kotlin-daemon-embeddable\2.2.20\feff12d48d7f1eb628742b0a721395e16f8755bf\kotlin-daemon-embeddable-2.2.20.jar;C:\Users\Abhinandan\.gradle\caches\modules-2\files-2.1\org.jetbrains.kotlinx\kotlinx-coroutines-core-jvm\1.8.0\ac1dc37a30a93150b704022f8d895ee1bd3a36b3\kotlinx-coroutines-core-jvm-1.8.0.jar;C:\Users\Abhinandan\.gradle\caches\modules-2\files-2.1\org.jetbrains\annotations\13.0\919f0dfe192fb4e063e7dacadee7f8bb9a2672a9\annotations-13.0.jar
Launcher Type: SUN_STANDARD

[Global flags]
     intx CICompilerCount                          = 4                                         {product} {ergonomic}
     uint ConcGCThreads                            = 3                                         {product} {ergonomic}
     uint G1ConcRefinementThreads                  = 10                                        {product} {ergonomic}
   size_t G1HeapRegionSize                         = 2097152                                   {product} {ergonomic}
    uintx GCDrainStackTargetSize                   = 64                                        {product} {ergonomic}
   size_t InitialHeapSize                          = 266338304                                 {product} {ergonomic}
   size_t MarkStackSize                            = 4194304                                   {product} {ergonomic}
   size_t MaxHeapSize                              = 4250927104                                {product} {ergonomic}
   size_t MaxNewSize                               = 2550136832                                {product} {ergonomic}
   size_t MinHeapDeltaBytes                        = 2097152                                   {product} {ergonomic}
   size_t MinHeapSize                              = 8388608                                   {product} {ergonomic}
    uintx NonNMethodCodeHeapSize                   = 5839372                                {pd product} {ergonomic}
    uintx NonProfiledCodeHeapSize                  = 122909434                              {pd product} {ergonomic}
    uintx ProfiledCodeHeapSize                     = 122909434                              {pd product} {ergonomic}
    uintx ReservedCodeCacheSize                    = 251658240                              {pd product} {ergonomic}
     bool SegmentedCodeCache                       = true                                      {product} {ergonomic}
   size_t SoftMaxHeapSize                          = 4250927104                             {manageable} {ergonomic}
     bool UseCompressedOops                        = true                           {product lp64_product} {ergonomic}
     bool UseG1GC                                  = true                                      {product} {ergonomic}
     bool UseLargePagesIndividualAllocation        = false                                  {pd product} {ergonomic}

Logging:
Log output configuration:
 #0: stdout all=warning uptime,level,tags foldmultilines=false
 #1: stderr all=off uptime,level,tags foldmultilines=false

Environment Variables:
JAVA_HOME=C:\Program Files\Android\Android Studio\jbr
CLASSPATH=D:\sam_jas_academy_V2\android\\gradle\wrapper\gradle-wrapper.jar
PATH=C:\Program Files\Android\Android Studio\jbr\bin;C:\flutter\flutter\bin\;C:\Python314\Scripts\;C:\Python314\;C:\Windows\system32;C:\Windows;C:\Windows\System32\Wbem;C:\Windows\System32\WindowsPowerShell\v1.0\;C:\Windows\System32\OpenSSH\;C:\Program Files (x86)\Microsoft SQL Server\100\Tools\Binn\;C:\Program Files\Microsoft SQL Server\100\Tools\Binn\;C:\Program Files\Microsoft SQL Server\100\DTS\Binn\;C:\Program Files\Microsoft SQL Server\Client SDK\ODBC\130\Tools\Binn\;C:\Program Files (x86)\Microsoft SQL Server\130\Tools\Binn\;C:\Program Files\Microsoft SQL Server\130\Tools\Binn\;C:\Program Files\Microsoft SQL Server\130\DTS\Binn\;C:\Program Files (x86)\Microsoft SQL Server\Client SDK\ODBC\130\Tools\Binn\;C:\Program Files (x86)\Microsoft SQL Server\140\Tools\Binn\;C:\Program Files (x86)\Microsoft SQL Server\140\DTS\Binn\;C:\Program Files (x86)\Microsoft SQL Server\140\Tools\Binn\ManagementStudio\;C:\Program Files\TortoiseSVN\bin;C:\Program Files\Microsoft SQL Server\150\Tools\Binn\;C:\Program Files\Microsoft SQL Server\Client SDK\ODBC\170\Tools\Binn\;C:\Program Files\dotnet\;C:\Program Files\Git\cmd;C:\Program Files\nodejs\;C:\ProgramData\chocolatey\bin;C:\Users\Abhinandan\AppData\Local\Microsoft\WindowsApps;C:\Users\Abhinandan\.dotnet\tools;C:\Users\Abhinandan\AppData\Local\Programs\Microsoft VS Code\bin;C:\Program Files\Git\cmd;C:\flutter\flutter\bin;C:\Users\Abhinandan\AppData\Local\Pub\Cache\bin;C:\Users\Abhinandan\AppData\Roaming\npm;C:\Users\Abhinandan\AppData\Local\Android\Sdk\platform-tools;C:\Program Files\Android\Android Studio\jbr;C:\Program Files\Android\Android Studio\jbr\bin;
USERNAME=Abhinandan
LANG=en_US.UTF-8
OS=Windows_NT
PROCESSOR_IDENTIFIER=Intel64 Family 6 Model 165 Stepping 5, GenuineIntel
TMP=C:\Users\ABHINA~1\AppData\Local\Temp
TEMP=C:\Users\ABHINA~1\AppData\Local\Temp




Periodic native trim disabled

JNI global refs:
JNI global refs: 12, weak refs: 3

JNI global refs memory usage: 835, weak refs: 833

Process memory usage:
Resident Set Size: 306280K (1% of 16602440K total physical memory with 429448K free physical memory)

OOME stack traces (most recent first):
Classloader memory used:
Loader jdk.internal.loader.ClassLoaders$AppClassLoader                                 : 44999K
Loader bootstrap                                                                       : 10995K

---------------  S Y S T E M  ---------------

OS:
 Windows 10 , 64 bit Build 19041 (10.0.19041.5915)
OS uptime: 0 days 6:15 hours

CPU: total 12 (initial active 12) (6 cores per cpu, 2 threads per core) family 6 model 165 stepping 5 microcode 0xec, cx8, cmov, fxsr, ht, mmx, 3dnowpref, sse, sse2, sse3, ssse3, sse4.1, sse4.2, popcnt, lzcnt, tsc, tscinvbit, avx, avx2, aes, erms, clmul, bmi1, bmi2, adx, fma, vzeroupper, clflush, clflushopt, rdtscp, f16c, pku
Processor Information for the first 12 processors :
  Max Mhz: 2904, Current Mhz: 2904, Mhz Limit: 2904

Memory: 4k page, system-wide physical 16213M (420M free)
TotalPageFile size 26304M (AvailPageFile size 27M)
current process WorkingSet (physical memory assigned to process): 301M, peak: 304M
current process commit charge ("private bytes"): 361M, peak: 365M

vm_info: OpenJDK 64-Bit Server VM (21.0.8+-14196175-b1038.72) for windows-amd64 JRE (21.0.8+-14196175-b1038.72), built on 2025-10-01T10:24:33Z by "builder" with MS VC++ 16.10 / 16.11 (VS2019)

END.
