#
# There is insufficient memory for the Java Runtime Environment to continue.
# Native memory allocation (malloc) failed to allocate 1427904 bytes. Error detail: Chunk::new
# Possible reasons:
#   The system is out of physical RAM or swap space
#   This process is running with CompressedOops enabled, and the Java Heap may be blocking the growth of the native heap
# Possible solutions:
#   Reduce memory load on the system
#   Increase physical memory or swap space
#   Check if swap backing store is full
#   Decrease Java heap size (-Xmx/-Xms)
#   Decrease number of Java threads
#   Decrease Java thread stack sizes (-Xss)
#   Set larger code cache with -XX:ReservedCodeCacheSize=
#   JVM is running with Zero Based Compressed Oops mode in which the Java heap is
#     placed in the first 32GB address space. The Java Heap base address is the
#     maximum limit for the native heap growth. Please use -XX:HeapBaseMinAddress
#     to set the Java Heap base and to place the Java Heap above 32GB virtual address.
# This output file may be truncated or incomplete.
#
#  Out of Memory Error (arena.cpp:168), pid=23012, tid=17544
#
# JRE version: OpenJDK Runtime Environment (21.0.8) (build 21.0.8+-14196175-b1038.72)
# Java VM: OpenJDK 64-Bit Server VM (21.0.8+-14196175-b1038.72, mixed mode, tiered, compressed oops, compressed class ptrs, g1 gc, windows-amd64)
# No core dump will be written. Minidumps are not enabled by default on client versions of Windows
#

---------------  S U M M A R Y ------------

Command Line: org.jetbrains.kotlin.cli.jvm.K2JVMCompiler @C:\Users\Abhinandan\AppData\Local\Pub\Cache\hosted\pub.dev\package_info_plus-9.0.0\android\build\20260206_10023614639767355153.compiler.options

Host: Intel(R) Core(TM) i5-10400 CPU @ 2.90GHz, 12 cores, 15G,  Windows 10 , 64 bit Build 19041 (10.0.19041.5915)
Time: Fri Feb  6 19:08:20 2026 India Standard Time elapsed time: 9.442986 seconds (0d 0h 0m 9s)

---------------  T H R E A D  ---------------

Current thread (0x0000026c7e084810):  JavaThread "C2 CompilerThread0" daemon [_thread_in_native, id=17544, stack(0x000000e4dc900000,0x000000e4dca00000) (1024K)]


Current CompileTask:
C2:9443 3070   !   4       org.jetbrains.kotlin.metadata.ProtoBuf$Function::<init> (1811 bytes)

Stack: [0x000000e4dc900000,0x000000e4dca00000]
Native frames: (J=compiled Java code, j=interpreted, Vv=VM code, C=native code)
V  [jvm.dll+0x6d68d9]
V  [jvm.dll+0x866693]
V  [jvm.dll+0x868c4e]
V  [jvm.dll+0x869333]
V  [jvm.dll+0x280566]
V  [jvm.dll+0xc07cd]
V  [jvm.dll+0xc0d03]
V  [jvm.dll+0x3b961b]
V  [jvm.dll+0x1dfd12]
V  [jvm.dll+0x2493a4]
V  [jvm.dll+0x248821]
V  [jvm.dll+0x1c73a4]
V  [jvm.dll+0x257f9e]
V  [jvm.dll+0x2564e6]
V  [jvm.dll+0x3f4696]
V  [jvm.dll+0x80eac8]
V  [jvm.dll+0x6d512d]
C  [ucrtbase.dll+0x21bb2]
C  [KERNEL32.DLL+0x17374]
C  [ntdll.dll+0x4cc91]


---------------  P R O C E S S  ---------------

Threads class SMR info:
_java_thread_list=0x0000026c11ae6500, length=12, elements={
0x0000026c6e953540, 0x0000026c7e05b750, 0x0000026c7e074280, 0x0000026c7e074ce0,
0x0000026c7e07e740, 0x0000026c7e07f1a0, 0x0000026c7e07fc00, 0x0000026c7e080660,
0x0000026c7e084810, 0x0000026c7e085a50, 0x0000026c7e22cdd0, 0x0000026c1254a5a0
}

Java Threads: ( => current thread )
  0x0000026c6e953540 JavaThread "main"                              [_thread_in_vm, id=11236, stack(0x000000e4dba00000,0x000000e4dbb00000) (1024K)]
  0x0000026c7e05b750 JavaThread "Common-Cleaner"             daemon [_thread_blocked, id=5400, stack(0x000000e4dc200000,0x000000e4dc300000) (1024K)]
  0x0000026c7e074280 JavaThread "Reference Handler"          daemon [_thread_blocked, id=5664, stack(0x000000e4dc300000,0x000000e4dc400000) (1024K)]
  0x0000026c7e074ce0 JavaThread "Finalizer"                  daemon [_thread_blocked, id=23328, stack(0x000000e4dc400000,0x000000e4dc500000) (1024K)]
  0x0000026c7e07e740 JavaThread "Signal Dispatcher"          daemon [_thread_blocked, id=19312, stack(0x000000e4dc500000,0x000000e4dc600000) (1024K)]
  0x0000026c7e07f1a0 JavaThread "Attach Listener"            daemon [_thread_blocked, id=21952, stack(0x000000e4dc600000,0x000000e4dc700000) (1024K)]
  0x0000026c7e07fc00 JavaThread "Service Thread"             daemon [_thread_blocked, id=22032, stack(0x000000e4dc700000,0x000000e4dc800000) (1024K)]
  0x0000026c7e080660 JavaThread "Monitor Deflation Thread"   daemon [_thread_blocked, id=12108, stack(0x000000e4dc800000,0x000000e4dc900000) (1024K)]
=>0x0000026c7e084810 JavaThread "C2 CompilerThread0"         daemon [_thread_in_native, id=17544, stack(0x000000e4dc900000,0x000000e4dca00000) (1024K)]
  0x0000026c7e085a50 JavaThread "C1 CompilerThread0"         daemon [_thread_blocked, id=15816, stack(0x000000e4dca00000,0x000000e4dcb00000) (1024K)]
  0x0000026c7e22cdd0 JavaThread "Notification Thread"        daemon [_thread_blocked, id=26432, stack(0x000000e4dcb00000,0x000000e4dcc00000) (1024K)]
  0x0000026c1254a5a0 JavaThread "C2 CompilerThread1"         daemon [_thread_in_native, id=11936, stack(0x000000e4dd100000,0x000000e4dd200000) (1024K)]
Total: 12

Other Threads:
  0x0000026c79bc8f50 VMThread "VM Thread"                           [id=21612, stack(0x000000e4dc100000,0x000000e4dc200000) (1024K)]
  0x0000026c79b6efc0 WatcherThread "VM Periodic Task Thread"        [id=25944, stack(0x000000e4dc000000,0x000000e4dc100000) (1024K)]
  0x0000026c6e9b7240 WorkerThread "GC Thread#0"                     [id=21760, stack(0x000000e4dbb00000,0x000000e4dbc00000) (1024K)]
  0x0000026c7e52a170 WorkerThread "GC Thread#1"                     [id=25860, stack(0x000000e4dcc00000,0x000000e4dcd00000) (1024K)]
  0x0000026c7e9230b0 WorkerThread "GC Thread#2"                     [id=18532, stack(0x000000e4dcd00000,0x000000e4dce00000) (1024K)]
  0x0000026c7e923450 WorkerThread "GC Thread#3"                     [id=26104, stack(0x000000e4dce00000,0x000000e4dcf00000) (1024K)]
  0x0000026c7e9237f0 WorkerThread "GC Thread#4"                     [id=16136, stack(0x000000e4dcf00000,0x000000e4dd000000) (1024K)]
  0x0000026c7e923b90 WorkerThread "GC Thread#5"                     [id=25864, stack(0x000000e4dd000000,0x000000e4dd100000) (1024K)]
  0x0000026c7eb1bc60 WorkerThread "GC Thread#6"                     [id=20496, stack(0x000000e4dd200000,0x000000e4dd300000) (1024K)]
  0x0000026c7eb1c000 WorkerThread "GC Thread#7"                     [id=7256, stack(0x000000e4dd300000,0x000000e4dd400000) (1024K)]
  0x0000026c7efdc050 WorkerThread "GC Thread#8"                     [id=24880, stack(0x000000e4dd400000,0x000000e4dd500000) (1024K)]
  0x0000026c7efdb910 WorkerThread "GC Thread#9"                     [id=5724, stack(0x000000e4dd700000,0x000000e4dd800000) (1024K)]
  0x0000026c6e9c80e0 ConcurrentGCThread "G1 Main Marker"            [id=25628, stack(0x000000e4dbc00000,0x000000e4dbd00000) (1024K)]
  0x0000026c6e9c9380 WorkerThread "G1 Conc#0"                       [id=10172, stack(0x000000e4dbd00000,0x000000e4dbe00000) (1024K)]
  0x0000026c7efda350 WorkerThread "G1 Conc#1"                       [id=22752, stack(0x000000e4dd500000,0x000000e4dd600000) (1024K)]
  0x0000026c7efd9fb0 WorkerThread "G1 Conc#2"                       [id=6940, stack(0x000000e4dd600000,0x000000e4dd700000) (1024K)]
  0x0000026c6ea1ea60 ConcurrentGCThread "G1 Refine#0"               [id=11784, stack(0x000000e4dbe00000,0x000000e4dbf00000) (1024K)]
  0x0000026c79a3cb90 ConcurrentGCThread "G1 Service"                [id=15308, stack(0x000000e4dbf00000,0x000000e4dc000000) (1024K)]
Total: 18

Threads with active compile tasks:
C2 CompilerThread0  9528 3070   !   4       org.jetbrains.kotlin.metadata.ProtoBuf$Function::<init> (1811 bytes)
C2 CompilerThread1  9528 3267       4       java.util.HashMap::resize (356 bytes)
Total: 2

VM state: not at safepoint (normal execution)

VM Mutex/Monitor currently owned by a thread: None

Heap address: 0x0000000702a00000, size: 4054 MB, Compressed Oops mode: Zero based, Oop shift amount: 3

CDS archive(s) not mapped
Compressed class space mapped at: 0x0000000800000000-0x0000000840000000, reserved size: 1073741824
Narrow klass base: 0x0000000800000000, Narrow klass shift: 0, Narrow klass range: 0x40000000

GC Precious Log:
 CardTable entry size: 512
 Card Set container configuration: InlinePtr #cards 4 size 8 Array Of Cards #cards 16 size 48 Howl #buckets 8 coarsen threshold 3686 Howl Bitmap #cards 512 size 80 coarsen threshold 460 Card regions per heap region 1 cards per card region 4096
 CPUs: 12 total, 12 available
 Memory: 16213M
 Large Page Support: Disabled
 NUMA Support: Disabled
 Compressed Oops: Enabled (Zero based)
 Heap Region Size: 2M
 Heap Min Capacity: 8M
 Heap Initial Capacity: 254M
 Heap Max Capacity: 4054M
 Pre-touch: Disabled
 Parallel Workers: 10
 Concurrent Workers: 3
 Concurrent Refinement Workers: 10
 Periodic GC: Disabled

Heap:
 garbage-first heap   total 151552K, used 46568K [0x0000000702a00000, 0x0000000800000000)
  region size 2048K, 12 young (24576K), 6 survivors (12288K)
 Metaspace       used 58262K, committed 58560K, reserved 1114112K
  class space    used 6920K, committed 7040K, reserved 1048576K

Heap Regions: E=young(eden), S=young(survivor), O=old, HS=humongous(starts), HC=humongous(continues), CS=collection set, F=free, TAMS=top-at-mark-start, PB=parsable bottom
|   0|0x0000000702a00000, 0x0000000702c00000, 0x0000000702c00000|100%|HS|  |TAMS 0x0000000702a00000| PB 0x0000000702a00000| Complete 
|   1|0x0000000702c00000, 0x0000000702e00000, 0x0000000702e00000|100%|HC|  |TAMS 0x0000000702c00000| PB 0x0000000702c00000| Complete 
|   2|0x0000000702e00000, 0x0000000703000000, 0x0000000703000000|100%| O|  |TAMS 0x0000000702e00000| PB 0x0000000702e00000| Untracked 
|   3|0x0000000703000000, 0x0000000703200000, 0x0000000703200000|100%| O|  |TAMS 0x0000000703000000| PB 0x0000000703000000| Untracked 
|   4|0x0000000703200000, 0x0000000703400000, 0x0000000703400000|100%| O|  |TAMS 0x0000000703200000| PB 0x0000000703200000| Untracked 
|   5|0x0000000703400000, 0x0000000703600000, 0x0000000703600000|100%| O|  |TAMS 0x0000000703400000| PB 0x0000000703400000| Untracked 
|   6|0x0000000703600000, 0x0000000703800000, 0x0000000703800000|100%| O|  |TAMS 0x0000000703600000| PB 0x0000000703600000| Untracked 
|   7|0x0000000703800000, 0x0000000703a00000, 0x0000000703a00000|100%| O|  |TAMS 0x0000000703800000| PB 0x0000000703800000| Untracked 
|   8|0x0000000703a00000, 0x0000000703c00000, 0x0000000703c00000|100%| O|  |TAMS 0x0000000703a00000| PB 0x0000000703a00000| Untracked 
|   9|0x0000000703c00000, 0x0000000703e00000, 0x0000000703e00000|100%| O|  |TAMS 0x0000000703c00000| PB 0x0000000703c00000| Untracked 
|  10|0x0000000703e00000, 0x0000000704000000, 0x0000000704000000|100%| O|  |TAMS 0x0000000703e00000| PB 0x0000000703e00000| Untracked 
|  11|0x0000000704000000, 0x000000070417a280, 0x0000000704200000| 73%| O|  |TAMS 0x0000000704000000| PB 0x0000000704000000| Untracked 
|  12|0x0000000704200000, 0x0000000704200000, 0x0000000704400000|  0%| F|  |TAMS 0x0000000704200000| PB 0x0000000704200000| Untracked 
|  13|0x0000000704400000, 0x0000000704400000, 0x0000000704600000|  0%| F|  |TAMS 0x0000000704400000| PB 0x0000000704400000| Untracked 
|  14|0x0000000704600000, 0x0000000704600000, 0x0000000704800000|  0%| F|  |TAMS 0x0000000704600000| PB 0x0000000704600000| Untracked 
|  15|0x0000000704800000, 0x0000000704800000, 0x0000000704a00000|  0%| F|  |TAMS 0x0000000704800000| PB 0x0000000704800000| Untracked 
|  16|0x0000000704a00000, 0x0000000704a00000, 0x0000000704c00000|  0%| F|  |TAMS 0x0000000704a00000| PB 0x0000000704a00000| Untracked 
|  17|0x0000000704c00000, 0x0000000704c00000, 0x0000000704e00000|  0%| F|  |TAMS 0x0000000704c00000| PB 0x0000000704c00000| Untracked 
|  18|0x0000000704e00000, 0x0000000704e00000, 0x0000000705000000|  0%| F|  |TAMS 0x0000000704e00000| PB 0x0000000704e00000| Untracked 
|  19|0x0000000705000000, 0x0000000705000000, 0x0000000705200000|  0%| F|  |TAMS 0x0000000705000000| PB 0x0000000705000000| Untracked 
|  20|0x0000000705200000, 0x0000000705200000, 0x0000000705400000|  0%| F|  |TAMS 0x0000000705200000| PB 0x0000000705200000| Untracked 
|  21|0x0000000705400000, 0x0000000705400000, 0x0000000705600000|  0%| F|  |TAMS 0x0000000705400000| PB 0x0000000705400000| Untracked 
|  22|0x0000000705600000, 0x0000000705600000, 0x0000000705800000|  0%| F|  |TAMS 0x0000000705600000| PB 0x0000000705600000| Untracked 
|  23|0x0000000705800000, 0x0000000705800000, 0x0000000705a00000|  0%| F|  |TAMS 0x0000000705800000| PB 0x0000000705800000| Untracked 
|  24|0x0000000705a00000, 0x0000000705a00000, 0x0000000705c00000|  0%| F|  |TAMS 0x0000000705a00000| PB 0x0000000705a00000| Untracked 
|  25|0x0000000705c00000, 0x0000000705c00000, 0x0000000705e00000|  0%| F|  |TAMS 0x0000000705c00000| PB 0x0000000705c00000| Untracked 
|  26|0x0000000705e00000, 0x0000000706000000, 0x0000000706000000|100%| S|CS|TAMS 0x0000000705e00000| PB 0x0000000705e00000| Complete 
|  27|0x0000000706000000, 0x0000000706200000, 0x0000000706200000|100%| S|CS|TAMS 0x0000000706000000| PB 0x0000000706000000| Complete 
|  28|0x0000000706200000, 0x0000000706400000, 0x0000000706400000|100%| S|CS|TAMS 0x0000000706200000| PB 0x0000000706200000| Complete 
|  29|0x0000000706400000, 0x0000000706600000, 0x0000000706600000|100%| S|CS|TAMS 0x0000000706400000| PB 0x0000000706400000| Complete 
|  30|0x0000000706600000, 0x0000000706800000, 0x0000000706800000|100%| S|CS|TAMS 0x0000000706600000| PB 0x0000000706600000| Complete 
|  31|0x0000000706800000, 0x0000000706a00000, 0x0000000706a00000|100%| S|CS|TAMS 0x0000000706800000| PB 0x0000000706800000| Complete 
|  32|0x0000000706a00000, 0x0000000706a00000, 0x0000000706c00000|  0%| F|  |TAMS 0x0000000706a00000| PB 0x0000000706a00000| Untracked 
|  33|0x0000000706c00000, 0x0000000706c00000, 0x0000000706e00000|  0%| F|  |TAMS 0x0000000706c00000| PB 0x0000000706c00000| Untracked 
|  34|0x0000000706e00000, 0x0000000706e00000, 0x0000000707000000|  0%| F|  |TAMS 0x0000000706e00000| PB 0x0000000706e00000| Untracked 
|  35|0x0000000707000000, 0x0000000707000000, 0x0000000707200000|  0%| F|  |TAMS 0x0000000707000000| PB 0x0000000707000000| Untracked 
|  36|0x0000000707200000, 0x0000000707200000, 0x0000000707400000|  0%| F|  |TAMS 0x0000000707200000| PB 0x0000000707200000| Untracked 
|  37|0x0000000707400000, 0x0000000707400000, 0x0000000707600000|  0%| F|  |TAMS 0x0000000707400000| PB 0x0000000707400000| Untracked 
|  38|0x0000000707600000, 0x0000000707600000, 0x0000000707800000|  0%| F|  |TAMS 0x0000000707600000| PB 0x0000000707600000| Untracked 
|  39|0x0000000707800000, 0x0000000707800000, 0x0000000707a00000|  0%| F|  |TAMS 0x0000000707800000| PB 0x0000000707800000| Untracked 
|  40|0x0000000707a00000, 0x0000000707a00000, 0x0000000707c00000|  0%| F|  |TAMS 0x0000000707a00000| PB 0x0000000707a00000| Untracked 
|  41|0x0000000707c00000, 0x0000000707c00000, 0x0000000707e00000|  0%| F|  |TAMS 0x0000000707c00000| PB 0x0000000707c00000| Untracked 
|  42|0x0000000707e00000, 0x0000000707e00000, 0x0000000708000000|  0%| F|  |TAMS 0x0000000707e00000| PB 0x0000000707e00000| Untracked 
|  43|0x0000000708000000, 0x0000000708000000, 0x0000000708200000|  0%| F|  |TAMS 0x0000000708000000| PB 0x0000000708000000| Untracked 
|  44|0x0000000708200000, 0x0000000708200000, 0x0000000708400000|  0%| F|  |TAMS 0x0000000708200000| PB 0x0000000708200000| Untracked 
|  45|0x0000000708400000, 0x0000000708400000, 0x0000000708600000|  0%| F|  |TAMS 0x0000000708400000| PB 0x0000000708400000| Untracked 
|  46|0x0000000708600000, 0x0000000708600000, 0x0000000708800000|  0%| F|  |TAMS 0x0000000708600000| PB 0x0000000708600000| Untracked 
|  47|0x0000000708800000, 0x0000000708800000, 0x0000000708a00000|  0%| F|  |TAMS 0x0000000708800000| PB 0x0000000708800000| Untracked 
|  48|0x0000000708a00000, 0x0000000708a00000, 0x0000000708c00000|  0%| F|  |TAMS 0x0000000708a00000| PB 0x0000000708a00000| Untracked 
|  49|0x0000000708c00000, 0x0000000708c00000, 0x0000000708e00000|  0%| F|  |TAMS 0x0000000708c00000| PB 0x0000000708c00000| Untracked 
|  50|0x0000000708e00000, 0x0000000708e00000, 0x0000000709000000|  0%| F|  |TAMS 0x0000000708e00000| PB 0x0000000708e00000| Untracked 
|  51|0x0000000709000000, 0x0000000709000000, 0x0000000709200000|  0%| F|  |TAMS 0x0000000709000000| PB 0x0000000709000000| Untracked 
|  52|0x0000000709200000, 0x0000000709200000, 0x0000000709400000|  0%| F|  |TAMS 0x0000000709200000| PB 0x0000000709200000| Untracked 
|  53|0x0000000709400000, 0x0000000709400000, 0x0000000709600000|  0%| F|  |TAMS 0x0000000709400000| PB 0x0000000709400000| Untracked 
|  54|0x0000000709600000, 0x0000000709600000, 0x0000000709800000|  0%| F|  |TAMS 0x0000000709600000| PB 0x0000000709600000| Untracked 
|  55|0x0000000709800000, 0x0000000709800000, 0x0000000709a00000|  0%| F|  |TAMS 0x0000000709800000| PB 0x0000000709800000| Untracked 
|  56|0x0000000709a00000, 0x0000000709a00000, 0x0000000709c00000|  0%| F|  |TAMS 0x0000000709a00000| PB 0x0000000709a00000| Untracked 
|  57|0x0000000709c00000, 0x0000000709c00000, 0x0000000709e00000|  0%| F|  |TAMS 0x0000000709c00000| PB 0x0000000709c00000| Untracked 
|  58|0x0000000709e00000, 0x0000000709e00000, 0x000000070a000000|  0%| F|  |TAMS 0x0000000709e00000| PB 0x0000000709e00000| Untracked 
|  59|0x000000070a000000, 0x000000070a000000, 0x000000070a200000|  0%| F|  |TAMS 0x000000070a000000| PB 0x000000070a000000| Untracked 
|  60|0x000000070a200000, 0x000000070a200000, 0x000000070a400000|  0%| F|  |TAMS 0x000000070a200000| PB 0x000000070a200000| Untracked 
|  61|0x000000070a400000, 0x000000070a400000, 0x000000070a600000|  0%| F|  |TAMS 0x000000070a400000| PB 0x000000070a400000| Untracked 
|  62|0x000000070a600000, 0x000000070a600000, 0x000000070a800000|  0%| F|  |TAMS 0x000000070a600000| PB 0x000000070a600000| Untracked 
|  63|0x000000070a800000, 0x000000070a800000, 0x000000070aa00000|  0%| F|  |TAMS 0x000000070a800000| PB 0x000000070a800000| Untracked 
|  64|0x000000070aa00000, 0x000000070aa00000, 0x000000070ac00000|  0%| F|  |TAMS 0x000000070aa00000| PB 0x000000070aa00000| Untracked 
|  65|0x000000070ac00000, 0x000000070ac00000, 0x000000070ae00000|  0%| F|  |TAMS 0x000000070ac00000| PB 0x000000070ac00000| Untracked 
|  66|0x000000070ae00000, 0x000000070ae00000, 0x000000070b000000|  0%| F|  |TAMS 0x000000070ae00000| PB 0x000000070ae00000| Untracked 
|  67|0x000000070b000000, 0x000000070b000000, 0x000000070b200000|  0%| F|  |TAMS 0x000000070b000000| PB 0x000000070b000000| Untracked 
|  68|0x000000070b200000, 0x000000070b400000, 0x000000070b400000|100%| E|  |TAMS 0x000000070b200000| PB 0x000000070b200000| Complete 
|  69|0x000000070b400000, 0x000000070b600000, 0x000000070b600000|100%| E|CS|TAMS 0x000000070b400000| PB 0x000000070b400000| Complete 
| 107|0x0000000710000000, 0x0000000710200000, 0x0000000710200000|100%| E|CS|TAMS 0x0000000710000000| PB 0x0000000710000000| Complete 
| 108|0x0000000710200000, 0x0000000710400000, 0x0000000710400000|100%| E|CS|TAMS 0x0000000710200000| PB 0x0000000710200000| Complete 
| 109|0x0000000710400000, 0x0000000710600000, 0x0000000710600000|100%| E|CS|TAMS 0x0000000710400000| PB 0x0000000710400000| Complete 
| 126|0x0000000712600000, 0x0000000712800000, 0x0000000712800000|100%| E|CS|TAMS 0x0000000712600000| PB 0x0000000712600000| Complete 

Card table byte_map: [0x0000026c727f0000,0x0000026c72fe0000] _byte_map_base: 0x0000026c6efdb000

Marking Bits: (CMBitMap*) 0x0000026c6e9b7940
 Bits: [0x0000026c72fe0000, 0x0000026c76f38000)

Polling page: 0x0000026c6c680000

Metaspace:

Usage:
  Non-class:     50.14 MB used.
      Class:      6.76 MB used.
       Both:     56.90 MB used.

Virtual space:
  Non-class space:       64.00 MB reserved,      50.31 MB ( 79%) committed,  1 nodes.
      Class space:        1.00 GB reserved,       6.88 MB ( <1%) committed,  1 nodes.
             Both:        1.06 GB reserved,      57.19 MB (  5%) committed. 

Chunk freelists:
   Non-Class:  13.36 MB
       Class:  9.17 MB
        Both:  22.53 MB

MaxMetaspaceSize: unlimited
CompressedClassSpaceSize: 1.00 GB
Initial GC threshold: 21.00 MB
Current GC threshold: 58.69 MB
CDS: off
 - commit_granule_bytes: 65536.
 - commit_granule_words: 8192.
 - virtual_space_node_default_size: 8388608.
 - enlarge_chunks_in_place: 1.
 - use_allocation_guard: 0.


Internal statistics:

num_allocs_failed_limit: 6.
num_arena_births: 240.
num_arena_deaths: 0.
num_vsnodes_births: 2.
num_vsnodes_deaths: 0.
num_space_committed: 915.
num_space_uncommitted: 0.
num_chunks_returned_to_freelist: 6.
num_chunks_taken_from_freelist: 1917.
num_chunk_merges: 3.
num_chunk_splits: 1636.
num_chunks_enlarged: 1509.
num_inconsistent_stats: 0.

CodeHeap 'non-profiled nmethods': size=120000Kb used=1634Kb max_used=1634Kb free=118365Kb
 bounds [0x0000026c07ad0000, 0x0000026c07d40000, 0x0000026c0f000000]
CodeHeap 'profiled nmethods': size=120000Kb used=6072Kb max_used=6072Kb free=113927Kb
 bounds [0x0000026c00000000, 0x0000026c005f0000, 0x0000026c07530000]
CodeHeap 'non-nmethods': size=5760Kb used=1605Kb max_used=1681Kb free=4154Kb
 bounds [0x0000026c07530000, 0x0000026c077a0000, 0x0000026c07ad0000]
CodeCache: size=245760Kb, used=9311Kb, max_used=9387Kb, free=236446Kb
 total_blobs=3789, nmethods=3121, adapters=572, full_count=0
Compilation: enabled, stopped_count=0, restarted_count=0

Compilation events (20 events):
Event: 8.675 Thread 0x0000026c123ecd70 3231       4       java.util.HashMap::getNode (150 bytes)
Event: 8.678 Thread 0x0000026c123ecd70 nmethod 3231 0x0000026c07c52d90 code [0x0000026c07c52f40, 0x0000026c07c53250]
Event: 8.678 Thread 0x0000026c123ecd70 3232   !   4       jdk.internal.loader.Resource::getBytes (244 bytes)
Event: 8.740 Thread 0x0000026c7e085a50 3235       1       org.jetbrains.kotlin.fir.declarations.impl.FirDeclarationStatusImpl::getVisibility (5 bytes)
Event: 8.743 Thread 0x0000026c7e085a50 nmethod 3235 0x0000026c07c53490 code [0x0000026c07c53620, 0x0000026c07c536f0]
Event: 8.762 Thread 0x0000026c7e085a50 3236       3       kotlin.collections.builders.ListBuilder$Itr::hasNext (20 bytes)
Event: 8.762 Thread 0x0000026c7e085a50 nmethod 3236 0x0000026c005d9010 code [0x0000026c005d91c0, 0x0000026c005d9340]
Event: 8.767 Thread 0x0000026c7e085a50 3237       1       kotlin.collections.builders.ListBuilder::access$getBacking$p (5 bytes)
Event: 8.767 Thread 0x0000026c7e085a50 nmethod 3237 0x0000026c07c53790 code [0x0000026c07c53920, 0x0000026c07c539d0]
Event: 8.882 Thread 0x0000026c7e085a50 3240       3       java.lang.invoke.MemberName::equals (24 bytes)
Event: 8.882 Thread 0x0000026c7e085a50 nmethod 3240 0x0000026c005d9410 code [0x0000026c005d95e0, 0x0000026c005d9980]
Event: 8.884 Thread 0x0000026c7e085a50 3241       3       kotlin.ranges.RangesKt___RangesKt::coerceAtLeast (11 bytes)
Event: 8.884 Thread 0x0000026c7e085a50 nmethod 3241 0x0000026c005d9a10 code [0x0000026c005d9ba0, 0x0000026c005d9cd8]
Event: 9.151 Thread 0x0000026c123ecd70 nmethod 3232 0x0000026c07c53d90 code [0x0000026c07c546c0, 0x0000026c07c5d5c0]
Event: 9.151 Thread 0x0000026c123ecd70 3238   !   4       java.util.zip.ZipCoder$UTF8ZipCoder::compare (81 bytes)
Event: 9.156 Thread 0x0000026c123ecd70 nmethod 3238 0x0000026c07c61c90 code [0x0000026c07c61e60, 0x0000026c07c62518]
Event: 9.156 Thread 0x0000026c123ecd70 3233       4       java.net.URLStreamHandler::toExternalForm (156 bytes)
Event: 9.173 Thread 0x0000026c123ecd70 nmethod 3233 0x0000026c07c62b10 code [0x0000026c07c62e20, 0x0000026c07c64700]
Event: 9.173 Thread 0x0000026c123ecd70 3234       4       java.util.zip.CRC32::update (38 bytes)
Event: 9.174 Thread 0x0000026c123ecd70 nmethod 3234 0x0000026c07c65610 code [0x0000026c07c657a0, 0x0000026c07c65998]

GC Heap History (16 events):
Event: 1.227 GC heap before
{Heap before GC invocations=0 (full 0):
 garbage-first heap   total 260096K, used 24576K [0x0000000702a00000, 0x0000000800000000)
  region size 2048K, 11 young (22528K), 0 survivors (0K)
 Metaspace       used 13632K, committed 13760K, reserved 1114112K
  class space    used 1290K, committed 1344K, reserved 1048576K
}
Event: 1.234 GC heap after
{Heap after GC invocations=1 (full 0):
 garbage-first heap   total 260096K, used 7027K [0x0000000702a00000, 0x0000000800000000)
  region size 2048K, 2 young (4096K), 2 survivors (4096K)
 Metaspace       used 13632K, committed 13760K, reserved 1114112K
  class space    used 1290K, committed 1344K, reserved 1048576K
}
Event: 2.471 GC heap before
{Heap before GC invocations=1 (full 0):
 garbage-first heap   total 260096K, used 33651K [0x0000000702a00000, 0x0000000800000000)
  region size 2048K, 17 young (34816K), 2 survivors (4096K)
 Metaspace       used 21393K, committed 21504K, reserved 1114112K
  class space    used 2348K, committed 2432K, reserved 1048576K
}
Event: 2.482 GC heap after
{Heap after GC invocations=2 (full 0):
 garbage-first heap   total 260096K, used 10085K [0x0000000702a00000, 0x0000000800000000)
  region size 2048K, 3 young (6144K), 3 survivors (6144K)
 Metaspace       used 21393K, committed 21504K, reserved 1114112K
  class space    used 2348K, committed 2432K, reserved 1048576K
}
Event: 3.560 GC heap before
{Heap before GC invocations=3 (full 0):
 garbage-first heap   total 34816K, used 34661K [0x0000000702a00000, 0x0000000800000000)
  region size 2048K, 15 young (30720K), 3 survivors (6144K)
 Metaspace       used 30511K, committed 30784K, reserved 1114112K
  class space    used 3932K, committed 4032K, reserved 1048576K
}
Event: 3.571 GC heap after
{Heap after GC invocations=4 (full 0):
 garbage-first heap   total 43008K, used 11231K [0x0000000702a00000, 0x0000000800000000)
  region size 2048K, 4 young (8192K), 4 survivors (8192K)
 Metaspace       used 30511K, committed 30784K, reserved 1114112K
  class space    used 3932K, committed 4032K, reserved 1048576K
}
Event: 4.102 GC heap before
{Heap before GC invocations=4 (full 0):
 garbage-first heap   total 43008K, used 27615K [0x0000000702a00000, 0x0000000800000000)
  region size 2048K, 12 young (24576K), 4 survivors (8192K)
 Metaspace       used 32090K, committed 32384K, reserved 1114112K
  class space    used 4142K, committed 4288K, reserved 1048576K
}
Event: 4.121 GC heap after
{Heap after GC invocations=5 (full 0):
 garbage-first heap   total 43008K, used 15497K [0x0000000702a00000, 0x0000000800000000)
  region size 2048K, 2 young (4096K), 2 survivors (4096K)
 Metaspace       used 32090K, committed 32384K, reserved 1114112K
  class space    used 4142K, committed 4288K, reserved 1048576K
}
Event: 4.662 GC heap before
{Heap before GC invocations=5 (full 0):
 garbage-first heap   total 43008K, used 27785K [0x0000000702a00000, 0x0000000800000000)
  region size 2048K, 9 young (18432K), 2 survivors (4096K)
 Metaspace       used 35753K, committed 35968K, reserved 1114112K
  class space    used 4553K, committed 4672K, reserved 1048576K
}
Event: 4.679 GC heap after
{Heap after GC invocations=6 (full 0):
 garbage-first heap   total 43008K, used 17045K [0x0000000702a00000, 0x0000000800000000)
  region size 2048K, 1 young (2048K), 1 survivors (2048K)
 Metaspace       used 35753K, committed 35968K, reserved 1114112K
  class space    used 4553K, committed 4672K, reserved 1048576K
}
Event: 5.097 GC heap before
{Heap before GC invocations=7 (full 0):
 garbage-first heap   total 43008K, used 33429K [0x0000000702a00000, 0x0000000800000000)
  region size 2048K, 9 young (18432K), 1 survivors (2048K)
 Metaspace       used 38737K, committed 38976K, reserved 1114112K
  class space    used 4898K, committed 4992K, reserved 1048576K
}
Event: 5.111 GC heap after
{Heap after GC invocations=8 (full 0):
 garbage-first heap   total 43008K, used 19039K [0x0000000702a00000, 0x0000000800000000)
  region size 2048K, 2 young (4096K), 2 survivors (4096K)
 Metaspace       used 38737K, committed 38976K, reserved 1114112K
  class space    used 4898K, committed 4992K, reserved 1048576K
}
Event: 5.441 GC heap before
{Heap before GC invocations=8 (full 0):
 garbage-first heap   total 43008K, used 31327K [0x0000000702a00000, 0x0000000800000000)
  region size 2048K, 9 young (18432K), 2 survivors (4096K)
 Metaspace       used 40941K, committed 41216K, reserved 1114112K
  class space    used 5127K, committed 5248K, reserved 1048576K
}
Event: 5.453 GC heap after
{Heap after GC invocations=9 (full 0):
 garbage-first heap   total 151552K, used 21139K [0x0000000702a00000, 0x0000000800000000)
  region size 2048K, 1 young (2048K), 1 survivors (2048K)
 Metaspace       used 40941K, committed 41216K, reserved 1114112K
  class space    used 5127K, committed 5248K, reserved 1048576K
}
Event: 8.378 GC heap before
{Heap before GC invocations=9 (full 0):
 garbage-first heap   total 151552K, used 105107K [0x0000000702a00000, 0x0000000800000000)
  region size 2048K, 43 young (88064K), 1 survivors (2048K)
 Metaspace       used 55441K, committed 55680K, reserved 1114112K
  class space    used 6616K, committed 6720K, reserved 1048576K
}
Event: 8.415 GC heap after
{Heap after GC invocations=10 (full 0):
 garbage-first heap   total 151552K, used 36328K [0x0000000702a00000, 0x0000000800000000)
  region size 2048K, 6 young (12288K), 6 survivors (12288K)
 Metaspace       used 55441K, committed 55680K, reserved 1114112K
  class space    used 6616K, committed 6720K, reserved 1048576K
}

Dll operation events (3 events):
Event: 0.015 Loaded shared library C:\Program Files\Android\Android Studio\jbr\bin\java.dll
Event: 0.023 Loaded shared library C:\Program Files\Android\Android Studio\jbr\bin\zip.dll
Event: 4.377 Loaded shared library C:\Program Files\Android\Android Studio\jbr\bin\verify.dll

Deoptimization events (20 events):
Event: 7.774 Thread 0x0000026c6e953540 DEOPT PACKING pc=0x0000026c004b4a54 sp=0x000000e4dbafab80
Event: 7.775 Thread 0x0000026c6e953540 DEOPT UNPACKING pc=0x0000026c07584e42 sp=0x000000e4dbafa150 mode 0
Event: 8.137 Thread 0x0000026c6e953540 DEOPT PACKING pc=0x0000026c00566c12 sp=0x000000e4dbafbd40
Event: 8.137 Thread 0x0000026c6e953540 DEOPT UNPACKING pc=0x0000026c07584e42 sp=0x000000e4dbafb218 mode 0
Event: 8.150 Thread 0x0000026c6e953540 DEOPT PACKING pc=0x0000026c00566c12 sp=0x000000e4dbafbd40
Event: 8.150 Thread 0x0000026c6e953540 DEOPT UNPACKING pc=0x0000026c07584e42 sp=0x000000e4dbafb218 mode 0
Event: 8.197 Thread 0x0000026c6e953540 DEOPT PACKING pc=0x0000026c00566c12 sp=0x000000e4dbafbd40
Event: 8.197 Thread 0x0000026c6e953540 DEOPT UNPACKING pc=0x0000026c07584e42 sp=0x000000e4dbafb218 mode 0
Event: 8.204 Thread 0x0000026c6e953540 DEOPT PACKING pc=0x0000026c00566c12 sp=0x000000e4dbafbd40
Event: 8.204 Thread 0x0000026c6e953540 DEOPT UNPACKING pc=0x0000026c07584e42 sp=0x000000e4dbafb218 mode 0
Event: 8.235 Thread 0x0000026c6e953540 Uncommon trap: trap_request=0xffffff45 fr.pc=0x0000026c07c34978 relative=0x00000000000008b8
Event: 8.235 Thread 0x0000026c6e953540 Uncommon trap: reason=unstable_if action=reinterpret pc=0x0000026c07c34978 method=org.jetbrains.kotlin.metadata.ProtoBuf$Type.hasFlexibleUpperBound()Z @ 7 c2
Event: 8.235 Thread 0x0000026c6e953540 DEOPT PACKING pc=0x0000026c07c34978 sp=0x000000e4dbafbb00
Event: 8.235 Thread 0x0000026c6e953540 DEOPT UNPACKING pc=0x0000026c075846a2 sp=0x000000e4dbafba50 mode 2
Event: 8.246 Thread 0x0000026c6e953540 DEOPT PACKING pc=0x0000026c00566c12 sp=0x000000e4dbafbd40
Event: 8.246 Thread 0x0000026c6e953540 DEOPT UNPACKING pc=0x0000026c07584e42 sp=0x000000e4dbafb218 mode 0
Event: 8.573 Thread 0x0000026c6e953540 Uncommon trap: trap_request=0xffffff45 fr.pc=0x0000026c07b18c70 relative=0x0000000000000790
Event: 8.573 Thread 0x0000026c6e953540 Uncommon trap: reason=unstable_if action=reinterpret pc=0x0000026c07b18c70 method=java.util.ArrayList.grow(I)[Ljava/lang/Object; @ 17 c2
Event: 8.573 Thread 0x0000026c6e953540 DEOPT PACKING pc=0x0000026c07b18c70 sp=0x000000e4dbafe120
Event: 8.573 Thread 0x0000026c6e953540 DEOPT UNPACKING pc=0x0000026c075846a2 sp=0x000000e4dbafdfb8 mode 2

Classes loaded (20 events):
Event: 7.033 Loading class java/security/AccessControlException
Event: 7.033 Loading class java/security/AccessControlException done
Event: 7.100 Loading class java/text/StringCharacterIterator
Event: 7.101 Loading class java/text/CharacterIterator
Event: 7.101 Loading class java/text/CharacterIterator done
Event: 7.101 Loading class java/text/StringCharacterIterator done
Event: 7.288 Loading class java/util/concurrent/atomic/AtomicIntegerArray
Event: 7.288 Loading class java/util/concurrent/atomic/AtomicIntegerArray done
Event: 7.288 Loading class java/util/concurrent/atomic/AtomicLongArray
Event: 7.289 Loading class java/util/concurrent/atomic/AtomicLongArray done
Event: 7.326 Loading class java/lang/Override
Event: 7.326 Loading class java/lang/Override done
Event: 7.587 Loading class java/util/AbstractList$ListItr
Event: 7.587 Loading class java/util/AbstractList$ListItr done
Event: 8.445 Loading class java/util/RegularEnumSet$EnumSetIterator
Event: 8.446 Loading class java/util/RegularEnumSet$EnumSetIterator done
Event: 8.835 Loading class java/util/AbstractList$RandomAccessSubList
Event: 8.835 Loading class java/util/AbstractList$SubList
Event: 8.835 Loading class java/util/AbstractList$SubList done
Event: 8.835 Loading class java/util/AbstractList$RandomAccessSubList done

Classes unloaded (0 events):
No events

Classes redefined (0 events):
No events

Internal exceptions (20 events):
Event: 2.891 Thread 0x0000026c6e953540 Implicit null exception at 0x0000026c07b48305 to 0x0000026c07b483cc
Event: 3.708 Thread 0x0000026c6e953540 Exception <a 'java/lang/NoSuchMethodError'{0x0000000710223430}: 'void java.lang.invoke.Invokers$Holder.invokeExact_MT(java.lang.Object, int, java.lang.Object)'> (0x0000000710223430) 
thrown [s\src\hotspot\share\interpreter\linkResolver.cpp, line 784]
Event: 3.926 Thread 0x0000026c6e953540 Exception <a 'java/lang/NoSuchMethodError'{0x00000007103d3ce0}: 'java.lang.Object java.lang.invoke.DirectMethodHandle$Holder.invokeStatic(java.lang.Object, java.lang.Object, long, long)'> (0x00000007103d3ce0) 
thrown [s\src\hotspot\share\interpreter\linkResolver.cpp, line 784]
Event: 3.964 Thread 0x0000026c6e953540 Exception <a 'java/lang/NoSuchMethodError'{0x00000007103fb840}: 'long java.lang.invoke.DirectMethodHandle$Holder.invokeStatic(java.lang.Object, java.lang.Object, int)'> (0x00000007103fb840) 
thrown [s\src\hotspot\share\interpreter\linkResolver.cpp, line 784]
Event: 3.968 Thread 0x0000026c6e953540 Exception <a 'java/lang/NoSuchMethodError'{0x0000000710006d30}: 'java.lang.Object java.lang.invoke.DelegatingMethodHandle$Holder.reinvoke_L(java.lang.Object, int, long, java.lang.Object, java.lang.Object, int, java.lang.Object)'> (0x0000000710006d30) 
thrown [s\src\hotspot\share\interpreter\linkResolver.cpp, line 784]
Event: 3.978 Thread 0x0000026c6e953540 Exception <a 'java/lang/NoSuchMethodError'{0x0000000710042c00}: 'java.lang.Object java.lang.invoke.DirectMethodHandle$Holder.newInvokeSpecial(java.lang.Object, java.lang.Object, java.lang.Object, long)'> (0x0000000710042c00) 
thrown [s\src\hotspot\share\interpreter\linkResolver.cpp, line 784]
Event: 3.979 Thread 0x0000026c6e953540 Exception <a 'java/lang/NoSuchMethodError'{0x00000007100467b0}: 'java.lang.Object java.lang.invoke.Invokers$Holder.linkToTargetMethod(java.lang.Object, java.lang.Object, long, java.lang.Object)'> (0x00000007100467b0) 
thrown [s\src\hotspot\share\interpreter\linkResolver.cpp, line 784]
Event: 4.063 Thread 0x0000026c6e953540 Implicit null exception at 0x0000026c07b7daf6 to 0x0000026c07b7df28
Event: 4.065 Thread 0x0000026c6e953540 Implicit null exception at 0x0000026c07b8af32 to 0x0000026c07b8bdb0
Event: 4.530 Thread 0x0000026c6e953540 Exception <a 'java/lang/NoSuchMethodError'{0x0000000704afa510}: 'java.lang.Object java.lang.invoke.DirectMethodHandle$Holder.newInvokeSpecial(java.lang.Object, java.lang.Object, java.lang.Object, java.lang.Object, java.lang.Object, java.lang.Object, java.lang.Object)'> (0x0000000704afa510) 
thrown [s\src\hotspot\share\interpreter\linkResolver.cpp, line 784]
Event: 4.531 Thread 0x0000026c6e953540 Exception <a 'java/lang/NoSuchMethodError'{0x0000000704b05488}: 'java.lang.Object java.lang.invoke.DirectMethodHandle$Holder.newInvokeSpecial(java.lang.Object, java.lang.Object, java.lang.Object, java.lang.Object, java.lang.Object, java.lang.Object, java.lang.Object, java.lang.Object)'> (0x0000000704b05488) 
thrown [s\src\hotspot\share\interpreter\linkResolver.cpp, line 784]
Event: 4.533 Thread 0x0000026c6e953540 Exception <a 'java/lang/NoSuchMethodError'{0x0000000704b17ee8}: 'java.lang.Object java.lang.invoke.DirectMethodHandle$Holder.newInvokeSpecial(java.lang.Object, java.lang.Object, java.lang.Object, java.lang.Object, java.lang.Object, java.lang.Object, java.lang.Object, java.lang.Object, java.lang.Object)'> (0x0000000704b17ee8) 
thrown [s\src\hotspot\share\interpreter\linkResolver.cpp, line 784]
Event: 5.168 Thread 0x0000026c6e953540 Exception <a 'java/lang/NoSuchMethodError'{0x000000071024d850}: 'java.lang.Object java.lang.invoke.DirectMethodHandle$Holder.newInvokeSpecial(java.lang.Object, java.lang.Object, int, int)'> (0x000000071024d850) 
thrown [s\src\hotspot\share\interpreter\linkResolver.cpp, line 784]
Event: 5.169 Thread 0x0000026c6e953540 Exception <a 'java/lang/NoSuchMethodError'{0x00000007102518a0}: 'java.lang.Object java.lang.invoke.DirectMethodHandle$Holder.invokeSpecial(java.lang.Object, java.lang.Object, java.lang.Object, int, int)'> (0x00000007102518a0) 
thrown [s\src\hotspot\share\interpreter\linkResolver.cpp, line 784]
Event: 6.500 Thread 0x0000026c6e953540 Exception <a 'java/lang/NoSuchMethodError'{0x000000070a691848}: 'java.lang.Object java.lang.invoke.DirectMethodHandle$Holder.newInvokeSpecial(java.lang.Object, java.lang.Object, java.lang.Object, java.lang.Object, java.lang.Object, java.lang.Object)'> (0x000000070a691848) 
thrown [s\src\hotspot\share\interpreter\linkResolver.cpp, line 784]
Event: 6.987 Thread 0x0000026c6e953540 Exception <a 'java/lang/NoSuchMethodError'{0x0000000709a825c8}: 'java.lang.Object java.lang.invoke.DirectMethodHandle$Holder.newInvokeSpecial(java.lang.Object, java.lang.Object, java.lang.Object, int, java.lang.Object)'> (0x0000000709a825c8) 
thrown [s\src\hotspot\share\interpreter\linkResolver.cpp, line 784]
Event: 7.498 Thread 0x0000026c6e953540 Exception <a 'java/lang/NoSuchMethodError'{0x0000000708e3eb48}: 'java.lang.Object java.lang.invoke.DirectMethodHandle$Holder.newInvokeSpecial(java.lang.Object, java.lang.Object, java.lang.Object, java.lang.Object, int)'> (0x0000000708e3eb48) 
thrown [s\src\hotspot\share\interpreter\linkResolver.cpp, line 784]
Event: 7.499 Thread 0x0000026c6e953540 Exception <a 'java/lang/NoSuchMethodError'{0x0000000708e43240}: 'java.lang.Object java.lang.invoke.DirectMethodHandle$Holder.invokeSpecial(java.lang.Object, java.lang.Object, java.lang.Object, java.lang.Object, java.lang.Object, int)'> (0x0000000708e43240) 
thrown [s\src\hotspot\share\interpreter\linkResolver.cpp, line 784]
Event: 7.499 Thread 0x0000026c6e953540 Exception <a 'java/lang/NoSuchMethodError'{0x0000000708e47230}: 'java.lang.Object java.lang.invoke.Invokers$Holder.linkToTargetMethod(java.lang.Object, java.lang.Object, java.lang.Object, int, java.lang.Object)'> (0x0000000708e47230) 
thrown [s\src\hotspot\share\interpreter\linkResolver.cpp, line 784]
Event: 7.678 Thread 0x0000026c6e953540 Implicit null exception at 0x0000026c07b50ec7 to 0x0000026c07b51190

ZGC Phase Switch (0 events):
No events

VM Operations (20 events):
Event: 4.696 Executing VM operation: G1PauseCleanup
Event: 4.696 Executing VM operation: G1PauseCleanup done
Event: 5.097 Executing VM operation: G1CollectForAllocation (G1 Evacuation Pause)
Event: 5.111 Executing VM operation: G1CollectForAllocation (G1 Evacuation Pause) done
Event: 5.440 Executing VM operation: G1CollectForAllocation (G1 Evacuation Pause)
Event: 5.453 Executing VM operation: G1CollectForAllocation (G1 Evacuation Pause) done
Event: 6.287 Executing VM operation: HandshakeAllThreads (Deoptimize)
Event: 6.287 Executing VM operation: HandshakeAllThreads (Deoptimize) done
Event: 7.289 Executing VM operation: Cleanup
Event: 7.289 Executing VM operation: Cleanup done
Event: 7.588 Executing VM operation: HandshakeAllThreads (Deoptimize)
Event: 7.588 Executing VM operation: HandshakeAllThreads (Deoptimize) done
Event: 7.774 Executing VM operation: HandshakeAllThreads (Deoptimize)
Event: 7.774 Executing VM operation: HandshakeAllThreads (Deoptimize) done
Event: 7.781 Executing VM operation: HandshakeAllThreads (Deoptimize)
Event: 7.781 Executing VM operation: HandshakeAllThreads (Deoptimize) done
Event: 8.378 Executing VM operation: G1CollectForAllocation (G1 Evacuation Pause)
Event: 8.415 Executing VM operation: G1CollectForAllocation (G1 Evacuation Pause) done
Event: 9.422 Executing VM operation: Cleanup
Event: 9.422 Executing VM operation: Cleanup done

Memory protections (0 events):
No events

Nmethod flushes (20 events):
Event: 4.691 Thread 0x0000026c79bc8f50 flushing  nmethod 0x0000026c00072490
Event: 4.691 Thread 0x0000026c79bc8f50 flushing  nmethod 0x0000026c00074190
Event: 4.691 Thread 0x0000026c79bc8f50 flushing  nmethod 0x0000026c00074a90
Event: 4.691 Thread 0x0000026c79bc8f50 flushing  nmethod 0x0000026c00075290
Event: 4.691 Thread 0x0000026c79bc8f50 flushing  nmethod 0x0000026c000a6210
Event: 4.691 Thread 0x0000026c79bc8f50 flushing  nmethod 0x0000026c000af310
Event: 4.691 Thread 0x0000026c79bc8f50 flushing  nmethod 0x0000026c000de790
Event: 4.691 Thread 0x0000026c79bc8f50 flushing  nmethod 0x0000026c00103490
Event: 4.691 Thread 0x0000026c79bc8f50 flushing  nmethod 0x0000026c00106310
Event: 4.691 Thread 0x0000026c79bc8f50 flushing  nmethod 0x0000026c00106690
Event: 4.691 Thread 0x0000026c79bc8f50 flushing  nmethod 0x0000026c00123490
Event: 4.691 Thread 0x0000026c79bc8f50 flushing  nmethod 0x0000026c00126210
Event: 4.691 Thread 0x0000026c79bc8f50 flushing  nmethod 0x0000026c00150490
Event: 4.691 Thread 0x0000026c79bc8f50 flushing  nmethod 0x0000026c00170790
Event: 4.691 Thread 0x0000026c79bc8f50 flushing  nmethod 0x0000026c00171190
Event: 4.691 Thread 0x0000026c79bc8f50 flushing  nmethod 0x0000026c00171c90
Event: 4.691 Thread 0x0000026c79bc8f50 flushing  nmethod 0x0000026c00172610
Event: 4.691 Thread 0x0000026c79bc8f50 flushing  nmethod 0x0000026c0017ed90
Event: 4.691 Thread 0x0000026c79bc8f50 flushing  nmethod 0x0000026c00192390
Event: 4.691 Thread 0x0000026c79bc8f50 flushing  nmethod 0x0000026c001a9690

Events (20 events):
Event: 0.460 Loaded shared library C:\Program Files\Android\Android Studio\jbr\bin\jimage.dll
Event: 0.843 Thread 0x0000026c7e085a50 Thread added: 0x0000026c7e3c5f00
Event: 0.970 Thread 0x0000026c7e3c5f00 Thread exited: 0x0000026c7e3c5f00
Event: 1.586 Loaded shared library C:\Program Files\Android\Android Studio\jbr\bin\management.dll
Event: 1.599 Loaded shared library C:\Program Files\Android\Android Studio\jbr\bin\management_ext.dll
Event: 2.297 Thread 0x0000026c7e085a50 Thread added: 0x0000026c7eee2e60
Event: 2.523 Thread 0x0000026c7eee2e60 Thread exited: 0x0000026c7eee2e60
Event: 3.367 Thread 0x0000026c7e085a50 Thread added: 0x0000026c0f31ffd0
Event: 4.000 Thread 0x0000026c7e085a50 Thread added: 0x0000026c0ff86690
Event: 4.432 Thread 0x0000026c0ff86690 Thread exited: 0x0000026c0ff86690
Event: 4.491 Thread 0x0000026c0f31ffd0 Thread exited: 0x0000026c0f31ffd0
Event: 5.085 Thread 0x0000026c7e084810 Thread added: 0x0000026c7fa21500
Event: 5.636 Thread 0x0000026c7fa21500 Thread exited: 0x0000026c7fa21500
Event: 5.942 Thread 0x0000026c7e085a50 Thread added: 0x0000026c7fbcbea0
Event: 5.944 Thread 0x0000026c7e085a50 Thread added: 0x0000026c11b5dbf0
Event: 6.074 Thread 0x0000026c11b5dbf0 Thread exited: 0x0000026c11b5dbf0
Event: 6.075 Thread 0x0000026c7fbcbea0 Thread exited: 0x0000026c7fbcbea0
Event: 6.948 Thread 0x0000026c7e085a50 Thread added: 0x0000026c123ece80
Event: 7.743 Thread 0x0000026c123ece80 Thread exited: 0x0000026c123ece80
Event: 7.996 Thread 0x0000026c7e085a50 Thread added: 0x0000026c123ecd70


Dynamic libraries:
0x00007ff798390000 - 0x00007ff79839a000 	C:\Program Files\Android\Android Studio\jbr\bin\java.exe
0x00007ff8e0d50000 - 0x00007ff8e0f48000 	C:\Windows\SYSTEM32\ntdll.dll
0x00007ff8df640000 - 0x00007ff8df702000 	C:\Windows\System32\KERNEL32.DLL
0x00007ff8de5f0000 - 0x00007ff8de8e6000 	C:\Windows\System32\KERNELBASE.dll
0x00007ff8de4f0000 - 0x00007ff8de5f0000 	C:\Windows\System32\ucrtbase.dll
0x00007ff8d72e0000 - 0x00007ff8d72f8000 	C:\Program Files\Android\Android Studio\jbr\bin\jli.dll
0x00007ff877cd0000 - 0x00007ff877ceb000 	C:\Program Files\Android\Android Studio\jbr\bin\VCRUNTIME140.dll
0x00007ff8e03d0000 - 0x00007ff8e0571000 	C:\Windows\System32\USER32.dll
0x00007ff8de3e0000 - 0x00007ff8de402000 	C:\Windows\System32\win32u.dll
0x00007ff8d3810000 - 0x00007ff8d3aab000 	C:\Windows\WinSxS\amd64_microsoft.windows.common-controls_6595b64144ccf1df_6.0.19041.6456_none_60b8a6cb71f64256\COMCTL32.dll
0x00007ff8e0300000 - 0x00007ff8e032b000 	C:\Windows\System32\GDI32.dll
0x00007ff8df960000 - 0x00007ff8df9fe000 	C:\Windows\System32\msvcrt.dll
0x00007ff8debd0000 - 0x00007ff8dece9000 	C:\Windows\System32\gdi32full.dll
0x00007ff8de9a0000 - 0x00007ff8dea3d000 	C:\Windows\System32\msvcp_win.dll
0x00007ff8e0a90000 - 0x00007ff8e0abf000 	C:\Windows\System32\IMM32.DLL
0x00007ff8adda0000 - 0x00007ff8addac000 	C:\Program Files\Android\Android Studio\jbr\bin\vcruntime140_1.dll
0x00007ff8441b0000 - 0x00007ff84423d000 	C:\Program Files\Android\Android Studio\jbr\bin\msvcp140.dll
0x00007ff84aef0000 - 0x00007ff84bb86000 	C:\Program Files\Android\Android Studio\jbr\bin\server\jvm.dll
0x00007ff8e0ac0000 - 0x00007ff8e0b71000 	C:\Windows\System32\ADVAPI32.dll
0x00007ff8e0330000 - 0x00007ff8e03cf000 	C:\Windows\System32\sechost.dll
0x00007ff8df840000 - 0x00007ff8df960000 	C:\Windows\System32\RPCRT4.dll
0x00007ff8dea40000 - 0x00007ff8dea67000 	C:\Windows\System32\bcrypt.dll
0x00007ff8e0ca0000 - 0x00007ff8e0d0b000 	C:\Windows\System32\WS2_32.dll
0x00007ff8dde60000 - 0x00007ff8ddeab000 	C:\Windows\SYSTEM32\POWRPROF.dll
0x00007ff8d3f10000 - 0x00007ff8d3f37000 	C:\Windows\SYSTEM32\WINMM.dll
0x00007ff8d8a00000 - 0x00007ff8d8a0a000 	C:\Windows\SYSTEM32\VERSION.dll
0x00007ff8dde40000 - 0x00007ff8dde52000 	C:\Windows\SYSTEM32\UMPDC.dll
0x00007ff8dc270000 - 0x00007ff8dc282000 	C:\Windows\SYSTEM32\kernel.appcore.dll
0x00007ff8adbe0000 - 0x00007ff8adbea000 	C:\Program Files\Android\Android Studio\jbr\bin\jimage.dll
0x00007ff8d3d00000 - 0x00007ff8d3f01000 	C:\Windows\SYSTEM32\DBGHELP.DLL
0x00007ff8d45a0000 - 0x00007ff8d45d4000 	C:\Windows\SYSTEM32\dbgcore.DLL
0x00007ff8de460000 - 0x00007ff8de4e2000 	C:\Windows\System32\bcryptPrimitives.dll
0x00007ff877cb0000 - 0x00007ff877cd0000 	C:\Program Files\Android\Android Studio\jbr\bin\java.dll
0x00007ff876280000 - 0x00007ff876298000 	C:\Program Files\Android\Android Studio\jbr\bin\zip.dll
0x00007ff8ded70000 - 0x00007ff8df4e0000 	C:\Windows\System32\SHELL32.dll
0x00007ff8dc450000 - 0x00007ff8dcbf5000 	C:\Windows\SYSTEM32\windows.storage.dll
0x00007ff8e0580000 - 0x00007ff8e08d4000 	C:\Windows\System32\combase.dll
0x00007ff8ddda0000 - 0x00007ff8dddcb000 	C:\Windows\SYSTEM32\Wldp.dll
0x00007ff8df570000 - 0x00007ff8df63d000 	C:\Windows\System32\OLEAUT32.dll
0x00007ff8df770000 - 0x00007ff8df81d000 	C:\Windows\System32\SHCORE.dll
0x00007ff8dff50000 - 0x00007ff8dffab000 	C:\Windows\System32\shlwapi.dll
0x00007ff8de310000 - 0x00007ff8de334000 	C:\Windows\SYSTEM32\profapi.dll
0x00007ff8adb20000 - 0x00007ff8adb30000 	C:\Program Files\Android\Android Studio\jbr\bin\net.dll
0x00007ff8d9830000 - 0x00007ff8d993a000 	C:\Windows\SYSTEM32\WINHTTP.dll
0x00007ff8dda90000 - 0x00007ff8ddafa000 	C:\Windows\system32\mswsock.dll
0x00007ff875d20000 - 0x00007ff875d36000 	C:\Program Files\Android\Android Studio\jbr\bin\nio.dll
0x00007ff8a2c30000 - 0x00007ff8a2c39000 	C:\Program Files\Android\Android Studio\jbr\bin\management.dll
0x00007ff8a1980000 - 0x00007ff8a198b000 	C:\Program Files\Android\Android Studio\jbr\bin\management_ext.dll
0x00007ff8dfee0000 - 0x00007ff8dfee8000 	C:\Windows\System32\PSAPI.DLL
0x00007ff8d7080000 - 0x00007ff8d7090000 	C:\Program Files\Android\Android Studio\jbr\bin\verify.dll

JVMTI agents: none

dbghelp: loaded successfully - version: 4.0.5 - missing functions: none
symbol engine: initialized successfully - sym options: 0x614 - pdb path: .;C:\Program Files\Android\Android Studio\jbr\bin;C:\Windows\SYSTEM32;C:\Windows\WinSxS\amd64_microsoft.windows.common-controls_6595b64144ccf1df_6.0.19041.6456_none_60b8a6cb71f64256;C:\Program Files\Android\Android Studio\jbr\bin\server

VM Arguments:
java_command: org.jetbrains.kotlin.cli.jvm.K2JVMCompiler @C:\Users\Abhinandan\AppData\Local\Pub\Cache\hosted\pub.dev\package_info_plus-9.0.0\android\build\20260206_10023614639767355153.compiler.options
java_class_path (initial): C:\Users\Abhinandan\.gradle\caches\modules-2\files-2.1\org.jetbrains.kotlin\kotlin-compiler-embeddable\2.2.20\bb8331b7585e36ea311825b01a1c06860c055fd1\kotlin-compiler-embeddable-2.2.20.jar;C:\Users\Abhinandan\.gradle\caches\modules-2\files-2.1\org.jetbrains.kotlin\kotlin-stdlib\2.2.20\5380b19fa1924399b62ce3a1faffebb2b4f82272\kotlin-stdlib-2.2.20.jar;C:\Users\Abhinandan\.gradle\caches\modules-2\files-2.1\org.jetbrains.kotlin\kotlin-script-runtime\2.2.20\4c679cbeac0bb583b75c3a080013da8eaf240807\kotlin-script-runtime-2.2.20.jar;C:\Users\Abhinandan\.gradle\caches\modules-2\files-2.1\org.jetbrains.kotlin\kotlin-reflect\1.6.10\1cbe9c92c12a94eea200d23c2bbaedaf3daf5132\kotlin-reflect-1.6.10.jar;C:\Users\Abhinandan\.gradle\caches\modules-2\files-2.1\org.jetbrains.kotlin\kotlin-daemon-embeddable\2.2.20\feff12d48d7f1eb628742b0a721395e16f8755bf\kotlin-daemon-embeddable-2.2.20.jar;C:\Users\Abhinandan\.gradle\caches\modules-2\files-2.1\org.jetbrains.kotlinx\kotlinx-coroutines-core-jvm\1.8.0\ac1dc37a30a93150b704022f8d895ee1bd3a36b3\kotlinx-coroutines-core-jvm-1.8.0.jar;C:\Users\Abhinandan\.gradle\caches\modules-2\files-2.1\org.jetbrains\annotations\13.0\919f0dfe192fb4e063e7dacadee7f8bb9a2672a9\annotations-13.0.jar
Launcher Type: SUN_STANDARD

[Global flags]
     intx CICompilerCount                          = 4                                         {product} {ergonomic}
     uint ConcGCThreads                            = 3                                         {product} {ergonomic}
     uint G1ConcRefinementThreads                  = 10                                        {product} {ergonomic}
   size_t G1HeapRegionSize                         = 2097152                                   {product} {ergonomic}
    uintx GCDrainStackTargetSize                   = 64                                        {product} {ergonomic}
   size_t InitialHeapSize                          = 266338304                                 {product} {ergonomic}
   size_t MarkStackSize                            = 4194304                                   {product} {ergonomic}
   size_t MaxHeapSize                              = 4250927104                                {product} {ergonomic}
   size_t MaxNewSize                               = 2550136832                                {product} {ergonomic}
   size_t MinHeapDeltaBytes                        = 2097152                                   {product} {ergonomic}
   size_t MinHeapSize                              = 8388608                                   {product} {ergonomic}
    uintx NonNMethodCodeHeapSize                   = 5839372                                {pd product} {ergonomic}
    uintx NonProfiledCodeHeapSize                  = 122909434                              {pd product} {ergonomic}
    uintx ProfiledCodeHeapSize                     = 122909434                              {pd product} {ergonomic}
    uintx ReservedCodeCacheSize                    = 251658240                              {pd product} {ergonomic}
     bool SegmentedCodeCache                       = true                                      {product} {ergonomic}
   size_t SoftMaxHeapSize                          = 4250927104                             {manageable} {ergonomic}
     bool UseCompressedOops                        = true                           {product lp64_product} {ergonomic}
     bool UseG1GC                                  = true                                      {product} {ergonomic}
     bool UseLargePagesIndividualAllocation        = false                                  {pd product} {ergonomic}

Logging:
Log output configuration:
 #0: stdout all=warning uptime,level,tags foldmultilines=false
 #1: stderr all=off uptime,level,tags foldmultilines=false

Environment Variables:
JAVA_HOME=C:\Program Files\Android\Android Studio\jbr
CLASSPATH=D:\sam_jas_academy_V2\android\\gradle\wrapper\gradle-wrapper.jar
PATH=C:\Program Files\Android\Android Studio\jbr\bin;C:\flutter\flutter\bin\;C:\Python314\Scripts\;C:\Python314\;C:\Windows\system32;C:\Windows;C:\Windows\System32\Wbem;C:\Windows\System32\WindowsPowerShell\v1.0\;C:\Windows\System32\OpenSSH\;C:\Program Files (x86)\Microsoft SQL Server\100\Tools\Binn\;C:\Program Files\Microsoft SQL Server\100\Tools\Binn\;C:\Program Files\Microsoft SQL Server\100\DTS\Binn\;C:\Program Files\Microsoft SQL Server\Client SDK\ODBC\130\Tools\Binn\;C:\Program Files (x86)\Microsoft SQL Server\130\Tools\Binn\;C:\Program Files\Microsoft SQL Server\130\Tools\Binn\;C:\Program Files\Microsoft SQL Server\130\DTS\Binn\;C:\Program Files (x86)\Microsoft SQL Server\Client SDK\ODBC\130\Tools\Binn\;C:\Program Files (x86)\Microsoft SQL Server\140\Tools\Binn\;C:\Program Files (x86)\Microsoft SQL Server\140\DTS\Binn\;C:\Program Files (x86)\Microsoft SQL Server\140\Tools\Binn\ManagementStudio\;C:\Program Files\TortoiseSVN\bin;C:\Program Files\Microsoft SQL Server\150\Tools\Binn\;C:\Program Files\Microsoft SQL Server\Client SDK\ODBC\170\Tools\Binn\;C:\Program Files\dotnet\;C:\Program Files\Git\cmd;C:\Program Files\nodejs\;C:\ProgramData\chocolatey\bin;C:\Users\Abhinandan\AppData\Local\Microsoft\WindowsApps;C:\Users\Abhinandan\.dotnet\tools;C:\Users\Abhinandan\AppData\Local\Programs\Microsoft VS Code\bin;C:\Program Files\Git\cmd;C:\flutter\flutter\bin;C:\Users\Abhinandan\AppData\Local\Pub\Cache\bin;C:\Users\Abhinandan\AppData\Roaming\npm;C:\Users\Abhinandan\AppData\Local\Android\Sdk\platform-tools;C:\Program Files\Android\Android Studio\jbr;C:\Program Files\Android\Android Studio\jbr\bin;
USERNAME=Abhinandan
LANG=en_US.UTF-8
OS=Windows_NT
PROCESSOR_IDENTIFIER=Intel64 Family 6 Model 165 Stepping 5, GenuineIntel
TMP=C:\Users\ABHINA~1\AppData\Local\Temp
TEMP=C:\Users\ABHINA~1\AppData\Local\Temp




Periodic native trim disabled

JNI global refs:
JNI global refs: 9, weak refs: 0

JNI global refs memory usage: 835, weak refs: 833

Process memory usage:
Resident Set Size: 302248K (1% of 16602440K total physical memory with 429452K free physical memory)

OOME stack traces (most recent first):
Classloader memory used:
Loader jdk.internal.loader.ClassLoaders$AppClassLoader                                 : 47268K
Loader bootstrap                                                                       : 11033K

---------------  S Y S T E M  ---------------

OS:
 Windows 10 , 64 bit Build 19041 (10.0.19041.5915)
OS uptime: 0 days 6:15 hours

CPU: total 12 (initial active 12) (6 cores per cpu, 2 threads per core) family 6 model 165 stepping 5 microcode 0xec, cx8, cmov, fxsr, ht, mmx, 3dnowpref, sse, sse2, sse3, ssse3, sse4.1, sse4.2, popcnt, lzcnt, tsc, tscinvbit, avx, avx2, aes, erms, clmul, bmi1, bmi2, adx, fma, vzeroupper, clflush, clflushopt, rdtscp, f16c, pku
Processor Information for the first 12 processors :
  Max Mhz: 2904, Current Mhz: 2904, Mhz Limit: 2904

Memory: 4k page, system-wide physical 16213M (419M free)
TotalPageFile size 26304M (AvailPageFile size 26M)
current process WorkingSet (physical memory assigned to process): 295M, peak: 303M
current process commit charge ("private bytes"): 358M, peak: 365M

vm_info: OpenJDK 64-Bit Server VM (21.0.8+-14196175-b1038.72) for windows-amd64 JRE (21.0.8+-14196175-b1038.72), built on 2025-10-01T10:24:33Z by "builder" with MS VC++ 16.10 / 16.11 (VS2019)

END.
