#
# There is insufficient memory for the Java Runtime Environment to continue.
# Native memory allocation (malloc) failed to allocate 959936 bytes. Error detail: Chunk::new
# Possible reasons:
#   The system is out of physical RAM or swap space
#   This process is running with CompressedOops enabled, and the Java Heap may be blocking the growth of the native heap
# Possible solutions:
#   Reduce memory load on the system
#   Increase physical memory or swap space
#   Check if swap backing store is full
#   Decrease Java heap size (-Xmx/-Xms)
#   Decrease number of Java threads
#   Decrease Java thread stack sizes (-Xss)
#   Set larger code cache with -XX:ReservedCodeCacheSize=
#   JVM is running with Zero Based Compressed Oops mode in which the Java heap is
#     placed in the first 32GB address space. The Java Heap base address is the
#     maximum limit for the native heap growth. Please use -XX:HeapBaseMinAddress
#     to set the Java Heap base and to place the Java Heap above 32GB virtual address.
# This output file may be truncated or incomplete.
#
#  Out of Memory Error (arena.cpp:168), pid=21200, tid=24360
#
# JRE version: OpenJDK Runtime Environment (21.0.8) (build 21.0.8+-14196175-b1038.72)
# Java VM: OpenJDK 64-Bit Server VM (21.0.8+-14196175-b1038.72, mixed mode, tiered, compressed oops, compressed class ptrs, g1 gc, windows-amd64)
# No core dump will be written. Minidumps are not enabled by default on client versions of Windows
#

---------------  S U M M A R Y ------------

Command Line: org.jetbrains.kotlin.cli.jvm.K2JVMCompiler @C:\Users\Abhinandan\AppData\Local\Pub\Cache\hosted\pub.dev\firebase_storage-13.0.6\android\build\20260206_4536692321918626172.compiler.options

Host: Intel(R) Core(TM) i5-10400 CPU @ 2.90GHz, 12 cores, 15G,  Windows 10 , 64 bit Build 19041 (10.0.19041.5915)
Time: Fri Feb  6 19:08:20 2026 India Standard Time elapsed time: 6.462396 seconds (0d 0h 0m 6s)

---------------  T H R E A D  ---------------

Current thread (0x000002103e76c4d0):  JavaThread "C2 CompilerThread0" daemon [_thread_in_native, id=24360, stack(0x0000002fe9100000,0x0000002fe9200000) (1024K)]


Current CompileTask:
C2:6462 2447   !   4       jdk.internal.loader.BuiltinClassLoader::findClassOnClassPathOrNull (134 bytes)

Stack: [0x0000002fe9100000,0x0000002fe9200000]
Native frames: (J=compiled Java code, j=interpreted, Vv=VM code, C=native code)
V  [jvm.dll+0x6d68d9]
V  [jvm.dll+0x866693]
V  [jvm.dll+0x868c4e]
V  [jvm.dll+0x869333]
V  [jvm.dll+0x280566]
V  [jvm.dll+0xc07cd]
V  [jvm.dll+0xc0d03]
V  [jvm.dll+0x2f5970]
V  [jvm.dll+0x5ff719]
V  [jvm.dll+0x252362]
V  [jvm.dll+0x25271f]
V  [jvm.dll+0x24aec5]
V  [jvm.dll+0x24871e]
V  [jvm.dll+0x1c73a4]
V  [jvm.dll+0x257f9e]
V  [jvm.dll+0x2564e6]
V  [jvm.dll+0x3f4696]
V  [jvm.dll+0x80eac8]
V  [jvm.dll+0x6d512d]
C  [ucrtbase.dll+0x21bb2]
C  [KERNEL32.DLL+0x17374]
C  [ntdll.dll+0x4cc91]


---------------  P R O C E S S  ---------------

Threads class SMR info:
_java_thread_list=0x000002103ea78340, length=11, elements={
0x00000210242f3490, 0x000002103e7220d0, 0x000002103e723e00, 0x000002103e7389e0,
0x000002103e74b810, 0x000002103e758510, 0x000002103e758f70, 0x000002103e7599d0,
0x000002103e76c4d0, 0x000002103e73d460, 0x000002103e8f5b30
}

Java Threads: ( => current thread )
  0x00000210242f3490 JavaThread "main"                              [_thread_in_native, id=1848, stack(0x0000002fe8200000,0x0000002fe8300000) (1024K)]
  0x000002103e7220d0 JavaThread "Common-Cleaner"             daemon [_thread_blocked, id=4548, stack(0x0000002fe8a00000,0x0000002fe8b00000) (1024K)]
  0x000002103e723e00 JavaThread "Reference Handler"          daemon [_thread_blocked, id=1344, stack(0x0000002fe8b00000,0x0000002fe8c00000) (1024K)]
  0x000002103e7389e0 JavaThread "Finalizer"                  daemon [_thread_blocked, id=14604, stack(0x0000002fe8c00000,0x0000002fe8d00000) (1024K)]
  0x000002103e74b810 JavaThread "Signal Dispatcher"          daemon [_thread_blocked, id=17892, stack(0x0000002fe8d00000,0x0000002fe8e00000) (1024K)]
  0x000002103e758510 JavaThread "Attach Listener"            daemon [_thread_blocked, id=15580, stack(0x0000002fe8e00000,0x0000002fe8f00000) (1024K)]
  0x000002103e758f70 JavaThread "Service Thread"             daemon [_thread_blocked, id=12388, stack(0x0000002fe8f00000,0x0000002fe9000000) (1024K)]
  0x000002103e7599d0 JavaThread "Monitor Deflation Thread"   daemon [_thread_blocked, id=17132, stack(0x0000002fe9000000,0x0000002fe9100000) (1024K)]
=>0x000002103e76c4d0 JavaThread "C2 CompilerThread0"         daemon [_thread_in_native, id=24360, stack(0x0000002fe9100000,0x0000002fe9200000) (1024K)]
  0x000002103e73d460 JavaThread "C1 CompilerThread0"         daemon [_thread_blocked, id=6984, stack(0x0000002fe9200000,0x0000002fe9300000) (1024K)]
  0x000002103e8f5b30 JavaThread "Notification Thread"        daemon [_thread_blocked, id=24428, stack(0x0000002fe9300000,0x0000002fe9400000) (1024K)]
Total: 11

Other Threads:
  0x000002103e56b160 VMThread "VM Thread"                           [id=1876, stack(0x0000002fe8900000,0x0000002fe8a00000) (1024K)]
  0x000002103e513810 WatcherThread "VM Periodic Task Thread"        [id=19676, stack(0x0000002fe8800000,0x0000002fe8900000) (1024K)]
  0x00000210243570e0 WorkerThread "GC Thread#0"                     [id=6628, stack(0x0000002fe8300000,0x0000002fe8400000) (1024K)]
  0x00000210434a8950 WorkerThread "GC Thread#1"                     [id=4208, stack(0x0000002fe9400000,0x0000002fe9500000) (1024K)]
  0x00000210434a8cf0 WorkerThread "GC Thread#2"                     [id=25800, stack(0x0000002fe9500000,0x0000002fe9600000) (1024K)]
  0x00000210434a9090 WorkerThread "GC Thread#3"                     [id=19336, stack(0x0000002fe9600000,0x0000002fe9700000) (1024K)]
  0x00000210434a9430 WorkerThread "GC Thread#4"                     [id=22572, stack(0x0000002fe9700000,0x0000002fe9800000) (1024K)]
  0x00000210434a97d0 WorkerThread "GC Thread#5"                     [id=16736, stack(0x0000002fe9800000,0x0000002fe9900000) (1024K)]
  0x00000210436e87c0 WorkerThread "GC Thread#6"                     [id=4188, stack(0x0000002fe9a00000,0x0000002fe9b00000) (1024K)]
  0x00000210436e8b60 WorkerThread "GC Thread#7"                     [id=20932, stack(0x0000002fe9b00000,0x0000002fe9c00000) (1024K)]
  0x0000021043ad92a0 WorkerThread "GC Thread#8"                     [id=25336, stack(0x0000002fe9c00000,0x0000002fe9d00000) (1024K)]
  0x0000021043adafa0 WorkerThread "GC Thread#9"                     [id=22820, stack(0x0000002fe9f00000,0x0000002fea000000) (1024K)]
  0x0000021024367f80 ConcurrentGCThread "G1 Main Marker"            [id=20820, stack(0x0000002fe8400000,0x0000002fe8500000) (1024K)]
  0x0000021024369220 WorkerThread "G1 Conc#0"                       [id=21208, stack(0x0000002fe8500000,0x0000002fe8600000) (1024K)]
  0x0000021043adc1c0 WorkerThread "G1 Conc#1"                       [id=16100, stack(0x0000002fe9d00000,0x0000002fe9e00000) (1024K)]
  0x0000021043adbe20 WorkerThread "G1 Conc#2"                       [id=18192, stack(0x0000002fe9e00000,0x0000002fe9f00000) (1024K)]
  0x00000210243be7a0 ConcurrentGCThread "G1 Refine#0"               [id=23784, stack(0x0000002fe8600000,0x0000002fe8700000) (1024K)]
  0x000002103e3dc490 ConcurrentGCThread "G1 Service"                [id=17580, stack(0x0000002fe8700000,0x0000002fe8800000) (1024K)]
Total: 18

Threads with active compile tasks:
C2 CompilerThread0  6548 2447   !   4       jdk.internal.loader.BuiltinClassLoader::findClassOnClassPathOrNull (134 bytes)
Total: 1

VM state: not at safepoint (normal execution)

VM Mutex/Monitor currently owned by a thread: None

Heap address: 0x0000000702a00000, size: 4054 MB, Compressed Oops mode: Zero based, Oop shift amount: 3

CDS archive(s) not mapped
Compressed class space mapped at: 0x0000000800000000-0x0000000840000000, reserved size: 1073741824
Narrow klass base: 0x0000000800000000, Narrow klass shift: 0, Narrow klass range: 0x40000000

GC Precious Log:
 CardTable entry size: 512
 Card Set container configuration: InlinePtr #cards 4 size 8 Array Of Cards #cards 16 size 48 Howl #buckets 8 coarsen threshold 3686 Howl Bitmap #cards 512 size 80 coarsen threshold 460 Card regions per heap region 1 cards per card region 4096
 CPUs: 12 total, 12 available
 Memory: 16213M
 Large Page Support: Disabled
 NUMA Support: Disabled
 Compressed Oops: Enabled (Zero based)
 Heap Region Size: 2M
 Heap Min Capacity: 8M
 Heap Initial Capacity: 254M
 Heap Max Capacity: 4054M
 Pre-touch: Disabled
 Parallel Workers: 10
 Concurrent Workers: 3
 Concurrent Refinement Workers: 10
 Periodic GC: Disabled

Heap:
 garbage-first heap   total 151552K, used 39907K [0x0000000702a00000, 0x0000000800000000)
  region size 2048K, 11 young (22528K), 1 survivors (2048K)
 Metaspace       used 46601K, committed 46848K, reserved 1114112K
  class space    used 5687K, committed 5824K, reserved 1048576K

Heap Regions: E=young(eden), S=young(survivor), O=old, HS=humongous(starts), HC=humongous(continues), CS=collection set, F=free, TAMS=top-at-mark-start, PB=parsable bottom
|   0|0x0000000702a00000, 0x0000000702c00000, 0x0000000702c00000|100%|HS|  |TAMS 0x0000000702a00000| PB 0x0000000702a00000| Complete 
|   1|0x0000000702c00000, 0x0000000702e00000, 0x0000000702e00000|100%|HC|  |TAMS 0x0000000702c00000| PB 0x0000000702c00000| Complete 
|   2|0x0000000702e00000, 0x0000000703000000, 0x0000000703000000|100%| O|  |TAMS 0x0000000702e00000| PB 0x0000000702e00000| Untracked 
|   3|0x0000000703000000, 0x0000000703200000, 0x0000000703200000|100%| O|  |TAMS 0x0000000703000000| PB 0x0000000703000000| Untracked 
|   4|0x0000000703200000, 0x0000000703400000, 0x0000000703400000|100%| O|  |TAMS 0x0000000703200000| PB 0x0000000703200000| Untracked 
|   5|0x0000000703400000, 0x0000000703400000, 0x0000000703600000|  0%| F|  |TAMS 0x0000000703400000| PB 0x0000000703400000| Untracked 
|   6|0x0000000703600000, 0x0000000703800000, 0x0000000703800000|100%| O|  |TAMS 0x0000000703600000| PB 0x0000000703600000| Untracked 
|   7|0x0000000703800000, 0x0000000703a00000, 0x0000000703a00000|100%| O|  |TAMS 0x0000000703800000| PB 0x0000000703800000| Untracked 
|   8|0x0000000703a00000, 0x0000000703c00000, 0x0000000703c00000|100%| O|  |TAMS 0x0000000703a00000| PB 0x0000000703a00000| Untracked 
|   9|0x0000000703c00000, 0x0000000703e00000, 0x0000000703e00000|100%| O|  |TAMS 0x0000000703c00000| PB 0x0000000703c00000| Untracked 
|  10|0x0000000703e00000, 0x0000000703e00000, 0x0000000704000000|  0%| F|  |TAMS 0x0000000703e00000| PB 0x0000000703e00000| Untracked 
|  11|0x0000000704000000, 0x0000000704000000, 0x0000000704200000|  0%| F|  |TAMS 0x0000000704000000| PB 0x0000000704000000| Untracked 
|  12|0x0000000704200000, 0x0000000704341c60, 0x0000000704400000| 62%| O|  |TAMS 0x0000000704200000| PB 0x0000000704200000| Untracked 
|  13|0x0000000704400000, 0x00000007045b7100, 0x0000000704600000| 85%| S|CS|TAMS 0x0000000704400000| PB 0x0000000704400000| Complete 
|  14|0x0000000704600000, 0x0000000704600000, 0x0000000704800000|  0%| F|  |TAMS 0x0000000704600000| PB 0x0000000704600000| Untracked 
|  15|0x0000000704800000, 0x0000000704800000, 0x0000000704a00000|  0%| F|  |TAMS 0x0000000704800000| PB 0x0000000704800000| Untracked 
|  16|0x0000000704a00000, 0x0000000704a00000, 0x0000000704c00000|  0%| F|  |TAMS 0x0000000704a00000| PB 0x0000000704a00000| Untracked 
|  17|0x0000000704c00000, 0x0000000704c00000, 0x0000000704e00000|  0%| F|  |TAMS 0x0000000704c00000| PB 0x0000000704c00000| Untracked 
|  18|0x0000000704e00000, 0x0000000704e00000, 0x0000000705000000|  0%| F|  |TAMS 0x0000000704e00000| PB 0x0000000704e00000| Untracked 
|  19|0x0000000705000000, 0x0000000705000000, 0x0000000705200000|  0%| F|  |TAMS 0x0000000705000000| PB 0x0000000705000000| Untracked 
|  20|0x0000000705200000, 0x0000000705200000, 0x0000000705400000|  0%| F|  |TAMS 0x0000000705200000| PB 0x0000000705200000| Untracked 
|  21|0x0000000705400000, 0x0000000705400000, 0x0000000705600000|  0%| F|  |TAMS 0x0000000705400000| PB 0x0000000705400000| Untracked 
|  22|0x0000000705600000, 0x0000000705600000, 0x0000000705800000|  0%| F|  |TAMS 0x0000000705600000| PB 0x0000000705600000| Untracked 
|  23|0x0000000705800000, 0x0000000705800000, 0x0000000705a00000|  0%| F|  |TAMS 0x0000000705800000| PB 0x0000000705800000| Untracked 
|  24|0x0000000705a00000, 0x0000000705a00000, 0x0000000705c00000|  0%| F|  |TAMS 0x0000000705a00000| PB 0x0000000705a00000| Untracked 
|  25|0x0000000705c00000, 0x0000000705c00000, 0x0000000705e00000|  0%| F|  |TAMS 0x0000000705c00000| PB 0x0000000705c00000| Untracked 
|  26|0x0000000705e00000, 0x0000000705e00000, 0x0000000706000000|  0%| F|  |TAMS 0x0000000705e00000| PB 0x0000000705e00000| Untracked 
|  27|0x0000000706000000, 0x0000000706000000, 0x0000000706200000|  0%| F|  |TAMS 0x0000000706000000| PB 0x0000000706000000| Untracked 
|  28|0x0000000706200000, 0x0000000706200000, 0x0000000706400000|  0%| F|  |TAMS 0x0000000706200000| PB 0x0000000706200000| Untracked 
|  29|0x0000000706400000, 0x0000000706400000, 0x0000000706600000|  0%| F|  |TAMS 0x0000000706400000| PB 0x0000000706400000| Untracked 
|  30|0x0000000706600000, 0x0000000706600000, 0x0000000706800000|  0%| F|  |TAMS 0x0000000706600000| PB 0x0000000706600000| Untracked 
|  31|0x0000000706800000, 0x0000000706800000, 0x0000000706a00000|  0%| F|  |TAMS 0x0000000706800000| PB 0x0000000706800000| Untracked 
|  32|0x0000000706a00000, 0x0000000706a00000, 0x0000000706c00000|  0%| F|  |TAMS 0x0000000706a00000| PB 0x0000000706a00000| Untracked 
|  33|0x0000000706c00000, 0x0000000706c00000, 0x0000000706e00000|  0%| F|  |TAMS 0x0000000706c00000| PB 0x0000000706c00000| Untracked 
|  34|0x0000000706e00000, 0x0000000706e00000, 0x0000000707000000|  0%| F|  |TAMS 0x0000000706e00000| PB 0x0000000706e00000| Untracked 
|  35|0x0000000707000000, 0x0000000707000000, 0x0000000707200000|  0%| F|  |TAMS 0x0000000707000000| PB 0x0000000707000000| Untracked 
|  36|0x0000000707200000, 0x0000000707200000, 0x0000000707400000|  0%| F|  |TAMS 0x0000000707200000| PB 0x0000000707200000| Untracked 
|  37|0x0000000707400000, 0x0000000707400000, 0x0000000707600000|  0%| F|  |TAMS 0x0000000707400000| PB 0x0000000707400000| Untracked 
|  38|0x0000000707600000, 0x0000000707600000, 0x0000000707800000|  0%| F|  |TAMS 0x0000000707600000| PB 0x0000000707600000| Untracked 
|  39|0x0000000707800000, 0x0000000707800000, 0x0000000707a00000|  0%| F|  |TAMS 0x0000000707800000| PB 0x0000000707800000| Untracked 
|  40|0x0000000707a00000, 0x0000000707a00000, 0x0000000707c00000|  0%| F|  |TAMS 0x0000000707a00000| PB 0x0000000707a00000| Untracked 
|  41|0x0000000707c00000, 0x0000000707c00000, 0x0000000707e00000|  0%| F|  |TAMS 0x0000000707c00000| PB 0x0000000707c00000| Untracked 
|  42|0x0000000707e00000, 0x0000000707e00000, 0x0000000708000000|  0%| F|  |TAMS 0x0000000707e00000| PB 0x0000000707e00000| Untracked 
|  43|0x0000000708000000, 0x0000000708000000, 0x0000000708200000|  0%| F|  |TAMS 0x0000000708000000| PB 0x0000000708000000| Untracked 
|  44|0x0000000708200000, 0x0000000708200000, 0x0000000708400000|  0%| F|  |TAMS 0x0000000708200000| PB 0x0000000708200000| Untracked 
|  45|0x0000000708400000, 0x0000000708400000, 0x0000000708600000|  0%| F|  |TAMS 0x0000000708400000| PB 0x0000000708400000| Untracked 
|  46|0x0000000708600000, 0x0000000708600000, 0x0000000708800000|  0%| F|  |TAMS 0x0000000708600000| PB 0x0000000708600000| Untracked 
|  47|0x0000000708800000, 0x0000000708800000, 0x0000000708a00000|  0%| F|  |TAMS 0x0000000708800000| PB 0x0000000708800000| Untracked 
|  48|0x0000000708a00000, 0x0000000708a00000, 0x0000000708c00000|  0%| F|  |TAMS 0x0000000708a00000| PB 0x0000000708a00000| Untracked 
|  49|0x0000000708c00000, 0x0000000708c00000, 0x0000000708e00000|  0%| F|  |TAMS 0x0000000708c00000| PB 0x0000000708c00000| Untracked 
|  50|0x0000000708e00000, 0x0000000708e00000, 0x0000000709000000|  0%| F|  |TAMS 0x0000000708e00000| PB 0x0000000708e00000| Untracked 
|  51|0x0000000709000000, 0x0000000709000000, 0x0000000709200000|  0%| F|  |TAMS 0x0000000709000000| PB 0x0000000709000000| Untracked 
|  52|0x0000000709200000, 0x0000000709200000, 0x0000000709400000|  0%| F|  |TAMS 0x0000000709200000| PB 0x0000000709200000| Untracked 
|  53|0x0000000709400000, 0x0000000709400000, 0x0000000709600000|  0%| F|  |TAMS 0x0000000709400000| PB 0x0000000709400000| Untracked 
|  54|0x0000000709600000, 0x0000000709600000, 0x0000000709800000|  0%| F|  |TAMS 0x0000000709600000| PB 0x0000000709600000| Untracked 
|  55|0x0000000709800000, 0x0000000709800000, 0x0000000709a00000|  0%| F|  |TAMS 0x0000000709800000| PB 0x0000000709800000| Untracked 
|  56|0x0000000709a00000, 0x0000000709a00000, 0x0000000709c00000|  0%| F|  |TAMS 0x0000000709a00000| PB 0x0000000709a00000| Untracked 
|  57|0x0000000709c00000, 0x0000000709c00000, 0x0000000709e00000|  0%| F|  |TAMS 0x0000000709c00000| PB 0x0000000709c00000| Untracked 
|  58|0x0000000709e00000, 0x0000000709e00000, 0x000000070a000000|  0%| F|  |TAMS 0x0000000709e00000| PB 0x0000000709e00000| Untracked 
|  59|0x000000070a000000, 0x000000070a000000, 0x000000070a200000|  0%| F|  |TAMS 0x000000070a000000| PB 0x000000070a000000| Untracked 
|  60|0x000000070a200000, 0x000000070a200000, 0x000000070a400000|  0%| F|  |TAMS 0x000000070a200000| PB 0x000000070a200000| Untracked 
|  61|0x000000070a400000, 0x000000070a400000, 0x000000070a600000|  0%| F|  |TAMS 0x000000070a400000| PB 0x000000070a400000| Untracked 
|  62|0x000000070a600000, 0x000000070a600000, 0x000000070a800000|  0%| F|  |TAMS 0x000000070a600000| PB 0x000000070a600000| Untracked 
|  63|0x000000070a800000, 0x000000070a800000, 0x000000070aa00000|  0%| F|  |TAMS 0x000000070a800000| PB 0x000000070a800000| Untracked 
|  64|0x000000070aa00000, 0x000000070ab02680, 0x000000070ac00000| 50%| E|  |TAMS 0x000000070aa00000| PB 0x000000070aa00000| Complete 
|  65|0x000000070ac00000, 0x000000070ae00000, 0x000000070ae00000|100%| E|CS|TAMS 0x000000070ac00000| PB 0x000000070ac00000| Complete 
|  66|0x000000070ae00000, 0x000000070b000000, 0x000000070b000000|100%| E|CS|TAMS 0x000000070ae00000| PB 0x000000070ae00000| Complete 
|  67|0x000000070b000000, 0x000000070b200000, 0x000000070b200000|100%| E|CS|TAMS 0x000000070b000000| PB 0x000000070b000000| Complete 
|  68|0x000000070b200000, 0x000000070b400000, 0x000000070b400000|100%| E|CS|TAMS 0x000000070b200000| PB 0x000000070b200000| Complete 
|  69|0x000000070b400000, 0x000000070b600000, 0x000000070b600000|100%| E|CS|TAMS 0x000000070b400000| PB 0x000000070b400000| Complete 
| 107|0x0000000710000000, 0x0000000710200000, 0x0000000710200000|100%| E|CS|TAMS 0x0000000710000000| PB 0x0000000710000000| Complete 
| 108|0x0000000710200000, 0x0000000710400000, 0x0000000710400000|100%| E|CS|TAMS 0x0000000710200000| PB 0x0000000710200000| Complete 
| 109|0x0000000710400000, 0x0000000710600000, 0x0000000710600000|100%| E|CS|TAMS 0x0000000710400000| PB 0x0000000710400000| Complete 
| 126|0x0000000712600000, 0x0000000712800000, 0x0000000712800000|100%| E|CS|TAMS 0x0000000712600000| PB 0x0000000712600000| Complete 

Card table byte_map: [0x0000021037190000,0x0000021037980000] _byte_map_base: 0x000002103397b000

Marking Bits: (CMBitMap*) 0x00000210243577e0
 Bits: [0x0000021037980000, 0x000002103b8d8000)

Polling page: 0x0000021022200000

Metaspace:

Usage:
  Non-class:     39.97 MB used.
      Class:      5.56 MB used.
       Both:     45.52 MB used.

Virtual space:
  Non-class space:       64.00 MB reserved,      40.06 MB ( 63%) committed,  1 nodes.
      Class space:        1.00 GB reserved,       5.69 MB ( <1%) committed,  1 nodes.
             Both:        1.06 GB reserved,      45.75 MB (  4%) committed. 

Chunk freelists:
   Non-Class:  7.88 MB
       Class:  10.36 MB
        Both:  18.23 MB

MaxMetaspaceSize: unlimited
CompressedClassSpaceSize: 1.00 GB
Initial GC threshold: 21.00 MB
Current GC threshold: 58.75 MB
CDS: off
 - commit_granule_bytes: 65536.
 - commit_granule_words: 8192.
 - virtual_space_node_default_size: 8388608.
 - enlarge_chunks_in_place: 1.
 - use_allocation_guard: 0.


Internal statistics:

num_allocs_failed_limit: 6.
num_arena_births: 210.
num_arena_deaths: 0.
num_vsnodes_births: 2.
num_vsnodes_deaths: 0.
num_space_committed: 732.
num_space_uncommitted: 0.
num_chunks_returned_to_freelist: 6.
num_chunks_taken_from_freelist: 1481.
num_chunk_merges: 6.
num_chunk_splits: 1265.
num_chunks_enlarged: 1154.
num_inconsistent_stats: 0.

CodeHeap 'non-profiled nmethods': size=120000Kb used=1052Kb max_used=1052Kb free=118947Kb
 bounds [0x000002102ef20000, 0x000002102f190000, 0x0000021036450000]
CodeHeap 'profiled nmethods': size=120000Kb used=4285Kb max_used=4285Kb free=115714Kb
 bounds [0x0000021027450000, 0x0000021027880000, 0x000002102e980000]
CodeHeap 'non-nmethods': size=5760Kb used=1527Kb max_used=1549Kb free=4233Kb
 bounds [0x000002102e980000, 0x000002102ebf0000, 0x000002102ef20000]
CodeCache: size=245760Kb, used=6864Kb, max_used=6886Kb, free=238894Kb
 total_blobs=2924, nmethods=2318, adapters=510, full_count=0
Compilation: enabled, stopped_count=0, restarted_count=0

Compilation events (20 events):
Event: 5.848 Thread 0x000002103e73d460 nmethod 2439 0x0000021027865290 code [0x0000021027865440, 0x00000210278656a0]
Event: 5.848 Thread 0x000002103e73d460 2438       3       kotlin.collections.ArraysUtilJVM::asList (5 bytes)
Event: 5.848 Thread 0x000002103e73d460 nmethod 2438 0x0000021027865790 code [0x0000021027865980, 0x0000021027865e60]
Event: 5.854 Thread 0x000002103e76c4d0 2440       4       java.util.zip.ZipFile::getZipEntry (322 bytes)
Event: 5.855 Thread 0x000002103e73d460 2441       3       org.jetbrains.kotlin.com.intellij.lang.impl.PsiBuilderImpl$Token::getBuilder (16 bytes)
Event: 5.855 Thread 0x000002103e73d460 nmethod 2441 0x0000021027866090 code [0x0000021027866240, 0x00000210278663d0]
Event: 5.855 Thread 0x000002103e73d460 2442       3       org.jetbrains.kotlin.com.intellij.lang.impl.PsiBuilderImpl$SingleLexemeNode::getTokenType (21 bytes)
Event: 5.855 Thread 0x000002103e73d460 nmethod 2442 0x0000021027866490 code [0x0000021027866660, 0x0000021027866990]
Event: 5.857 Thread 0x000002103e73d460 2444       3       java.util.ArrayList::addAll (76 bytes)
Event: 5.857 Thread 0x000002103e73d460 nmethod 2444 0x0000021027866b10 code [0x0000021027866d00, 0x0000021027867198]
Event: 5.869 Thread 0x000002103e76c4d0 nmethod 2440 0x000002102f021490 code [0x000002102f0216a0, 0x000002102f022390]
Event: 5.869 Thread 0x000002103e76c4d0 2443       4       java.util.jar.JarFile::getManifest (5 bytes)
Event: 5.882 Thread 0x000002103e76c4d0 nmethod 2443 0x000002102f022b10 code [0x000002102f022d80, 0x000002102f023588]
Event: 5.893 Thread 0x000002103e76c4d0 2445       4       java.util.ArrayDeque::pollFirst (36 bytes)
Event: 5.894 Thread 0x000002103e76c4d0 nmethod 2445 0x000002102f023b10 code [0x000002102f023ca0, 0x000002102f023df8]
Event: 5.895 Thread 0x000002103e76c4d0 2446       4       jdk.internal.ref.CleanerImpl$PhantomCleanableRef::performCleanup (10 bytes)
Event: 5.905 Thread 0x000002103e76c4d0 nmethod 2446 0x000002102f023f10 code [0x000002102f024120, 0x000002102f024bc0]
Event: 5.905 Thread 0x000002103e76c4d0 2447   !   4       jdk.internal.loader.BuiltinClassLoader::findClassOnClassPathOrNull (134 bytes)
Event: 5.905 Thread 0x000002103e73d460 2448       3       kotlin.LazyKt__LazyJVMKt::lazy (102 bytes)
Event: 5.907 Thread 0x000002103e73d460 nmethod 2448 0x0000021027867310 code [0x0000021027867720, 0x00000210278691b0]

GC Heap History (14 events):
Event: 0.992 GC heap before
{Heap before GC invocations=0 (full 0):
 garbage-first heap   total 260096K, used 24576K [0x0000000702a00000, 0x0000000800000000)
  region size 2048K, 11 young (22528K), 0 survivors (0K)
 Metaspace       used 13642K, committed 13760K, reserved 1114112K
  class space    used 1290K, committed 1344K, reserved 1048576K
}
Event: 1.129 GC heap after
{Heap after GC invocations=1 (full 0):
 garbage-first heap   total 260096K, used 6996K [0x0000000702a00000, 0x0000000800000000)
  region size 2048K, 2 young (4096K), 2 survivors (4096K)
 Metaspace       used 13642K, committed 13760K, reserved 1114112K
  class space    used 1290K, committed 1344K, reserved 1048576K
}
Event: 1.903 GC heap before
{Heap before GC invocations=1 (full 0):
 garbage-first heap   total 260096K, used 33620K [0x0000000702a00000, 0x0000000800000000)
  region size 2048K, 17 young (34816K), 2 survivors (4096K)
 Metaspace       used 21320K, committed 21504K, reserved 1114112K
  class space    used 2331K, committed 2432K, reserved 1048576K
}
Event: 1.910 GC heap after
{Heap after GC invocations=2 (full 0):
 garbage-first heap   total 260096K, used 9796K [0x0000000702a00000, 0x0000000800000000)
  region size 2048K, 3 young (6144K), 3 survivors (6144K)
 Metaspace       used 21320K, committed 21504K, reserved 1114112K
  class space    used 2331K, committed 2432K, reserved 1048576K
}
Event: 2.832 GC heap before
{Heap before GC invocations=3 (full 0):
 garbage-first heap   total 34816K, used 34372K [0x0000000702a00000, 0x0000000800000000)
  region size 2048K, 15 young (30720K), 3 survivors (6144K)
 Metaspace       used 30453K, committed 30656K, reserved 1114112K
  class space    used 3925K, committed 3968K, reserved 1048576K
}
Event: 2.844 GC heap after
{Heap after GC invocations=4 (full 0):
 garbage-first heap   total 43008K, used 11617K [0x0000000702a00000, 0x0000000800000000)
  region size 2048K, 4 young (8192K), 4 survivors (8192K)
 Metaspace       used 30453K, committed 30656K, reserved 1114112K
  class space    used 3925K, committed 3968K, reserved 1048576K
}
Event: 3.224 GC heap before
{Heap before GC invocations=4 (full 0):
 garbage-first heap   total 43008K, used 28001K [0x0000000702a00000, 0x0000000800000000)
  region size 2048K, 12 young (24576K), 4 survivors (8192K)
 Metaspace       used 32125K, committed 32384K, reserved 1114112K
  class space    used 4145K, committed 4288K, reserved 1048576K
}
Event: 3.242 GC heap after
{Heap after GC invocations=5 (full 0):
 garbage-first heap   total 43008K, used 15013K [0x0000000702a00000, 0x0000000800000000)
  region size 2048K, 2 young (4096K), 2 survivors (4096K)
 Metaspace       used 32125K, committed 32384K, reserved 1114112K
  class space    used 4145K, committed 4288K, reserved 1048576K
}
Event: 3.977 GC heap before
{Heap before GC invocations=5 (full 0):
 garbage-first heap   total 43008K, used 29349K [0x0000000702a00000, 0x0000000800000000)
  region size 2048K, 10 young (20480K), 2 survivors (4096K)
 Metaspace       used 35779K, committed 35968K, reserved 1114112K
  class space    used 4555K, committed 4672K, reserved 1048576K
}
Event: 3.995 GC heap after
{Heap after GC invocations=6 (full 0):
 garbage-first heap   total 43008K, used 17643K [0x0000000702a00000, 0x0000000800000000)
  region size 2048K, 1 young (2048K), 1 survivors (2048K)
 Metaspace       used 35779K, committed 35968K, reserved 1114112K
  class space    used 4555K, committed 4672K, reserved 1048576K
}
Event: 4.683 GC heap before
{Heap before GC invocations=7 (full 0):
 garbage-first heap   total 43008K, used 34027K [0x0000000702a00000, 0x0000000800000000)
  region size 2048K, 9 young (18432K), 1 survivors (2048K)
 Metaspace       used 38842K, committed 39104K, reserved 1114112K
  class space    used 4907K, committed 4992K, reserved 1048576K
}
Event: 4.694 GC heap after
{Heap after GC invocations=8 (full 0):
 garbage-first heap   total 43008K, used 20102K [0x0000000702a00000, 0x0000000800000000)
  region size 2048K, 2 young (4096K), 2 survivors (4096K)
 Metaspace       used 38842K, committed 39104K, reserved 1114112K
  class space    used 4907K, committed 4992K, reserved 1048576K
}
Event: 5.002 GC heap before
{Heap before GC invocations=8 (full 0):
 garbage-first heap   total 43008K, used 34438K [0x0000000702a00000, 0x0000000800000000)
  region size 2048K, 9 young (18432K), 2 survivors (4096K)
 Metaspace       used 41133K, committed 41344K, reserved 1114112K
  class space    used 5142K, committed 5248K, reserved 1048576K
}
Event: 5.023 GC heap after
{Heap after GC invocations=9 (full 0):
 garbage-first heap   total 151552K, used 21475K [0x0000000702a00000, 0x0000000800000000)
  region size 2048K, 1 young (2048K), 1 survivors (2048K)
 Metaspace       used 41133K, committed 41344K, reserved 1114112K
  class space    used 5142K, committed 5248K, reserved 1048576K
}

Dll operation events (3 events):
Event: 0.006 Loaded shared library C:\Program Files\Android\Android Studio\jbr\bin\java.dll
Event: 0.012 Loaded shared library C:\Program Files\Android\Android Studio\jbr\bin\zip.dll
Event: 3.532 Loaded shared library C:\Program Files\Android\Android Studio\jbr\bin\verify.dll

Deoptimization events (20 events):
Event: 4.697 Thread 0x00000210242f3490 Uncommon trap: trap_request=0xffffffc6 fr.pc=0x000002102effe8c8 relative=0x0000000000000348
Event: 4.697 Thread 0x00000210242f3490 Uncommon trap: reason=bimorphic_or_optimized_type_check action=maybe_recompile pc=0x000002102effe8c8 method=org.jetbrains.kotlin.protobuf.CodedInputStream.tryRefillBuffer(I)Z @ 177 c2
Event: 4.697 Thread 0x00000210242f3490 DEOPT PACKING pc=0x000002102effe8c8 sp=0x0000002fe82fcf60
Event: 4.697 Thread 0x00000210242f3490 DEOPT UNPACKING pc=0x000002102e9d46a2 sp=0x0000002fe82fcef0 mode 2
Event: 4.698 Thread 0x00000210242f3490 Uncommon trap: trap_request=0xffffffc6 fr.pc=0x000002102effe8c8 relative=0x0000000000000348
Event: 4.698 Thread 0x00000210242f3490 Uncommon trap: reason=bimorphic_or_optimized_type_check action=maybe_recompile pc=0x000002102effe8c8 method=org.jetbrains.kotlin.protobuf.CodedInputStream.tryRefillBuffer(I)Z @ 177 c2
Event: 4.698 Thread 0x00000210242f3490 DEOPT PACKING pc=0x000002102effe8c8 sp=0x0000002fe82fd200
Event: 4.698 Thread 0x00000210242f3490 DEOPT UNPACKING pc=0x000002102e9d46a2 sp=0x0000002fe82fd190 mode 2
Event: 5.474 Thread 0x00000210242f3490 Uncommon trap: trap_request=0xffffff45 fr.pc=0x000002102efa8fc0 relative=0x00000000000000a0
Event: 5.474 Thread 0x00000210242f3490 Uncommon trap: reason=unstable_if action=reinterpret pc=0x000002102efa8fc0 method=java.lang.CharacterDataLatin1.isWhitespace(I)Z @ 14 c2
Event: 5.474 Thread 0x00000210242f3490 DEOPT PACKING pc=0x000002102efa8fc0 sp=0x0000002fe82fc150
Event: 5.474 Thread 0x00000210242f3490 DEOPT UNPACKING pc=0x000002102e9d46a2 sp=0x0000002fe82fc018 mode 2
Event: 5.475 Thread 0x00000210242f3490 Uncommon trap: trap_request=0xffffff45 fr.pc=0x000002102ef4c9c0 relative=0x00000000000000a0
Event: 5.475 Thread 0x00000210242f3490 Uncommon trap: reason=unstable_if action=reinterpret pc=0x000002102ef4c9c0 method=java.lang.CharacterDataLatin1.isWhitespace(I)Z @ 14 c2
Event: 5.475 Thread 0x00000210242f3490 DEOPT PACKING pc=0x000002102ef4c9c0 sp=0x0000002fe82fc0a0
Event: 5.475 Thread 0x00000210242f3490 DEOPT UNPACKING pc=0x000002102e9d46a2 sp=0x0000002fe82fc020 mode 2
Event: 5.711 Thread 0x00000210242f3490 Uncommon trap: trap_request=0xffffff6e fr.pc=0x000002102efa72f4 relative=0x0000000000000434
Event: 5.711 Thread 0x00000210242f3490 Uncommon trap: reason=loop_limit_check action=maybe_recompile pc=0x000002102efa72f4 method=java.lang.StringLatin1.indexOf([BI[BII)I @ 37 c2
Event: 5.711 Thread 0x00000210242f3490 DEOPT PACKING pc=0x000002102efa72f4 sp=0x0000002fe82fd9d0
Event: 5.711 Thread 0x00000210242f3490 DEOPT UNPACKING pc=0x000002102e9d46a2 sp=0x0000002fe82fd930 mode 2

Classes loaded (20 events):
Event: 5.521 Loading class java/nio/charset/UnsupportedCharsetException
Event: 5.521 Loading class java/nio/charset/UnsupportedCharsetException done
Event: 5.521 Loading class sun/nio/cs/UTF_32BE
Event: 5.521 Loading class sun/nio/cs/UTF_32BE done
Event: 5.522 Loading class sun/nio/cs/UTF_32LE
Event: 5.522 Loading class sun/nio/cs/UTF_32LE done
Event: 5.522 Loading class sun/nio/cs/MS1251
Event: 5.522 Loading class sun/nio/cs/MS1251 done
Event: 5.569 Loading class java/util/function/IntConsumer
Event: 5.569 Loading class java/util/function/IntConsumer done
Event: 5.569 Loading class java/util/PrimitiveIterator$OfInt
Event: 5.570 Loading class java/util/PrimitiveIterator
Event: 5.570 Loading class java/util/PrimitiveIterator done
Event: 5.570 Loading class java/util/PrimitiveIterator$OfInt done
Event: 5.573 Loading class java/util/BitSet
Event: 5.574 Loading class java/util/BitSet done
Event: 5.624 Loading class java/util/function/IntUnaryOperator
Event: 5.624 Loading class java/util/function/IntUnaryOperator done
Event: 5.889 Loading class java/util/ArrayList$ListItr
Event: 5.889 Loading class java/util/ArrayList$ListItr done

Classes unloaded (0 events):
No events

Classes redefined (0 events):
No events

Internal exceptions (20 events):
Event: 2.096 Thread 0x00000210242f3490 Exception <a 'java/lang/NoSuchMethodError'{0x0000000703e477d0}: 'int java.lang.invoke.DelegatingMethodHandle$Holder.reinvoke_L(java.lang.Object, java.lang.Object, java.lang.Object, long, long, long)'> (0x0000000703e477d0) 
thrown [s\src\hotspot\share\interpreter\linkResolver.cpp, line 784]
Event: 2.098 Thread 0x00000210242f3490 Exception <a 'java/lang/NoSuchMethodError'{0x0000000703e55628}: 'int java.lang.invoke.DelegatingMethodHandle$Holder.reinvoke_L(java.lang.Object, java.lang.Object, java.lang.Object, long, int)'> (0x0000000703e55628) 
thrown [s\src\hotspot\share\interpreter\linkResolver.cpp, line 784]
Event: 2.100 Thread 0x00000210242f3490 Exception <a 'java/lang/NoSuchMethodError'{0x0000000703e60b28}: 'int java.lang.invoke.DirectMethodHandle$Holder.invokeSpecial(java.lang.Object, java.lang.Object, java.lang.Object, java.lang.Object)'> (0x0000000703e60b28) 
thrown [s\src\hotspot\share\interpreter\linkResolver.cpp, line 784]
Event: 2.101 Thread 0x00000210242f3490 Exception <a 'java/lang/NoSuchMethodError'{0x0000000703e6fab0}: 'void java.lang.invoke.DelegatingMethodHandle$Holder.reinvoke_L(java.lang.Object, java.lang.Object, java.lang.Object, long, java.lang.Object, long, long)'> (0x0000000703e6fab0) 
thrown [s\src\hotspot\share\interpreter\linkResolver.cpp, line 784]
Event: 2.102 Thread 0x00000210242f3490 Exception <a 'java/lang/NoSuchMethodError'{0x0000000703e768b0}: 'long java.lang.invoke.Invokers$Holder.invokeExact_MT(java.lang.Object, java.lang.Object, java.lang.Object)'> (0x0000000703e768b0) 
thrown [s\src\hotspot\share\interpreter\linkResolver.cpp, line 784]
Event: 2.102 Thread 0x00000210242f3490 Exception <a 'java/lang/NoSuchMethodError'{0x0000000703e7a2b8}: 'int java.lang.invoke.Invokers$Holder.invokeExact_MT(java.lang.Object, java.lang.Object, java.lang.Object)'> (0x0000000703e7a2b8) 
thrown [s\src\hotspot\share\interpreter\linkResolver.cpp, line 784]
Event: 2.188 Thread 0x00000210242f3490 Exception <a 'java/lang/NoSuchMethodError'{0x0000000703c3f3c0}: 'int java.lang.invoke.DirectMethodHandle$Holder.invokeStatic(java.lang.Object)'> (0x0000000703c3f3c0) 
thrown [s\src\hotspot\share\interpreter\linkResolver.cpp, line 784]
Event: 2.189 Thread 0x00000210242f3490 Exception <a 'java/lang/NoSuchMethodError'{0x0000000703c42808}: 'int java.lang.invoke.DirectMethodHandle$Holder.invokeStaticInit(java.lang.Object)'> (0x0000000703c42808) 
thrown [s\src\hotspot\share\interpreter\linkResolver.cpp, line 784]
Event: 2.200 Thread 0x00000210242f3490 Exception <a 'java/lang/NoSuchMethodError'{0x0000000703c703d0}: 'java.lang.Object java.lang.invoke.DirectMethodHandle$Holder.newInvokeSpecial(java.lang.Object, java.lang.Object, int)'> (0x0000000703c703d0) 
thrown [s\src\hotspot\share\interpreter\linkResolver.cpp, line 784]
Event: 2.931 Thread 0x00000210242f3490 Exception <a 'java/lang/NoSuchMethodError'{0x000000071026d2d8}: 'void java.lang.invoke.Invokers$Holder.invokeExact_MT(java.lang.Object, int, java.lang.Object)'> (0x000000071026d2d8) 
thrown [s\src\hotspot\share\interpreter\linkResolver.cpp, line 784]
Event: 2.998 Thread 0x00000210242f3490 Exception <a 'java/lang/NoSuchMethodError'{0x0000000710027d28}: 'java.lang.Object java.lang.invoke.DirectMethodHandle$Holder.invokeStatic(java.lang.Object, java.lang.Object, long, long)'> (0x0000000710027d28) 
thrown [s\src\hotspot\share\interpreter\linkResolver.cpp, line 784]
Event: 3.011 Thread 0x00000210242f3490 Exception <a 'java/lang/NoSuchMethodError'{0x0000000710052898}: 'long java.lang.invoke.DirectMethodHandle$Holder.invokeStatic(java.lang.Object, java.lang.Object, int)'> (0x0000000710052898) 
thrown [s\src\hotspot\share\interpreter\linkResolver.cpp, line 784]
Event: 3.012 Thread 0x00000210242f3490 Exception <a 'java/lang/NoSuchMethodError'{0x000000071005db30}: 'java.lang.Object java.lang.invoke.DelegatingMethodHandle$Holder.reinvoke_L(java.lang.Object, int, long, java.lang.Object, java.lang.Object, int, java.lang.Object)'> (0x000000071005db30) 
thrown [s\src\hotspot\share\interpreter\linkResolver.cpp, line 784]
Event: 3.033 Thread 0x00000210242f3490 Exception <a 'java/lang/NoSuchMethodError'{0x0000000710099b38}: 'java.lang.Object java.lang.invoke.DirectMethodHandle$Holder.newInvokeSpecial(java.lang.Object, java.lang.Object, java.lang.Object, long)'> (0x0000000710099b38) 
thrown [s\src\hotspot\share\interpreter\linkResolver.cpp, line 784]
Event: 3.034 Thread 0x00000210242f3490 Exception <a 'java/lang/NoSuchMethodError'{0x000000071009d6e8}: 'java.lang.Object java.lang.invoke.Invokers$Holder.linkToTargetMethod(java.lang.Object, java.lang.Object, long, java.lang.Object)'> (0x000000071009d6e8) 
thrown [s\src\hotspot\share\interpreter\linkResolver.cpp, line 784]
Event: 3.835 Thread 0x00000210242f3490 Exception <a 'java/lang/NoSuchMethodError'{0x000000070480bd30}: 'java.lang.Object java.lang.invoke.DirectMethodHandle$Holder.newInvokeSpecial(java.lang.Object, java.lang.Object, java.lang.Object, java.lang.Object, java.lang.Object, java.lang.Object, java.lang.Object)'> (0x000000070480bd30) 
thrown [s\src\hotspot\share\interpreter\linkResolver.cpp, line 784]
Event: 3.837 Thread 0x00000210242f3490 Exception <a 'java/lang/NoSuchMethodError'{0x0000000704816ca8}: 'java.lang.Object java.lang.invoke.DirectMethodHandle$Holder.newInvokeSpecial(java.lang.Object, java.lang.Object, java.lang.Object, java.lang.Object, java.lang.Object, java.lang.Object, java.lang.Object, java.lang.Object)'> (0x0000000704816ca8) 
thrown [s\src\hotspot\share\interpreter\linkResolver.cpp, line 784]
Event: 3.840 Thread 0x00000210242f3490 Exception <a 'java/lang/NoSuchMethodError'{0x0000000704829458}: 'java.lang.Object java.lang.invoke.DirectMethodHandle$Holder.newInvokeSpecial(java.lang.Object, java.lang.Object, java.lang.Object, java.lang.Object, java.lang.Object, java.lang.Object, java.lang.Object, java.lang.Object, java.lang.Object)'> (0x0000000704829458) 
thrown [s\src\hotspot\share\interpreter\linkResolver.cpp, line 784]
Event: 4.740 Thread 0x00000210242f3490 Exception <a 'java/lang/NoSuchMethodError'{0x00000007105d6c98}: 'java.lang.Object java.lang.invoke.DirectMethodHandle$Holder.newInvokeSpecial(java.lang.Object, java.lang.Object, int, int)'> (0x00000007105d6c98) 
thrown [s\src\hotspot\share\interpreter\linkResolver.cpp, line 784]
Event: 4.741 Thread 0x00000210242f3490 Exception <a 'java/lang/NoSuchMethodError'{0x00000007105daf38}: 'java.lang.Object java.lang.invoke.DirectMethodHandle$Holder.invokeSpecial(java.lang.Object, java.lang.Object, java.lang.Object, int, int)'> (0x00000007105daf38) 
thrown [s\src\hotspot\share\interpreter\linkResolver.cpp, line 784]

ZGC Phase Switch (0 events):
No events

VM Operations (20 events):
Event: 3.224 Executing VM operation: G1CollectForAllocation (G1 Evacuation Pause)
Event: 3.242 Executing VM operation: G1CollectForAllocation (G1 Evacuation Pause) done
Event: 3.293 Executing VM operation: HandshakeAllThreads (Deoptimize)
Event: 3.293 Executing VM operation: HandshakeAllThreads (Deoptimize) done
Event: 3.294 Executing VM operation: HandshakeAllThreads (Deoptimize)
Event: 3.294 Executing VM operation: HandshakeAllThreads (Deoptimize) done
Event: 3.977 Executing VM operation: CollectForMetadataAllocation (Metadata GC Threshold)
Event: 3.995 Executing VM operation: CollectForMetadataAllocation (Metadata GC Threshold) done
Event: 4.008 Executing VM operation: G1PauseRemark
Event: 4.035 Executing VM operation: G1PauseRemark done
Event: 4.040 Executing VM operation: G1PauseCleanup
Event: 4.048 Executing VM operation: G1PauseCleanup done
Event: 4.594 Executing VM operation: HandshakeAllThreads (Deoptimize)
Event: 4.595 Executing VM operation: HandshakeAllThreads (Deoptimize) done
Event: 4.682 Executing VM operation: G1CollectForAllocation (G1 Evacuation Pause)
Event: 4.694 Executing VM operation: G1CollectForAllocation (G1 Evacuation Pause) done
Event: 5.002 Executing VM operation: G1CollectForAllocation (G1 Evacuation Pause)
Event: 5.023 Executing VM operation: G1CollectForAllocation (G1 Evacuation Pause) done
Event: 5.890 Executing VM operation: HandshakeAllThreads (Deoptimize)
Event: 5.890 Executing VM operation: HandshakeAllThreads (Deoptimize) done

Memory protections (0 events):
No events

Nmethod flushes (20 events):
Event: 4.034 Thread 0x000002103e56b160 flushing  nmethod 0x00000210274ea090
Event: 4.034 Thread 0x000002103e56b160 flushing  nmethod 0x00000210274eb390
Event: 4.034 Thread 0x000002103e56b160 flushing  nmethod 0x00000210274ec290
Event: 4.034 Thread 0x000002103e56b160 flushing  nmethod 0x00000210274ec910
Event: 4.034 Thread 0x000002103e56b160 flushing  nmethod 0x00000210274fd510
Event: 4.034 Thread 0x000002103e56b160 flushing  nmethod 0x0000021027528b90
Event: 4.034 Thread 0x000002103e56b160 flushing  nmethod 0x000002102752f310
Event: 4.034 Thread 0x000002103e56b160 flushing  nmethod 0x0000021027553410
Event: 4.034 Thread 0x000002103e56b160 flushing  nmethod 0x0000021027553790
Event: 4.034 Thread 0x000002103e56b160 flushing  nmethod 0x000002102755cc90
Event: 4.034 Thread 0x000002103e56b160 flushing  nmethod 0x0000021027568b10
Event: 4.034 Thread 0x000002103e56b160 flushing  nmethod 0x000002102757a610
Event: 4.034 Thread 0x000002103e56b160 flushing  nmethod 0x000002102757fd10
Event: 4.034 Thread 0x000002103e56b160 flushing  nmethod 0x0000021027591e90
Event: 4.034 Thread 0x000002103e56b160 flushing  nmethod 0x00000210275c0c10
Event: 4.034 Thread 0x000002103e56b160 flushing  nmethod 0x00000210275c1610
Event: 4.034 Thread 0x000002103e56b160 flushing  nmethod 0x00000210275c2110
Event: 4.034 Thread 0x000002103e56b160 flushing  nmethod 0x00000210275d2710
Event: 4.034 Thread 0x000002103e56b160 flushing  nmethod 0x00000210275e3890
Event: 4.034 Thread 0x000002103e56b160 flushing  nmethod 0x00000210275f7a10

Events (20 events):
Event: 0.171 Thread 0x000002103e76c4d0 Thread added: 0x000002103e98f3b0
Event: 0.189 Loaded shared library C:\Program Files\Android\Android Studio\jbr\bin\zip.dll
Event: 0.267 Loaded shared library C:\Program Files\Android\Android Studio\jbr\bin\jimage.dll
Event: 0.402 Thread 0x000002103e98f3b0 Thread added: 0x000002104314ca90
Event: 0.706 Thread 0x000002104314ca90 Thread exited: 0x000002104314ca90
Event: 0.834 Thread 0x000002103e98f3b0 Thread exited: 0x000002103e98f3b0
Event: 1.490 Loaded shared library C:\Program Files\Android\Android Studio\jbr\bin\management.dll
Event: 1.503 Loaded shared library C:\Program Files\Android\Android Studio\jbr\bin\management_ext.dll
Event: 1.784 Thread 0x000002103e73d460 Thread added: 0x00000210439a1350
Event: 1.943 Thread 0x00000210439a1350 Thread exited: 0x00000210439a1350
Event: 2.103 Thread 0x000002103e73d460 Thread added: 0x0000021043afa210
Event: 2.423 Thread 0x0000021043afa210 Thread exited: 0x0000021043afa210
Event: 2.702 Thread 0x000002103e73d460 Thread added: 0x0000021043f4a050
Event: 3.085 Thread 0x000002103e73d460 Thread added: 0x000002104744d010
Event: 3.634 Thread 0x0000021043f4a050 Thread exited: 0x0000021043f4a050
Event: 3.634 Thread 0x000002104744d010 Thread exited: 0x000002104744d010
Event: 3.996 Thread 0x000002103e76c4d0 Thread added: 0x0000021044cd3a70
Event: 4.183 Thread 0x0000021044cd3a70 Thread exited: 0x0000021044cd3a70
Event: 4.656 Thread 0x000002103e76c4d0 Thread added: 0x0000021047423e00
Event: 4.870 Thread 0x0000021047423e00 Thread exited: 0x0000021047423e00


Dynamic libraries:
0x00007ff798390000 - 0x00007ff79839a000 	C:\Program Files\Android\Android Studio\jbr\bin\java.exe
0x00007ff8e0d50000 - 0x00007ff8e0f48000 	C:\Windows\SYSTEM32\ntdll.dll
0x00007ff8df640000 - 0x00007ff8df702000 	C:\Windows\System32\KERNEL32.DLL
0x00007ff8de5f0000 - 0x00007ff8de8e6000 	C:\Windows\System32\KERNELBASE.dll
0x00007ff8de4f0000 - 0x00007ff8de5f0000 	C:\Windows\System32\ucrtbase.dll
0x00007ff8d72e0000 - 0x00007ff8d72f8000 	C:\Program Files\Android\Android Studio\jbr\bin\jli.dll
0x00007ff877cd0000 - 0x00007ff877ceb000 	C:\Program Files\Android\Android Studio\jbr\bin\VCRUNTIME140.dll
0x00007ff8e03d0000 - 0x00007ff8e0571000 	C:\Windows\System32\USER32.dll
0x00007ff8de3e0000 - 0x00007ff8de402000 	C:\Windows\System32\win32u.dll
0x00007ff8d3810000 - 0x00007ff8d3aab000 	C:\Windows\WinSxS\amd64_microsoft.windows.common-controls_6595b64144ccf1df_6.0.19041.6456_none_60b8a6cb71f64256\COMCTL32.dll
0x00007ff8e0300000 - 0x00007ff8e032b000 	C:\Windows\System32\GDI32.dll
0x00007ff8df960000 - 0x00007ff8df9fe000 	C:\Windows\System32\msvcrt.dll
0x00007ff8debd0000 - 0x00007ff8dece9000 	C:\Windows\System32\gdi32full.dll
0x00007ff8de9a0000 - 0x00007ff8dea3d000 	C:\Windows\System32\msvcp_win.dll
0x00007ff8e0a90000 - 0x00007ff8e0abf000 	C:\Windows\System32\IMM32.DLL
0x00007ff8adda0000 - 0x00007ff8addac000 	C:\Program Files\Android\Android Studio\jbr\bin\vcruntime140_1.dll
0x00007ff8441b0000 - 0x00007ff84423d000 	C:\Program Files\Android\Android Studio\jbr\bin\msvcp140.dll
0x00007ff84aef0000 - 0x00007ff84bb86000 	C:\Program Files\Android\Android Studio\jbr\bin\server\jvm.dll
0x00007ff8e0ac0000 - 0x00007ff8e0b71000 	C:\Windows\System32\ADVAPI32.dll
0x00007ff8e0330000 - 0x00007ff8e03cf000 	C:\Windows\System32\sechost.dll
0x00007ff8df840000 - 0x00007ff8df960000 	C:\Windows\System32\RPCRT4.dll
0x00007ff8dea40000 - 0x00007ff8dea67000 	C:\Windows\System32\bcrypt.dll
0x00007ff8e0ca0000 - 0x00007ff8e0d0b000 	C:\Windows\System32\WS2_32.dll
0x00007ff8dde60000 - 0x00007ff8ddeab000 	C:\Windows\SYSTEM32\POWRPROF.dll
0x00007ff8d3f10000 - 0x00007ff8d3f37000 	C:\Windows\SYSTEM32\WINMM.dll
0x00007ff8d8a00000 - 0x00007ff8d8a0a000 	C:\Windows\SYSTEM32\VERSION.dll
0x00007ff8dde40000 - 0x00007ff8dde52000 	C:\Windows\SYSTEM32\UMPDC.dll
0x00007ff8dc270000 - 0x00007ff8dc282000 	C:\Windows\SYSTEM32\kernel.appcore.dll
0x00007ff8adbe0000 - 0x00007ff8adbea000 	C:\Program Files\Android\Android Studio\jbr\bin\jimage.dll
0x00007ff8d3d00000 - 0x00007ff8d3f01000 	C:\Windows\SYSTEM32\DBGHELP.DLL
0x00007ff8d45a0000 - 0x00007ff8d45d4000 	C:\Windows\SYSTEM32\dbgcore.DLL
0x00007ff8de460000 - 0x00007ff8de4e2000 	C:\Windows\System32\bcryptPrimitives.dll
0x00007ff877cb0000 - 0x00007ff877cd0000 	C:\Program Files\Android\Android Studio\jbr\bin\java.dll
0x00007ff876280000 - 0x00007ff876298000 	C:\Program Files\Android\Android Studio\jbr\bin\zip.dll
0x00007ff8ded70000 - 0x00007ff8df4e0000 	C:\Windows\System32\SHELL32.dll
0x00007ff8dc450000 - 0x00007ff8dcbf5000 	C:\Windows\SYSTEM32\windows.storage.dll
0x00007ff8e0580000 - 0x00007ff8e08d4000 	C:\Windows\System32\combase.dll
0x00007ff8ddda0000 - 0x00007ff8dddcb000 	C:\Windows\SYSTEM32\Wldp.dll
0x00007ff8df570000 - 0x00007ff8df63d000 	C:\Windows\System32\OLEAUT32.dll
0x00007ff8df770000 - 0x00007ff8df81d000 	C:\Windows\System32\SHCORE.dll
0x00007ff8dff50000 - 0x00007ff8dffab000 	C:\Windows\System32\shlwapi.dll
0x00007ff8de310000 - 0x00007ff8de334000 	C:\Windows\SYSTEM32\profapi.dll
0x00007ff8adb20000 - 0x00007ff8adb30000 	C:\Program Files\Android\Android Studio\jbr\bin\net.dll
0x00007ff8d9830000 - 0x00007ff8d993a000 	C:\Windows\SYSTEM32\WINHTTP.dll
0x00007ff8dda90000 - 0x00007ff8ddafa000 	C:\Windows\system32\mswsock.dll
0x00007ff875d20000 - 0x00007ff875d36000 	C:\Program Files\Android\Android Studio\jbr\bin\nio.dll
0x00007ff8a2c30000 - 0x00007ff8a2c39000 	C:\Program Files\Android\Android Studio\jbr\bin\management.dll
0x00007ff8a1980000 - 0x00007ff8a198b000 	C:\Program Files\Android\Android Studio\jbr\bin\management_ext.dll
0x00007ff8dfee0000 - 0x00007ff8dfee8000 	C:\Windows\System32\PSAPI.DLL
0x00007ff8d7080000 - 0x00007ff8d7090000 	C:\Program Files\Android\Android Studio\jbr\bin\verify.dll

JVMTI agents: none

dbghelp: loaded successfully - version: 4.0.5 - missing functions: none
symbol engine: initialized successfully - sym options: 0x614 - pdb path: .;C:\Program Files\Android\Android Studio\jbr\bin;C:\Windows\SYSTEM32;C:\Windows\WinSxS\amd64_microsoft.windows.common-controls_6595b64144ccf1df_6.0.19041.6456_none_60b8a6cb71f64256;C:\Program Files\Android\Android Studio\jbr\bin\server

VM Arguments:
java_command: org.jetbrains.kotlin.cli.jvm.K2JVMCompiler @C:\Users\Abhinandan\AppData\Local\Pub\Cache\hosted\pub.dev\firebase_storage-13.0.6\android\build\20260206_4536692321918626172.compiler.options
java_class_path (initial): C:\Users\Abhinandan\.gradle\caches\modules-2\files-2.1\org.jetbrains.kotlin\kotlin-compiler-embeddable\2.2.20\bb8331b7585e36ea311825b01a1c06860c055fd1\kotlin-compiler-embeddable-2.2.20.jar;C:\Users\Abhinandan\.gradle\caches\modules-2\files-2.1\org.jetbrains.kotlin\kotlin-stdlib\2.2.20\5380b19fa1924399b62ce3a1faffebb2b4f82272\kotlin-stdlib-2.2.20.jar;C:\Users\Abhinandan\.gradle\caches\modules-2\files-2.1\org.jetbrains.kotlin\kotlin-script-runtime\2.2.20\4c679cbeac0bb583b75c3a080013da8eaf240807\kotlin-script-runtime-2.2.20.jar;C:\Users\Abhinandan\.gradle\caches\modules-2\files-2.1\org.jetbrains.kotlin\kotlin-reflect\1.6.10\1cbe9c92c12a94eea200d23c2bbaedaf3daf5132\kotlin-reflect-1.6.10.jar;C:\Users\Abhinandan\.gradle\caches\modules-2\files-2.1\org.jetbrains.kotlin\kotlin-daemon-embeddable\2.2.20\feff12d48d7f1eb628742b0a721395e16f8755bf\kotlin-daemon-embeddable-2.2.20.jar;C:\Users\Abhinandan\.gradle\caches\modules-2\files-2.1\org.jetbrains.kotlinx\kotlinx-coroutines-core-jvm\1.8.0\ac1dc37a30a93150b704022f8d895ee1bd3a36b3\kotlinx-coroutines-core-jvm-1.8.0.jar;C:\Users\Abhinandan\.gradle\caches\modules-2\files-2.1\org.jetbrains\annotations\13.0\919f0dfe192fb4e063e7dacadee7f8bb9a2672a9\annotations-13.0.jar
Launcher Type: SUN_STANDARD

[Global flags]
     intx CICompilerCount                          = 4                                         {product} {ergonomic}
     uint ConcGCThreads                            = 3                                         {product} {ergonomic}
     uint G1ConcRefinementThreads                  = 10                                        {product} {ergonomic}
   size_t G1HeapRegionSize                         = 2097152                                   {product} {ergonomic}
    uintx GCDrainStackTargetSize                   = 64                                        {product} {ergonomic}
   size_t InitialHeapSize                          = 266338304                                 {product} {ergonomic}
   size_t MarkStackSize                            = 4194304                                   {product} {ergonomic}
   size_t MaxHeapSize                              = 4250927104                                {product} {ergonomic}
   size_t MaxNewSize                               = 2550136832                                {product} {ergonomic}
   size_t MinHeapDeltaBytes                        = 2097152                                   {product} {ergonomic}
   size_t MinHeapSize                              = 8388608                                   {product} {ergonomic}
    uintx NonNMethodCodeHeapSize                   = 5839372                                {pd product} {ergonomic}
    uintx NonProfiledCodeHeapSize                  = 122909434                              {pd product} {ergonomic}
    uintx ProfiledCodeHeapSize                     = 122909434                              {pd product} {ergonomic}
    uintx ReservedCodeCacheSize                    = 251658240                              {pd product} {ergonomic}
     bool SegmentedCodeCache                       = true                                      {product} {ergonomic}
   size_t SoftMaxHeapSize                          = 4250927104                             {manageable} {ergonomic}
     bool UseCompressedOops                        = true                           {product lp64_product} {ergonomic}
     bool UseG1GC                                  = true                                      {product} {ergonomic}
     bool UseLargePagesIndividualAllocation        = false                                  {pd product} {ergonomic}

Logging:
Log output configuration:
 #0: stdout all=warning uptime,level,tags foldmultilines=false
 #1: stderr all=off uptime,level,tags foldmultilines=false

Environment Variables:
JAVA_HOME=C:\Program Files\Android\Android Studio\jbr
CLASSPATH=D:\sam_jas_academy_V2\android\\gradle\wrapper\gradle-wrapper.jar
PATH=C:\Program Files\Android\Android Studio\jbr\bin;C:\flutter\flutter\bin\;C:\Python314\Scripts\;C:\Python314\;C:\Windows\system32;C:\Windows;C:\Windows\System32\Wbem;C:\Windows\System32\WindowsPowerShell\v1.0\;C:\Windows\System32\OpenSSH\;C:\Program Files (x86)\Microsoft SQL Server\100\Tools\Binn\;C:\Program Files\Microsoft SQL Server\100\Tools\Binn\;C:\Program Files\Microsoft SQL Server\100\DTS\Binn\;C:\Program Files\Microsoft SQL Server\Client SDK\ODBC\130\Tools\Binn\;C:\Program Files (x86)\Microsoft SQL Server\130\Tools\Binn\;C:\Program Files\Microsoft SQL Server\130\Tools\Binn\;C:\Program Files\Microsoft SQL Server\130\DTS\Binn\;C:\Program Files (x86)\Microsoft SQL Server\Client SDK\ODBC\130\Tools\Binn\;C:\Program Files (x86)\Microsoft SQL Server\140\Tools\Binn\;C:\Program Files (x86)\Microsoft SQL Server\140\DTS\Binn\;C:\Program Files (x86)\Microsoft SQL Server\140\Tools\Binn\ManagementStudio\;C:\Program Files\TortoiseSVN\bin;C:\Program Files\Microsoft SQL Server\150\Tools\Binn\;C:\Program Files\Microsoft SQL Server\Client SDK\ODBC\170\Tools\Binn\;C:\Program Files\dotnet\;C:\Program Files\Git\cmd;C:\Program Files\nodejs\;C:\ProgramData\chocolatey\bin;C:\Users\Abhinandan\AppData\Local\Microsoft\WindowsApps;C:\Users\Abhinandan\.dotnet\tools;C:\Users\Abhinandan\AppData\Local\Programs\Microsoft VS Code\bin;C:\Program Files\Git\cmd;C:\flutter\flutter\bin;C:\Users\Abhinandan\AppData\Local\Pub\Cache\bin;C:\Users\Abhinandan\AppData\Roaming\npm;C:\Users\Abhinandan\AppData\Local\Android\Sdk\platform-tools;C:\Program Files\Android\Android Studio\jbr;C:\Program Files\Android\Android Studio\jbr\bin;
USERNAME=Abhinandan
LANG=en_US.UTF-8
OS=Windows_NT
PROCESSOR_IDENTIFIER=Intel64 Family 6 Model 165 Stepping 5, GenuineIntel
TMP=C:\Users\ABHINA~1\AppData\Local\Temp
TEMP=C:\Users\ABHINA~1\AppData\Local\Temp




Periodic native trim disabled

JNI global refs:
JNI global refs: 8, weak refs: 2

JNI global refs memory usage: 835, weak refs: 833

Process memory usage:
Resident Set Size: 179680K (1% of 16602440K total physical memory with 429448K free physical memory)

OOME stack traces (most recent first):
Classloader memory used:
Loader jdk.internal.loader.ClassLoaders$AppClassLoader                                 : 35858K
Loader bootstrap                                                                       : 10816K

---------------  S Y S T E M  ---------------

OS:
 Windows 10 , 64 bit Build 19041 (10.0.19041.5915)
OS uptime: 0 days 6:15 hours

CPU: total 12 (initial active 12) (6 cores per cpu, 2 threads per core) family 6 model 165 stepping 5 microcode 0xec, cx8, cmov, fxsr, ht, mmx, 3dnowpref, sse, sse2, sse3, ssse3, sse4.1, sse4.2, popcnt, lzcnt, tsc, tscinvbit, avx, avx2, aes, erms, clmul, bmi1, bmi2, adx, fma, vzeroupper, clflush, clflushopt, rdtscp, f16c, pku
Processor Information for the first 12 processors :
  Max Mhz: 2904, Current Mhz: 2904, Mhz Limit: 2904

Memory: 4k page, system-wide physical 16213M (420M free)
TotalPageFile size 26304M (AvailPageFile size 27M)
current process WorkingSet (physical memory assigned to process): 175M, peak: 175M
current process commit charge ("private bytes"): 314M, peak: 364M

vm_info: OpenJDK 64-Bit Server VM (21.0.8+-14196175-b1038.72) for windows-amd64 JRE (21.0.8+-14196175-b1038.72), built on 2025-10-01T10:24:33Z by "builder" with MS VC++ 16.10 / 16.11 (VS2019)

END.
